#
# There is insufficient memory for the Java Runtime Environment to continue.
# Native memory allocation (malloc) failed to allocate 1023936 bytes for Chunk::new
# Possible reasons:
#   The system is out of physical RAM or swap space
#   In 32 bit mode, the process size limit was hit
# Possible solutions:
#   Reduce memory load on the system
#   Increase physical memory or swap space
#   Check if swap backing store is full
#   Use 64 bit Java on a 64 bit OS
#   Decrease Java heap size (-Xmx/-Xms)
#   Decrease number of Java threads
#   Decrease Java thread stack sizes (-Xss)
#   Set larger code cache with -XX:ReservedCodeCacheSize=
# This output file may be truncated or incomplete.
#
#  Out of Memory Error (allocation.cpp:390), pid=10084, tid=9024
#
# JRE version: Java(TM) SE Runtime Environment (8.0_20-b26) (build 1.8.0_20-b26)
# Java VM: Java HotSpot(TM) 64-Bit Server VM (25.20-b23 mixed mode windows-amd64 compressed oops)
# Failed to write core dump. Minidumps are not enabled by default on client versions of Windows
#

---------------  T H R E A D  ---------------

Current thread (0x00000000155cf800):  JavaThread "C2 CompilerThread1" daemon [_thread_in_native, id=9024, stack(0x0000000016c40000,0x0000000016d40000)]

Stack: [0x0000000016c40000,0x0000000016d40000]
Native frames: (J=compiled Java code, j=interpreted, Vv=VM code, C=native code)
V  [jvm.dll+0x3152fa]
V  [jvm.dll+0x265d03]
V  [jvm.dll+0x266943]
V  [jvm.dll+0x25e265]
V  [jvm.dll+0xbe255]
V  [jvm.dll+0xbe6fc]
V  [jvm.dll+0x45c472]
V  [jvm.dll+0x49d76f]
V  [jvm.dll+0x4512bf]
V  [jvm.dll+0x452634]
V  [jvm.dll+0x435fc2]
V  [jvm.dll+0x97b62]
V  [jvm.dll+0x98353]
V  [jvm.dll+0x22aac4]
V  [jvm.dll+0x283f5a]
C  [msvcr100.dll+0x21d9f]
C  [msvcr100.dll+0x21e3b]
C  [KERNEL32.DLL+0x12d92]
C  [ntdll.dll+0x9f64]


Current CompileTask:
C2:   4298 1179       4       com.android.dx.ssa.SsaBasicBlock::forEachInsn (37 bytes)


---------------  P R O C E S S  ---------------

Java Threads: ( => current thread )
  0x0000000016fc2000 JavaThread "pool-1-thread-4" [_thread_in_Java, id=5164, stack(0x0000000017840000,0x0000000017940000)]
  0x0000000016fc1000 JavaThread "pool-1-thread-3" [_thread_in_Java, id=160, stack(0x0000000017740000,0x0000000017840000)]
  0x0000000016fbf000 JavaThread "pool-1-thread-2" [_thread_in_Java, id=9336, stack(0x0000000017640000,0x0000000017740000)]
  0x0000000016f8d800 JavaThread "pool-2-thread-1" [_thread_blocked, id=6940, stack(0x0000000017540000,0x0000000017640000)]
  0x0000000016f85000 JavaThread "pool-1-thread-1" [_thread_blocked, id=9764, stack(0x0000000017440000,0x0000000017540000)]
  0x0000000016d49800 JavaThread "Service Thread" daemon [_thread_blocked, id=612, stack(0x0000000017240000,0x0000000017340000)]
  0x0000000016d48800 JavaThread "C1 CompilerThread2" daemon [_thread_blocked, id=8072, stack(0x0000000017140000,0x0000000017240000)]
=>0x00000000155cf800 JavaThread "C2 CompilerThread1" daemon [_thread_in_native, id=9024, stack(0x0000000016c40000,0x0000000016d40000)]
  0x00000000155cc000 JavaThread "C2 CompilerThread0" daemon [_thread_in_native, id=3716, stack(0x0000000016b40000,0x0000000016c40000)]
  0x00000000155cb000 JavaThread "Attach Listener" daemon [_thread_blocked, id=6160, stack(0x0000000016a40000,0x0000000016b40000)]
  0x00000000155c9800 JavaThread "Signal Dispatcher" daemon [_thread_blocked, id=4412, stack(0x0000000016940000,0x0000000016a40000)]
  0x0000000002eb0800 JavaThread "Finalizer" daemon [_thread_blocked, id=7760, stack(0x0000000016830000,0x0000000016930000)]
  0x0000000002ead000 JavaThread "Reference Handler" daemon [_thread_blocked, id=9188, stack(0x0000000016730000,0x0000000016830000)]
  0x0000000002edd800 JavaThread "main" [_thread_in_Java, id=2320, stack(0x0000000002c90000,0x0000000002d90000)]

Other Threads:
  0x0000000015595800 VMThread [stack: 0x0000000016630000,0x0000000016730000] [id=9428]
  0x0000000016d4c000 WatcherThread [stack: 0x0000000017340000,0x0000000017440000] [id=9768]

VM state:not at safepoint (normal execution)

VM Mutex/Monitor currently owned by a thread: None

Heap:
 PSYoungGen      total 38400K, used 19014K [0x00000000eab00000, 0x00000000ed580000, 0x0000000100000000)
  eden space 33280K, 41% used [0x00000000eab00000,0x00000000eb896428,0x00000000ecb80000)
  from space 5120K, 99% used [0x00000000ecb80000,0x00000000ed07b488,0x00000000ed080000)
  to   space 5120K, 0% used [0x00000000ed080000,0x00000000ed080000,0x00000000ed580000)
 ParOldGen       total 87552K, used 1907K [0x00000000c0000000, 0x00000000c5580000, 0x00000000eab00000)
  object space 87552K, 2% used [0x00000000c0000000,0x00000000c01dcc98,0x00000000c5580000)
 Metaspace       used 5914K, capacity 6960K, committed 7040K, reserved 1056768K
  class space    used 584K, capacity 616K, committed 640K, reserved 1048576K

Card table byte_map: [0x00000000122a0000,0x00000000124b0000] byte_map_base: 0x0000000011ca0000

Marking Bits: (ParMarkBitMap*) 0x000000006669b460
 Begin Bits: [0x0000000012a10000, 0x0000000013a10000)
 End Bits:   [0x0000000013a10000, 0x0000000014a10000)

Polling page: 0x0000000002da0000

CodeCache: size=245760Kb used=5104Kb max_used=5104Kb free=240656Kb
 bounds [0x0000000002ee0000, 0x00000000033e0000, 0x0000000011ee0000]
 total_blobs=1544 nmethods=1279 adapters=178
 compilation: disabled (not enough contiguous free space left)

Compilation events (10 events):
Event: 4.099 Thread 0x0000000016d48800 nmethod 1243 0x00000000033b7750 code [0x00000000033b78c0, 0x00000000033b7bd8]
Event: 4.099 Thread 0x0000000016d48800 1244       3       java.util.concurrent.locks.AbstractQueuedSynchronizer::compareAndSetState (13 bytes)
Event: 4.099 Thread 0x0000000016d48800 nmethod 1244 0x00000000033b7cd0 code [0x00000000033b7e20, 0x00000000033b7f90]
Event: 4.099 Thread 0x0000000016d48800 1245       3       java.util.concurrent.locks.AbstractOwnableSynchronizer::setExclusiveOwnerThread (6 bytes)
Event: 4.099 Thread 0x0000000016d48800 nmethod 1245 0x00000000033b8010 code [0x00000000033b8160, 0x00000000033b82d0]
Event: 4.100 Thread 0x0000000016d48800 1246       3       com.android.dx.cf.direct.DirectClassFile::getAccessFlags (9 bytes)
Event: 4.100 Thread 0x0000000016d48800 nmethod 1246 0x00000000033b8350 code [0x00000000033b84c0, 0x00000000033b8708]
Event: 4.100 Thread 0x0000000016d48800 1247       3       com.android.dx.ssa.SCCP::<init> (142 bytes)
Event: 4.155 Thread 0x00000000155cc000 nmethod 1158 0x00000000033bec90 code [0x00000000033bf160, 0x00000000033c2898]
Event: 4.155 Thread 0x00000000155cc000 1175       4       com.android.dx.ssa.NormalSsaInsn::accept (25 bytes)

GC Heap History (2 events):
Event: 4.102 GC heap before
{Heap before GC invocations=1 (full 0):
 PSYoungGen      total 38400K, used 33280K [0x00000000eab00000, 0x00000000ed580000, 0x0000000100000000)
  eden space 33280K, 100% used [0x00000000eab00000,0x00000000ecb80000,0x00000000ecb80000)
  from space 5120K, 0% used [0x00000000ed080000,0x00000000ed080000,0x00000000ed580000)
  to   space 5120K, 0% used [0x00000000ecb80000,0x00000000ecb80000,0x00000000ed080000)
 ParOldGen       total 87552K, used 0K [0x00000000c0000000, 0x00000000c5580000, 0x00000000eab00000)
  object space 87552K, 0% used [0x00000000c0000000,0x00000000c0000000,0x00000000c5580000)
 Metaspace       used 5873K, capacity 6960K, committed 7040K, reserved 1056768K
  class space    used 584K, capacity 616K, committed 640K, reserved 1048576K
Event: 4.147 GC heap after
Heap after GC invocations=1 (full 0):
 PSYoungGen      total 38400K, used 5101K [0x00000000eab00000, 0x00000000ed580000, 0x0000000100000000)
  eden space 33280K, 0% used [0x00000000eab00000,0x00000000eab00000,0x00000000ecb80000)
  from space 5120K, 99% used [0x00000000ecb80000,0x00000000ed07b488,0x00000000ed080000)
  to   space 5120K, 0% used [0x00000000ed080000,0x00000000ed080000,0x00000000ed580000)
 ParOldGen       total 87552K, used 1907K [0x00000000c0000000, 0x00000000c5580000, 0x00000000eab00000)
  object space 87552K, 2% used [0x00000000c0000000,0x00000000c01dcc98,0x00000000c5580000)
 Metaspace       used 5873K, capacity 6960K, committed 7040K, reserved 1056768K
  class space    used 584K, capacity 616K, committed 640K, reserved 1048576K
}

Deoptimization events (9 events):
Event: 3.410 Thread 0x0000000016fbf000 Uncommon trap: reason=unreached action=reinterpret pc=0x000000000320a4dc method=com.android.dx.rop.cst.Constant.compareTo(Lcom/android/dx/rop/cst/Constant;)I @ 12
Event: 3.590 Thread 0x0000000016fc1000 Uncommon trap: reason=class_check action=maybe_recompile pc=0x00000000031aa54c method=com.android.dx.ssa.NormalSsaInsn.accept(Lcom/android/dx/ssa/SsaInsn$Visitor;)V @ 9
Event: 3.590 Thread 0x0000000016fc1000 Uncommon trap: reason=class_check action=maybe_recompile pc=0x00000000031aa54c method=com.android.dx.ssa.NormalSsaInsn.accept(Lcom/android/dx/ssa/SsaInsn$Visitor;)V @ 9
Event: 3.591 Thread 0x0000000016fc1000 Uncommon trap: reason=class_check action=maybe_recompile pc=0x00000000031aa54c method=com.android.dx.ssa.NormalSsaInsn.accept(Lcom/android/dx/ssa/SsaInsn$Visitor;)V @ 9
Event: 3.591 Thread 0x0000000016fc1000 Uncommon trap: reason=class_check action=maybe_recompile pc=0x00000000031aa54c method=com.android.dx.ssa.NormalSsaInsn.accept(Lcom/android/dx/ssa/SsaInsn$Visitor;)V @ 9
Event: 3.594 Thread 0x0000000016fc1000 Uncommon trap: reason=class_check action=maybe_recompile pc=0x0000000003196a30 method=com.android.dx.ssa.NormalSsaInsn.accept(Lcom/android/dx/ssa/SsaInsn$Visitor;)V @ 9
Event: 3.610 Thread 0x0000000016fc1000 Uncommon trap: reason=unreached action=reinterpret pc=0x000000000326b7cc method=com.android.dx.rop.code.LocalItem.hashCode()I @ 25
Event: 3.610 Thread 0x0000000016fc1000 Uncommon trap: reason=unreached action=reinterpret pc=0x0000000003212688 method=com.android.dx.rop.code.LocalItem.hashCode()I @ 25
Event: 4.166 Thread 0x0000000016fc2000 Uncommon trap: reason=bimorphic action=maybe_recompile pc=0x00000000031658f0 method=java.util.HashMap.getNode(ILjava/lang/Object;)Ljava/util/HashMap$Node; @ 126

Internal exceptions (10 events):
Event: 2.936 Thread 0x0000000002edd800 Exception <a 'java/security/PrivilegedActionException'> (0x00000000eb537e38) thrown at [D:\re\workspace\8-2-build-windows-amd64-cygwin\jdk8u20\1074\hotspot\src\share\vm\prims\jvm.cpp, line 1275]
Event: 2.936 Thread 0x0000000002edd800 Exception <a 'java/security/PrivilegedActionException'> (0x00000000eb53dba8) thrown at [D:\re\workspace\8-2-build-windows-amd64-cygwin\jdk8u20\1074\hotspot\src\share\vm\prims\jvm.cpp, line 1275]
Event: 2.937 Thread 0x0000000002edd800 Exception <a 'java/security/PrivilegedActionException'> (0x00000000eb5436c0) thrown at [D:\re\workspace\8-2-build-windows-amd64-cygwin\jdk8u20\1074\hotspot\src\share\vm\prims\jvm.cpp, line 1275]
Event: 2.945 Thread 0x0000000002edd800 Exception <a 'java/security/PrivilegedActionException'> (0x00000000eb5545e0) thrown at [D:\re\workspace\8-2-build-windows-amd64-cygwin\jdk8u20\1074\hotspot\src\share\vm\prims\jvm.cpp, line 1275]
Event: 2.961 Thread 0x0000000016f85000 Exception <a 'java/security/PrivilegedActionException'> (0x00000000eb467d88) thrown at [D:\re\workspace\8-2-build-windows-amd64-cygwin\jdk8u20\1074\hotspot\src\share\vm\prims\jvm.cpp, line 1275]
Event: 3.153 Thread 0x0000000002edd800 Exception <a 'java/security/PrivilegedActionException'> (0x00000000eba49208) thrown at [D:\re\workspace\8-2-build-windows-amd64-cygwin\jdk8u20\1074\hotspot\src\share\vm\prims\jvm.cpp, line 1275]
Event: 3.540 Thread 0x0000000002edd800 Exception <a 'java/security/PrivilegedActionException'> (0x00000000ebe30360) thrown at [D:\re\workspace\8-2-build-windows-amd64-cygwin\jdk8u20\1074\hotspot\src\share\vm\prims\jvm.cpp, line 1275]
Event: 3.540 Thread 0x0000000002edd800 Exception <a 'java/security/PrivilegedActionException'> (0x00000000ebe32aa8) thrown at [D:\re\workspace\8-2-build-windows-amd64-cygwin\jdk8u20\1074\hotspot\src\share\vm\prims\jvm.cpp, line 1275]
Event: 3.546 Thread 0x0000000016fc1000 Exception <a 'java/security/PrivilegedActionException'> (0x00000000ebb69ff0) thrown at [D:\re\workspace\8-2-build-windows-amd64-cygwin\jdk8u20\1074\hotspot\src\share\vm\prims\jvm.cpp, line 1275]
Event: 3.600 Thread 0x0000000016fc1000 Exception <a 'java/security/PrivilegedActionException'> (0x00000000ec188008) thrown at [D:\re\workspace\8-2-build-windows-amd64-cygwin\jdk8u20\1074\hotspot\src\share\vm\prims\jvm.cpp, line 1275]

Events (10 events):
Event: 3.891 loading class java/util/TreeMap$EntryIterator done
Event: 3.891 Executing VM operation: Deoptimize
Event: 4.019 Executing VM operation: Deoptimize done
Event: 4.101 Executing VM operation: ParallelGCFailedAllocation
Event: 4.147 Executing VM operation: ParallelGCFailedAllocation done
Event: 4.157 loading class sun/misc/Cleaner
Event: 4.157 loading class sun/misc/Cleaner done
Event: 4.166 Thread 0x0000000016fc2000 Uncommon trap: trap_request=0xffffffc6 fr.pc=0x00000000031658f0
Event: 4.166 Thread 0x0000000016fc2000 DEOPT PACKING pc=0x00000000031658f0 sp=0x000000001793ead0
Event: 4.166 Thread 0x0000000016fc2000 DEOPT UNPACKING pc=0x0000000002f2556a sp=0x000000001793e9e8 mode 2


Dynamic libraries:
0x00007ff7e5e10000 - 0x00007ff7e5e44000 	C:\Program Files\Java\jdk1.8.0_20\bin\java.exe
0x00007ffa817f0000 - 0x00007ffa819b1000 	C:\Windows\SYSTEM32\ntdll.dll
0x00007ffa7eec0000 - 0x00007ffa7ef6d000 	C:\Windows\system32\KERNEL32.DLL
0x00007ffa7ec80000 - 0x00007ffa7ee5d000 	C:\Windows\system32\KERNELBASE.dll
0x00007ffa81100000 - 0x00007ffa811a6000 	C:\Windows\system32\ADVAPI32.dll
0x00007ffa804d0000 - 0x00007ffa8056d000 	C:\Windows\system32\msvcrt.dll
0x00007ffa80570000 - 0x00007ffa805cb000 	C:\Windows\system32\sechost.dll
0x00007ffa80b60000 - 0x00007ffa80c86000 	C:\Windows\system32\RPCRT4.dll
0x00007ffa81420000 - 0x00007ffa8156e000 	C:\Windows\system32\USER32.dll
0x00007ffa80c90000 - 0x00007ffa80e16000 	C:\Windows\system32\GDI32.dll
0x00007ffa760c0000 - 0x00007ffa76334000 	C:\Windows\WinSxS\amd64_microsoft.windows.common-controls_6595b64144ccf1df_6.0.10240.16384_none_f41f7b285750ef43\COMCTL32.dll
0x00007ffa81060000 - 0x00007ffa81096000 	C:\Windows\system32\IMM32.DLL
0x00007ffa80810000 - 0x00007ffa8096c000 	C:\Windows\system32\MSCTF.dll
0x0000000065a40000 - 0x0000000065b12000 	C:\Program Files\Java\jdk1.8.0_20\jre\bin\msvcr100.dll
0x0000000065ec0000 - 0x0000000066718000 	C:\Program Files\Java\jdk1.8.0_20\jre\bin\server\jvm.dll
0x00007ffa804c0000 - 0x00007ffa804c8000 	C:\Windows\system32\PSAPI.DLL
0x00007ffa7b6a0000 - 0x00007ffa7b6a9000 	C:\Windows\SYSTEM32\WSOCK32.dll
0x00007ffa78870000 - 0x00007ffa78893000 	C:\Windows\SYSTEM32\WINMM.dll
0x00007ffa80af0000 - 0x00007ffa80b59000 	C:\Windows\system32\WS2_32.dll
0x00007ffa80e20000 - 0x00007ffa80e28000 	C:\Windows\system32\NSI.dll
0x00007ffa78840000 - 0x00007ffa7886c000 	C:\Windows\SYSTEM32\WINMMBASE.dll
0x00007ffa7e9a0000 - 0x00007ffa7e9e4000 	C:\Windows\system32\cfgmgr32.dll
0x00007ffa7cb90000 - 0x00007ffa7cbb7000 	C:\Windows\SYSTEM32\DEVOBJ.dll
0x0000000065eb0000 - 0x0000000065ebf000 	C:\Program Files\Java\jdk1.8.0_20\jre\bin\verify.dll
0x0000000065e80000 - 0x0000000065ea8000 	C:\Program Files\Java\jdk1.8.0_20\jre\bin\java.dll
0x0000000065e60000 - 0x0000000065e76000 	C:\Program Files\Java\jdk1.8.0_20\jre\bin\zip.dll
0x00007ffa7ef90000 - 0x00007ffa804b5000 	C:\Windows\system32\SHELL32.dll
0x00007ffa7e2c0000 - 0x00007ffa7e8e9000 	C:\Windows\system32\windows.storage.dll
0x00007ffa81570000 - 0x00007ffa817ec000 	C:\Windows\system32\combase.dll
0x00007ffa810a0000 - 0x00007ffa810f1000 	C:\Windows\system32\shlwapi.dll
0x00007ffa7e270000 - 0x00007ffa7e27f000 	C:\Windows\system32\kernel.appcore.dll
0x00007ffa7e9f0000 - 0x00007ffa7eaa3000 	C:\Windows\system32\shcore.dll
0x00007ffa7e220000 - 0x00007ffa7e26a000 	C:\Windows\system32\powrprof.dll
0x00007ffa7e280000 - 0x00007ffa7e293000 	C:\Windows\system32\profapi.dll
0x00007ffa7b510000 - 0x00007ffa7b69a000 	C:\Windows\SYSTEM32\dbghelp.dll

VM Arguments:
jvm_args: -Xmx1024M -Dfile.encoding=windows-1252 -Duser.country=IN -Duser.language=en -Duser.variant 
java_command: com.android.dx.command.Main --dex --num-threads=4 --output C:\Users\AARTI\AndroidStudioProjects\AndNrbyRevamp\app\build\intermediates\pre-dexed\debug\classes-dc3ea70bb63c87b0abf41ef4aa2455075d0fdd09.jar C:\Users\AARTI\AndroidStudioProjects\AndNrbyRevamp\app\build\intermediates\exploded-aar\com.android.support\appcompat-v7\23.1.1\jars\classes.jar
java_class_path (initial): C:\Users\AARTI\AppData\Local\Android\sdk\build-tools\23.0.1\lib\dx.jar
Launcher Type: SUN_STANDARD

Environment Variables:
PATH=C:\ProgramData\Oracle\Java\javapath;C:\Program Files (x86)\Intel\iCLS Client\;C:\Program Files\Intel\iCLS Client\;C:\Windows\system32;C:\Windows;C:\Windows\System32\Wbem;C:\Windows\System32\WindowsPowerShell\v1.0\;C:\Program Files (x86)\Intel\Intel(R) Management Engine Components\DAL;C:\Program Files\Intel\Intel(R) Management Engine Components\DAL;C:\Program Files (x86)\Intel\Intel(R) Management Engine Components\IPT;C:\Program Files\Intel\Intel(R) Management Engine Components\IPT;c:\Program Files (x86)\ATI Technologies\ATI.ACE\Core-Static;C:\ProgramData\Oracle\Java\javapath;C:\Program Files (x86)\Intel\iCLS Client\;C:\Program Files\Intel\iCLS Client\;C:\Windows\system32;C:\Windows;C:\Windows\System32\Wbem;C:\Windows\System32\WindowsPowerShell\v1.0\;C:\Program Files (x86)\Intel\Intel(R) Management Engine Components\DAL;C:\Program Files\Intel\Intel(R) Management Engine Components\DAL;C:\Program Files (x86)\Intel\Intel(R) Management Engine Components\IPT;C:\Program Files\Intel\Intel(R) Management Engine Components\IPT;c:\Program Files (x86)\ATI Technologies\ATI.ACE\Core-Static
USERNAME=AARTI
OS=Windows_NT
PROCESSOR_IDENTIFIER=Intel64 Family 6 Model 61 Stepping 4, GenuineIntel



---------------  S Y S T E M  ---------------

OS: Windows 8.1 , 64 bit Build 9600 

CPU:total 4 (2 cores per cpu, 2 threads per core) family 6 model 61 stepping 4, cmov, cx8, fxsr, mmx, sse, sse2, sse3, ssse3, sse4.1, sse4.2, popcnt, avx, avx2, aes, clmul, erms, lzcnt, ht, tsc, tscinvbit, bmi1, bmi2

Memory: 4k page, physical 8301964k(2380128k free), swap 33467788k(4284k free)

vm_info: Java HotSpot(TM) 64-Bit Server VM (25.20-b23) for windows-amd64 JRE (1.8.0_20-b26), built on Jul 30 2014 13:51:23 by "java_re" with MS VC++ 10.0 (VS2010)

time: Sun Dec 27 20:54:26 2015
elapsed time: 4 seconds (0d 0h 0m 4s)

