#
# There is insufficient memory for the Java Runtime Environment to continue.
# Native memory allocation (malloc) failed to allocate 1415376 bytes for Chunk::new
# Possible reasons:
#   The system is out of physical RAM or swap space
#   In 32 bit mode, the process size limit was hit
# Possible solutions:
#   Reduce memory load on the system
#   Increase physical memory or swap space
#   Check if swap backing store is full
#   Use 64 bit Java on a 64 bit OS
#   Decrease Java heap size (-Xmx/-Xms)
#   Decrease number of Java threads
#   Decrease Java thread stack sizes (-Xss)
#   Set larger code cache with -XX:ReservedCodeCacheSize=
# This output file may be truncated or incomplete.
#
#  Out of Memory Error (allocation.cpp:390), pid=3780, tid=5652
#
# JRE version: Java(TM) SE Runtime Environment (8.0_20-b26) (build 1.8.0_20-b26)
# Java VM: Java HotSpot(TM) 64-Bit Server VM (25.20-b23 mixed mode windows-amd64 compressed oops)
# Failed to write core dump. Minidumps are not enabled by default on client versions of Windows
#

---------------  T H R E A D  ---------------

Current thread (0x0000000015250800):  JavaThread "C2 CompilerThread1" daemon [_thread_in_native, id=5652, stack(0x0000000016850000,0x0000000016950000)]

Stack: [0x0000000016850000,0x0000000016950000]
Native frames: (J=compiled Java code, j=interpreted, Vv=VM code, C=native code)
V  [jvm.dll+0x3152fa]


Current CompileTask:
C2:   2652 1147   !   4       com.android.dx.cf.code.BytecodeArray::parseInstruction (2764 bytes)


---------------  P R O C E S S  ---------------

Java Threads: ( => current thread )
  0x0000000016ec3000 JavaThread "pool-1-thread-4" [_thread_blocked, id=6156, stack(0x0000000017450000,0x0000000017550000)]
  0x0000000016ecc000 JavaThread "pool-1-thread-3" [_thread_in_Java, id=8440, stack(0x0000000017350000,0x0000000017450000)]
  0x0000000016eb2000 JavaThread "pool-1-thread-2" [_thread_in_Java, id=8552, stack(0x0000000017250000,0x0000000017350000)]
  0x0000000016eac000 JavaThread "pool-2-thread-1" [_thread_blocked, id=7764, stack(0x0000000017150000,0x0000000017250000)]
  0x0000000016ea9000 JavaThread "pool-1-thread-1" [_thread_in_Java, id=6384, stack(0x0000000017050000,0x0000000017150000)]
  0x000000001525a800 JavaThread "Service Thread" daemon [_thread_blocked, id=7792, stack(0x0000000016a50000,0x0000000016b50000)]
  0x0000000015253800 JavaThread "C1 CompilerThread2" daemon [_thread_in_vm, id=2388, stack(0x0000000016950000,0x0000000016a50000)]
=>0x0000000015250800 JavaThread "C2 CompilerThread1" daemon [_thread_in_native, id=5652, stack(0x0000000016850000,0x0000000016950000)]
  0x00000000151fc000 JavaThread "C2 CompilerThread0" daemon [_thread_in_native, id=10224, stack(0x0000000016750000,0x0000000016850000)]
  0x00000000151fb000 JavaThread "Attach Listener" daemon [_thread_blocked, id=10120, stack(0x0000000016650000,0x0000000016750000)]
  0x00000000151f9800 JavaThread "Signal Dispatcher" daemon [_thread_blocked, id=4960, stack(0x0000000016550000,0x0000000016650000)]
  0x0000000002b20800 JavaThread "Finalizer" daemon [_thread_blocked, id=7708, stack(0x0000000016450000,0x0000000016550000)]
  0x0000000002b1d000 JavaThread "Reference Handler" daemon [_thread_blocked, id=4036, stack(0x0000000016350000,0x0000000016450000)]
  0x000000000286d800 JavaThread "main" [_thread_in_vm, id=5048, stack(0x0000000002930000,0x0000000002a30000)]

Other Threads:
  0x00000000151c5800 VMThread [stack: 0x0000000016250000,0x0000000016350000] [id=2332]
  0x000000001525d800 WatcherThread [stack: 0x0000000016b50000,0x0000000016c50000] [id=3140]

VM state:not at safepoint (normal execution)

VM Mutex/Monitor currently owned by a thread: None

Heap:
 PSYoungGen      total 38400K, used 30674K [0x00000000eab00000, 0x00000000ed580000, 0x0000000100000000)
  eden space 33280K, 92% used [0x00000000eab00000,0x00000000ec8f48a8,0x00000000ecb80000)
  from space 5120K, 0% used [0x00000000ed080000,0x00000000ed080000,0x00000000ed580000)
  to   space 5120K, 0% used [0x00000000ecb80000,0x00000000ecb80000,0x00000000ed080000)
 ParOldGen       total 87552K, used 0K [0x00000000c0000000, 0x00000000c5580000, 0x00000000eab00000)
  object space 87552K, 0% used [0x00000000c0000000,0x00000000c0000000,0x00000000c5580000)
 Metaspace       used 5796K, capacity 6896K, committed 7040K, reserved 1056768K
  class space    used 583K, capacity 616K, committed 640K, reserved 1048576K

Card table byte_map: [0x0000000011ef0000,0x0000000012100000] byte_map_base: 0x00000000118f0000

Marking Bits: (ParMarkBitMap*) 0x000000006669b460
 Begin Bits: [0x0000000012660000, 0x0000000013660000)
 End Bits:   [0x0000000013660000, 0x0000000014660000)

Polling page: 0x00000000027f0000

CodeCache: size=245760Kb used=4695Kb max_used=4695Kb free=241064Kb
 bounds [0x0000000002b30000, 0x0000000002fd0000, 0x0000000011b30000]
 total_blobs=1472 nmethods=1208 adapters=178
 compilation: enabled

Compilation events (10 events):
Event: 2.635 Thread 0x0000000015253800 1209  s    3       com.android.dx.dex.file.FieldIdsSection::intern (55 bytes)
Event: 2.636 Thread 0x0000000015253800 nmethod 1209 0x0000000002fbfc10 code [0x0000000002fbfe20, 0x0000000002fc0b08]
Event: 2.636 Thread 0x0000000015253800 1210       3       com.android.dx.rop.type.Prototype::makeParameterArray (131 bytes)
Event: 2.637 Thread 0x0000000015253800 nmethod 1210 0x0000000002fc1190 code [0x0000000002fc13a0, 0x0000000002fc1f18]
Event: 2.637 Thread 0x0000000015253800 1211       3       com.android.dx.rop.type.Type::internClassName (56 bytes)
Event: 2.639 Thread 0x0000000015253800 nmethod 1211 0x0000000002fc2410 code [0x0000000002fc2660, 0x0000000002fc3538]
Event: 2.639 Thread 0x0000000015253800 1212       1       com.android.dx.rop.cst.CstMemberRef::isCategory2 (2 bytes)
Event: 2.639 Thread 0x0000000015253800 nmethod 1212 0x0000000002fc3c10 code [0x0000000002fc3d60, 0x0000000002fc3e70]
Event: 2.640 Thread 0x0000000015253800 1213   !   3       com.android.dx.cf.direct.AttributeListParser::parse (323 bytes)
Event: 2.644 Thread 0x0000000015253800 nmethod 1213 0x0000000002fc3ed0 code [0x0000000002fc4400, 0x0000000002fc7a68]

GC Heap History (0 events):
No events

Deoptimization events (10 events):
Event: 1.810 Thread 0x0000000016ea9000 Uncommon trap: reason=class_check action=maybe_recompile pc=0x0000000002d79630 method=com.android.dx.ssa.NormalSsaInsn.accept(Lcom/android/dx/ssa/SsaInsn$Visitor;)V @ 9
Event: 2.195 Thread 0x0000000016eb2000 Uncommon trap: reason=class_check action=maybe_recompile pc=0x0000000002ddf4d4 method=com.android.dx.rop.type.Type.equals(Ljava/lang/Object;)Z @ 8
Event: 2.195 Thread 0x0000000016eb2000 Uncommon trap: reason=class_check action=maybe_recompile pc=0x0000000002e9f7bc method=com.android.dx.rop.type.Type.equals(Ljava/lang/Object;)Z @ 8
Event: 2.195 Thread 0x0000000016eb2000 Uncommon trap: reason=class_check action=maybe_recompile pc=0x0000000002e9f7bc method=com.android.dx.rop.type.Type.equals(Ljava/lang/Object;)Z @ 8
Event: 2.195 Thread 0x0000000016eb2000 Uncommon trap: reason=class_check action=maybe_recompile pc=0x0000000002e9f7bc method=com.android.dx.rop.type.Type.equals(Ljava/lang/Object;)Z @ 8
Event: 2.195 Thread 0x0000000016eb2000 Uncommon trap: reason=class_check action=maybe_recompile pc=0x0000000002ddf4d4 method=com.android.dx.rop.type.Type.equals(Ljava/lang/Object;)Z @ 8
Event: 2.195 Thread 0x0000000016eb2000 Uncommon trap: reason=class_check action=maybe_recompile pc=0x0000000002deb6cc method=com.android.dx.rop.type.Type.equals(Ljava/lang/Object;)Z @ 8
Event: 2.198 Thread 0x0000000016eb2000 Uncommon trap: reason=class_check action=maybe_recompile pc=0x0000000002def3a4 method=com.android.dx.rop.type.Type.equals(Ljava/lang/Object;)Z @ 8
Event: 2.202 Thread 0x0000000016eb2000 Uncommon trap: reason=null_check action=make_not_entrant pc=0x0000000002e32a58 method=com.android.dx.ssa.SsaRenamer.getLocalForNewReg(I)Lcom/android/dx/rop/code/LocalItem; @ 19
Event: 2.573 Thread 0x0000000016ea9000 Uncommon trap: reason=null_check action=make_not_entrant pc=0x0000000002f12364 method=com.android.dx.rop.type.Type.equals(Ljava/lang/Object;)Z @ 8

Internal exceptions (10 events):
Event: 1.648 Thread 0x0000000016ecc000 Exception <a 'java/security/PrivilegedActionException'> (0x00000000eb2737e8) thrown at [D:\re\workspace\8-2-build-windows-amd64-cygwin\jdk8u20\1074\hotspot\src\share\vm\prims\jvm.cpp, line 1275]
Event: 1.656 Thread 0x0000000016ec3000 Exception <a 'java/security/PrivilegedActionException'> (0x00000000eb63ee78) thrown at [D:\re\workspace\8-2-build-windows-amd64-cygwin\jdk8u20\1074\hotspot\src\share\vm\prims\jvm.cpp, line 1275]
Event: 2.194 Thread 0x0000000016eb2000 Exception <a 'java/security/PrivilegedActionException'> (0x00000000eb87c420) thrown at [D:\re\workspace\8-2-build-windows-amd64-cygwin\jdk8u20\1074\hotspot\src\share\vm\prims\jvm.cpp, line 1275]
Event: 2.202 Thread 0x0000000016eb2000 Implicit null exception at 0x0000000002e3063d to 0x0000000002e32a31
Event: 2.470 Thread 0x000000000286d800 Exception <a 'java/security/PrivilegedActionException'> (0x00000000ec22d158) thrown at [D:\re\workspace\8-2-build-windows-amd64-cygwin\jdk8u20\1074\hotspot\src\share\vm\prims\jvm.cpp, line 1275]
Event: 2.573 Thread 0x0000000016ea9000 Implicit null exception at 0x0000000002f12262 to 0x0000000002f12355
Event: 2.596 Thread 0x000000000286d800 Exception <a 'java/security/PrivilegedActionException'> (0x00000000ec22faa0) thrown at [D:\re\workspace\8-2-build-windows-amd64-cygwin\jdk8u20\1074\hotspot\src\share\vm\prims\jvm.cpp, line 1275]
Event: 2.605 Thread 0x0000000016eb2000 Exception <a 'java/security/PrivilegedActionException'> (0x00000000ec6c6d08) thrown at [D:\re\workspace\8-2-build-windows-amd64-cygwin\jdk8u20\1074\hotspot\src\share\vm\prims\jvm.cpp, line 1275]
Event: 2.606 Thread 0x0000000016eb2000 Exception <a 'java/security/PrivilegedActionException'> (0x00000000ec6cc758) thrown at [D:\re\workspace\8-2-build-windows-amd64-cygwin\jdk8u20\1074\hotspot\src\share\vm\prims\jvm.cpp, line 1275]
Event: 2.607 Thread 0x0000000016eb2000 Exception <a 'java/security/PrivilegedActionException'> (0x00000000ec6d1f58) thrown at [D:\re\workspace\8-2-build-windows-amd64-cygwin\jdk8u20\1074\hotspot\src\share\vm\prims\jvm.cpp, line 1275]

Events (10 events):
Event: 2.573 Thread 0x0000000016ea9000 DEOPT PACKING pc=0x0000000002f12364 sp=0x000000001714ea30
Event: 2.573 Thread 0x0000000016ea9000 DEOPT UNPACKING pc=0x0000000002b7556a sp=0x000000001714e9b8 mode 2
Event: 2.596 loading class com/android/dx/cf/attrib/BaseParameterAnnotations
Event: 2.596 loading class com/android/dx/cf/attrib/BaseParameterAnnotations done
Event: 2.605 loading class com/android/dx/dex/file/ParameterAnnotationStruct
Event: 2.605 loading class com/android/dx/dex/file/ParameterAnnotationStruct done
Event: 2.606 loading class com/android/dx/dex/file/UniformListItem
Event: 2.606 loading class com/android/dx/dex/file/UniformListItem done
Event: 2.607 loading class com/android/dx/dex/file/AnnotationSetRefItem
Event: 2.607 loading class com/android/dx/dex/file/AnnotationSetRefItem done


Dynamic libraries:
0x00007ff7e5e10000 - 0x00007ff7e5e44000 	C:\Program Files\Java\jdk1.8.0_20\bin\java.exe
0x00007ffa817f0000 - 0x00007ffa819b1000 	C:\Windows\SYSTEM32\ntdll.dll
0x00007ffa7eec0000 - 0x00007ffa7ef6d000 	C:\Windows\system32\KERNEL32.DLL
0x00007ffa7ec80000 - 0x00007ffa7ee5d000 	C:\Windows\system32\KERNELBASE.dll
0x00007ffa81100000 - 0x00007ffa811a6000 	C:\Windows\system32\ADVAPI32.dll
0x00007ffa804d0000 - 0x00007ffa8056d000 	C:\Windows\system32\msvcrt.dll
0x00007ffa80570000 - 0x00007ffa805cb000 	C:\Windows\system32\sechost.dll
0x00007ffa80b60000 - 0x00007ffa80c86000 	C:\Windows\system32\RPCRT4.dll
0x00007ffa81420000 - 0x00007ffa8156e000 	C:\Windows\system32\USER32.dll
0x00007ffa80c90000 - 0x00007ffa80e16000 	C:\Windows\system32\GDI32.dll
0x00007ffa760c0000 - 0x00007ffa76334000 	C:\Windows\WinSxS\amd64_microsoft.windows.common-controls_6595b64144ccf1df_6.0.10240.16384_none_f41f7b285750ef43\COMCTL32.dll
0x00007ffa81060000 - 0x00007ffa81096000 	C:\Windows\system32\IMM32.DLL
0x00007ffa80810000 - 0x00007ffa8096c000 	C:\Windows\system32\MSCTF.dll
0x0000000065a40000 - 0x0000000065b12000 	C:\Program Files\Java\jdk1.8.0_20\jre\bin\msvcr100.dll
0x0000000065ec0000 - 0x0000000066718000 	C:\Program Files\Java\jdk1.8.0_20\jre\bin\server\jvm.dll
0x00007ffa804c0000 - 0x00007ffa804c8000 	C:\Windows\system32\PSAPI.DLL
0x00007ffa7b6a0000 - 0x00007ffa7b6a9000 	C:\Windows\SYSTEM32\WSOCK32.dll
0x00007ffa80af0000 - 0x00007ffa80b59000 	C:\Windows\system32\WS2_32.dll
0x00007ffa80e20000 - 0x00007ffa80e28000 	C:\Windows\system32\NSI.dll
0x00007ffa78870000 - 0x00007ffa78893000 	C:\Windows\SYSTEM32\WINMM.dll
0x00007ffa78840000 - 0x00007ffa7886c000 	C:\Windows\SYSTEM32\WINMMBASE.dll
0x00007ffa7e9a0000 - 0x00007ffa7e9e4000 	C:\Windows\system32\cfgmgr32.dll
0x00007ffa7cb90000 - 0x00007ffa7cbb7000 	C:\Windows\SYSTEM32\DEVOBJ.dll
0x0000000065eb0000 - 0x0000000065ebf000 	C:\Program Files\Java\jdk1.8.0_20\jre\bin\verify.dll
0x0000000065e80000 - 0x0000000065ea8000 	C:\Program Files\Java\jdk1.8.0_20\jre\bin\java.dll
0x0000000065e60000 - 0x0000000065e76000 	C:\Program Files\Java\jdk1.8.0_20\jre\bin\zip.dll
0x00007ffa7ef90000 - 0x00007ffa804b5000 	C:\Windows\system32\SHELL32.dll
0x00007ffa7e2c0000 - 0x00007ffa7e8e9000 	C:\Windows\system32\windows.storage.dll
0x00007ffa81570000 - 0x00007ffa817ec000 	C:\Windows\system32\combase.dll
0x00007ffa810a0000 - 0x00007ffa810f1000 	C:\Windows\system32\shlwapi.dll
0x00007ffa7e270000 - 0x00007ffa7e27f000 	C:\Windows\system32\kernel.appcore.dll
0x00007ffa7e9f0000 - 0x00007ffa7eaa3000 	C:\Windows\system32\shcore.dll
0x00007ffa7e220000 - 0x00007ffa7e26a000 	C:\Windows\system32\powrprof.dll
0x00007ffa7e280000 - 0x00007ffa7e293000 	C:\Windows\system32\profapi.dll
0x00007ffa7b510000 - 0x00007ffa7b69a000 	C:\Windows\SYSTEM32\dbghelp.dll

VM Arguments:
jvm_args: -Xmx1024M -Dfile.encoding=windows-1252 -Duser.country=IN -Duser.language=en -Duser.variant 
java_command: com.android.dx.command.Main --dex --num-threads=4 --output C:\Users\AARTI\AndroidStudioProjects\AndNrbyRevamp\app\build\intermediates\pre-dexed\debug\classes-11635260581939399a7c47d52dd9d13061c3556f.jar C:\Users\AARTI\AndroidStudioProjects\AndNrbyRevamp\app\build\intermediates\exploded-aar\com.android.support\recyclerview-v7\23.1.1\jars\classes.jar
java_class_path (initial): C:\Users\AARTI\AppData\Local\Android\sdk\build-tools\23.0.1\lib\dx.jar
Launcher Type: SUN_STANDARD

Environment Variables:
PATH=C:\ProgramData\Oracle\Java\javapath;C:\Program Files (x86)\Intel\iCLS Client\;C:\Program Files\Intel\iCLS Client\;C:\Windows\system32;C:\Windows;C:\Windows\System32\Wbem;C:\Windows\System32\WindowsPowerShell\v1.0\;C:\Program Files (x86)\Intel\Intel(R) Management Engine Components\DAL;C:\Program Files\Intel\Intel(R) Management Engine Components\DAL;C:\Program Files (x86)\Intel\Intel(R) Management Engine Components\IPT;C:\Program Files\Intel\Intel(R) Management Engine Components\IPT;c:\Program Files (x86)\ATI Technologies\ATI.ACE\Core-Static;C:\ProgramData\Oracle\Java\javapath;C:\Program Files (x86)\Intel\iCLS Client\;C:\Program Files\Intel\iCLS Client\;C:\Windows\system32;C:\Windows;C:\Windows\System32\Wbem;C:\Windows\System32\WindowsPowerShell\v1.0\;C:\Program Files (x86)\Intel\Intel(R) Management Engine Components\DAL;C:\Program Files\Intel\Intel(R) Management Engine Components\DAL;C:\Program Files (x86)\Intel\Intel(R) Management Engine Components\IPT;C:\Program Files\Intel\Intel(R) Management Engine Components\IPT;c:\Program Files (x86)\ATI Technologies\ATI.ACE\Core-Static
USERNAME=AARTI
OS=Windows_NT
PROCESSOR_IDENTIFIER=Intel64 Family 6 Model 61 Stepping 4, GenuineIntel



---------------  S Y S T E M  ---------------

OS: Windows 8.1 , 64 bit Build 9600 

CPU:total 4 (2 cores per cpu, 2 threads per core) family 6 model 61 stepping 4, cmov, cx8, fxsr, mmx, sse, sse2, sse3, ssse3, sse4.1, sse4.2, popcnt, avx, avx2, aes, clmul, erms, lzcnt, ht, tsc, tscinvbit, bmi1, bmi2

Memory: 4k page, physical 8301964k(2486844k free), swap 33467788k(4876k free)

vm_info: Java HotSpot(TM) 64-Bit Server VM (25.20-b23) for windows-amd64 JRE (1.8.0_20-b26), built on Jul 30 2014 13:51:23 by "java_re" with MS VC++ 10.0 (VS2010)

time: Sun Dec 27 21:02:54 2015
elapsed time: 2 seconds (0d 0h 0m 2s)

