#
# There is insufficient memory for the Java Runtime Environment to continue.
# Native memory allocation (malloc) failed to allocate 476336 bytes for Chunk::new
# Possible reasons:
#   The system is out of physical RAM or swap space
#   In 32 bit mode, the process size limit was hit
# Possible solutions:
#   Reduce memory load on the system
#   Increase physical memory or swap space
#   Check if swap backing store is full
#   Use 64 bit Java on a 64 bit OS
#   Decrease Java heap size (-Xmx/-Xms)
#   Decrease number of Java threads
#   Decrease Java thread stack sizes (-Xss)
#   Set larger code cache with -XX:ReservedCodeCacheSize=
# This output file may be truncated or incomplete.
#
#  Out of Memory Error (allocation.cpp:390), pid=3472, tid=9960
#
# JRE version: Java(TM) SE Runtime Environment (8.0_20-b26) (build 1.8.0_20-b26)
# Java VM: Java HotSpot(TM) 64-Bit Server VM (25.20-b23 mixed mode windows-amd64 compressed oops)
# Failed to write core dump. Minidumps are not enabled by default on client versions of Windows
#

---------------  T H R E A D  ---------------

Current thread (0x000000001534c000):  JavaThread "C2 CompilerThread0" daemon [_thread_in_native, id=9960, stack(0x00000000168a0000,0x00000000169a0000)]

Stack: [0x00000000168a0000,0x00000000169a0000]
Native frames: (J=compiled Java code, j=interpreted, Vv=VM code, C=native code)
V  [jvm.dll+0x3152fa]
V  [jvm.dll+0x265d03]
V  [jvm.dll+0x266943]
V  [jvm.dll+0x25e265]
V  [jvm.dll+0xbe255]
V  [jvm.dll+0xbe6fc]
V  [jvm.dll+0x477e2c]
V  [jvm.dll+0x444e64]
V  [jvm.dll+0x4500de]
V  [jvm.dll+0x4526c8]
V  [jvm.dll+0x435fc2]
V  [jvm.dll+0x97b62]
V  [jvm.dll+0x98353]
V  [jvm.dll+0x22aac4]
V  [jvm.dll+0x283f5a]
C  [msvcr100.dll+0x21d9f]
C  [msvcr100.dll+0x21e3b]
C  [KERNEL32.DLL+0x12d92]
C  [ntdll.dll+0x9f64]


Current CompileTask:
C2:   5256 1530       4       com.android.dx.ssa.SsaRenamer$BlockRenamer::process (191 bytes)


---------------  P R O C E S S  ---------------

Java Threads: ( => current thread )
  0x0000000016fec000 JavaThread "pool-1-thread-4" [_thread_blocked, id=6528, stack(0x0000000017da0000,0x0000000017ea0000)]
  0x0000000017100000 JavaThread "pool-1-thread-3" [_thread_blocked, id=7268, stack(0x0000000017ca0000,0x0000000017da0000)]
  0x0000000017164000 JavaThread "pool-1-thread-2" [_thread_blocked, id=804, stack(0x0000000017ba0000,0x0000000017ca0000)]
  0x0000000016fd4000 JavaThread "pool-2-thread-1" [_thread_blocked, id=7972, stack(0x0000000017aa0000,0x0000000017ba0000)]
  0x0000000016fd3800 JavaThread "pool-1-thread-1" [_thread_blocked, id=6480, stack(0x00000000179a0000,0x0000000017aa0000)]
  0x00000000153aa800 JavaThread "Service Thread" daemon [_thread_blocked, id=760, stack(0x0000000016ba0000,0x0000000016ca0000)]
  0x00000000153a3800 JavaThread "C1 CompilerThread2" daemon [_thread_blocked, id=3492, stack(0x0000000016aa0000,0x0000000016ba0000)]
  0x00000000153a0800 JavaThread "C2 CompilerThread1" daemon [_thread_blocked, id=7576, stack(0x00000000169a0000,0x0000000016aa0000)]
=>0x000000001534c000 JavaThread "C2 CompilerThread0" daemon [_thread_in_native, id=9960, stack(0x00000000168a0000,0x00000000169a0000)]
  0x000000001534a800 JavaThread "Attach Listener" daemon [_thread_blocked, id=4428, stack(0x00000000167a0000,0x00000000168a0000)]
  0x0000000015349800 JavaThread "Signal Dispatcher" daemon [_thread_blocked, id=5244, stack(0x00000000166a0000,0x00000000167a0000)]
  0x0000000002c70800 JavaThread "Finalizer" daemon [_thread_blocked, id=5636, stack(0x00000000165a0000,0x00000000166a0000)]
  0x0000000002c6d000 JavaThread "Reference Handler" daemon [_thread_blocked, id=3800, stack(0x00000000164a0000,0x00000000165a0000)]
  0x0000000002a7d800 JavaThread "main" [_thread_blocked, id=7420, stack(0x0000000002910000,0x0000000002a10000)]

Other Threads:
  0x0000000015315800 VMThread [stack: 0x00000000163a0000,0x00000000164a0000] [id=8756]
  0x00000000153ad800 WatcherThread [stack: 0x0000000016ca0000,0x0000000016da0000] [id=2468]

VM state:at safepoint (normal execution)

VM Mutex/Monitor currently owned by a thread:  ([mutex/lock_event])
[0x0000000002a7c2e0] Threads_lock - owner thread: 0x0000000015315800
[0x0000000002a7cbe0] Heap_lock - owner thread: 0x0000000016fd3800

Heap:
 PSYoungGen      total 38400K, used 38375K [0x00000000eab00000, 0x00000000ed580000, 0x0000000100000000)
  eden space 33280K, 100% used [0x00000000eab00000,0x00000000ecb80000,0x00000000ecb80000)
  from space 5120K, 99% used [0x00000000ecb80000,0x00000000ed079c88,0x00000000ed080000)
  to   space 5120K, 99% used [0x00000000ed080000,0x00000000ed57eac8,0x00000000ed580000)
 ParOldGen       total 87552K, used 5917K [0x00000000c0000000, 0x00000000c5580000, 0x00000000eab00000)
  object space 87552K, 6% used [0x00000000c0000000,0x00000000c05c74b8,0x00000000c5580000)
 Metaspace       used 6078K, capacity 7088K, committed 7296K, reserved 1056768K
  class space    used 584K, capacity 616K, committed 640K, reserved 1048576K

Card table byte_map: [0x0000000012040000,0x0000000012250000] byte_map_base: 0x0000000011a40000

Marking Bits: (ParMarkBitMap*) 0x000000006669b460
 Begin Bits: [0x00000000127b0000, 0x00000000137b0000)
 End Bits:   [0x00000000137b0000, 0x00000000147b0000)

Polling page: 0x0000000002a10000

CodeCache: size=245760Kb used=6594Kb max_used=6594Kb free=239165Kb
 bounds [0x0000000002c80000, 0x0000000003300000, 0x0000000011c80000]
 total_blobs=1877 nmethods=1612 adapters=178
 compilation: enabled

Compilation events (10 events):
Event: 5.031 Thread 0x00000000153a3800 1642       2       com.android.dx.dex.code.RopTranslator$TranslationVisitor::visitThrowingInsn (118 bytes)
Event: 5.033 Thread 0x00000000153a3800 nmethod 1642 0x00000000032dc410 code [0x00000000032dc640, 0x00000000032dcd48]
Event: 5.033 Thread 0x00000000153a3800 1643       2       java.util.concurrent.locks.AbstractQueuedSynchronizer::acquire (27 bytes)
Event: 5.034 Thread 0x00000000153a3800 nmethod 1643 0x00000000032dd5d0 code [0x00000000032dd760, 0x00000000032dd978]
Event: 5.087 Thread 0x00000000153a0800 nmethod 1598 0x00000000032e3bd0 code [0x00000000032e3f80, 0x00000000032e72a0]
Event: 5.089 Thread 0x00000000153a0800 1639       4       com.android.dx.cf.code.Ropper::getAvailableLabel (54 bytes)
Event: 5.100 Thread 0x00000000153a0800 nmethod 1639 0x00000000032e0310 code [0x00000000032e0480, 0x00000000032e0858]
Event: 5.100 Thread 0x00000000153a0800 1601       4       com.android.dx.ssa.SsaRenamer$BlockRenamer::updateSuccessorPhis (64 bytes)
Event: 5.134 Thread 0x00000000153a0800 nmethod 1601 0x00000000032ecf50 code [0x00000000032ed100, 0x00000000032edc28]
Event: 5.134 Thread 0x00000000153a0800 1599       4       com.android.dx.ssa.Dominators::compress (229 bytes)

GC Heap History (2 events):
Event: 3.112 GC heap before
{Heap before GC invocations=1 (full 0):
 PSYoungGen      total 38400K, used 33280K [0x00000000eab00000, 0x00000000ed580000, 0x0000000100000000)
  eden space 33280K, 100% used [0x00000000eab00000,0x00000000ecb80000,0x00000000ecb80000)
  from space 5120K, 0% used [0x00000000ed080000,0x00000000ed080000,0x00000000ed580000)
  to   space 5120K, 0% used [0x00000000ecb80000,0x00000000ecb80000,0x00000000ed080000)
 ParOldGen       total 87552K, used 0K [0x00000000c0000000, 0x00000000c5580000, 0x00000000eab00000)
  object space 87552K, 0% used [0x00000000c0000000,0x00000000c0000000,0x00000000c5580000)
 Metaspace       used 5862K, capacity 6960K, committed 7040K, reserved 1056768K
  class space    used 581K, capacity 616K, committed 640K, reserved 1048576K
Event: 3.144 GC heap after
Heap after GC invocations=1 (full 0):
 PSYoungGen      total 38400K, used 5095K [0x00000000eab00000, 0x00000000ed580000, 0x0000000100000000)
  eden space 33280K, 0% used [0x00000000eab00000,0x00000000eab00000,0x00000000ecb80000)
  from space 5120K, 99% used [0x00000000ecb80000,0x00000000ed079c88,0x00000000ed080000)
  to   space 5120K, 0% used [0x00000000ed080000,0x00000000ed080000,0x00000000ed580000)
 ParOldGen       total 87552K, used 1589K [0x00000000c0000000, 0x00000000c5580000, 0x00000000eab00000)
  object space 87552K, 1% used [0x00000000c0000000,0x00000000c018d4b8,0x00000000c5580000)
 Metaspace       used 5862K, capacity 6960K, committed 7040K, reserved 1056768K
  class space    used 581K, capacity 616K, committed 640K, reserved 1048576K
}

Deoptimization events (10 events):
Event: 2.353 Thread 0x0000000016fd3800 Uncommon trap: reason=class_check action=maybe_recompile pc=0x0000000002fb260c method=com.android.dx.rop.type.Type.equals(Ljava/lang/Object;)Z @ 8
Event: 2.353 Thread 0x0000000016fd3800 Uncommon trap: reason=class_check action=maybe_recompile pc=0x0000000002fa5198 method=com.android.dx.rop.type.Type.equals(Ljava/lang/Object;)Z @ 8
Event: 2.353 Thread 0x0000000016fd3800 Uncommon trap: reason=class_check action=maybe_recompile pc=0x0000000002fb260c method=com.android.dx.rop.type.Type.equals(Ljava/lang/Object;)Z @ 8
Event: 2.759 Thread 0x0000000016fd3800 Uncommon trap: reason=unreached action=reinterpret pc=0x0000000002f8b2dc method=com.android.dx.rop.cst.Constant.compareTo(Lcom/android/dx/rop/cst/Constant;)I @ 12
Event: 2.943 Thread 0x0000000002a7d800 Uncommon trap: reason=bimorphic action=maybe_recompile pc=0x0000000002feb218 method=java.util.HashMap.getNode(ILjava/lang/Object;)Ljava/util/HashMap$Node; @ 126
Event: 3.187 Thread 0x0000000017164000 Uncommon trap: reason=bimorphic action=maybe_recompile pc=0x0000000003110dd4 method=java.util.HashMap.putVal(ILjava/lang/Object;Ljava/lang/Object;ZZ)Ljava/lang/Object; @ 91
Event: 3.187 Thread 0x0000000017164000 Uncommon trap: reason=bimorphic action=maybe_recompile pc=0x0000000003110dd4 method=java.util.HashMap.putVal(ILjava/lang/Object;Ljava/lang/Object;ZZ)Ljava/lang/Object; @ 91
Event: 3.187 Thread 0x0000000017164000 Uncommon trap: reason=bimorphic action=maybe_recompile pc=0x0000000003110dd4 method=java.util.HashMap.putVal(ILjava/lang/Object;Ljava/lang/Object;ZZ)Ljava/lang/Object; @ 91
Event: 3.187 Thread 0x0000000017164000 Uncommon trap: reason=bimorphic action=maybe_recompile pc=0x0000000003110dd4 method=java.util.HashMap.putVal(ILjava/lang/Object;Ljava/lang/Object;ZZ)Ljava/lang/Object; @ 91
Event: 3.469 Thread 0x0000000017100000 Uncommon trap: reason=unreached action=reinterpret pc=0x00000000031245cc method=com.android.dx.ssa.MoveParamCombiner$1.visitNonMoveInsn(Lcom/android/dx/ssa/NormalSsaInsn;)V @ 27

Internal exceptions (10 events):
Event: 2.641 Thread 0x0000000002a7d800 Exception <a 'java/security/PrivilegedActionException'> (0x00000000ebfc81a8) thrown at [D:\re\workspace\8-2-build-windows-amd64-cygwin\jdk8u20\1074\hotspot\src\share\vm\prims\jvm.cpp, line 1275]
Event: 2.643 Thread 0x0000000002a7d800 Exception <a 'java/security/PrivilegedActionException'> (0x00000000ebfd25a0) thrown at [D:\re\workspace\8-2-build-windows-amd64-cygwin\jdk8u20\1074\hotspot\src\share\vm\prims\jvm.cpp, line 1275]
Event: 2.755 Thread 0x0000000002a7d800 Exception <a 'java/security/PrivilegedActionException'> (0x00000000ebfd4ee8) thrown at [D:\re\workspace\8-2-build-windows-amd64-cygwin\jdk8u20\1074\hotspot\src\share\vm\prims\jvm.cpp, line 1275]
Event: 2.756 Thread 0x0000000002a7d800 Exception <a 'java/security/PrivilegedActionException'> (0x00000000ebfd90a8) thrown at [D:\re\workspace\8-2-build-windows-amd64-cygwin\jdk8u20\1074\hotspot\src\share\vm\prims\jvm.cpp, line 1275]
Event: 2.756 Thread 0x0000000002a7d800 Exception <a 'java/security/PrivilegedActionException'> (0x00000000ebfdb7e0) thrown at [D:\re\workspace\8-2-build-windows-amd64-cygwin\jdk8u20\1074\hotspot\src\share\vm\prims\jvm.cpp, line 1275]
Event: 2.761 Thread 0x0000000002a7d800 Exception <a 'java/security/PrivilegedActionException'> (0x00000000ec2a6788) thrown at [D:\re\workspace\8-2-build-windows-amd64-cygwin\jdk8u20\1074\hotspot\src\share\vm\prims\jvm.cpp, line 1275]
Event: 2.762 Thread 0x0000000002a7d800 Exception <a 'java/security/PrivilegedActionException'> (0x00000000ec2ac4f8) thrown at [D:\re\workspace\8-2-build-windows-amd64-cygwin\jdk8u20\1074\hotspot\src\share\vm\prims\jvm.cpp, line 1275]
Event: 2.763 Thread 0x0000000002a7d800 Exception <a 'java/security/PrivilegedActionException'> (0x00000000ec2b2010) thrown at [D:\re\workspace\8-2-build-windows-amd64-cygwin\jdk8u20\1074\hotspot\src\share\vm\prims\jvm.cpp, line 1275]
Event: 3.773 Thread 0x0000000002a7d800 Exception <a 'java/security/PrivilegedActionException'> (0x00000000eb06c778) thrown at [D:\re\workspace\8-2-build-windows-amd64-cygwin\jdk8u20\1074\hotspot\src\share\vm\prims\jvm.cpp, line 1275]
Event: 4.632 Thread 0x0000000002a7d800 Exception <a 'java/security/PrivilegedActionException'> (0x00000000ebc4e388) thrown at [D:\re\workspace\8-2-build-windows-amd64-cygwin\jdk8u20\1074\hotspot\src\share\vm\prims\jvm.cpp, line 1275]

Events (10 events):
Event: 3.221 Executing VM operation: Deoptimize done
Event: 3.469 Thread 0x0000000017100000 Uncommon trap: trap_request=0xffffffad fr.pc=0x00000000031245cc
Event: 3.469 Thread 0x0000000017100000 DEOPT PACKING pc=0x00000000031245cc sp=0x0000000017d9ed40
Event: 3.469 Thread 0x0000000017100000 DEOPT UNPACKING pc=0x0000000002cc556a sp=0x0000000017d9ec98 mode 2
Event: 3.773 loading class com/android/dx/cf/code/SwitchList
Event: 3.773 loading class com/android/dx/cf/code/SwitchList done
Event: 4.554 Executing VM operation: EnableBiasedLocking
Event: 4.554 Executing VM operation: EnableBiasedLocking done
Event: 4.632 loading class com/android/dx/cf/attrib/AttRuntimeVisibleAnnotations
Event: 4.632 loading class com/android/dx/cf/attrib/AttRuntimeVisibleAnnotations done


Dynamic libraries:
0x00007ff7e5e10000 - 0x00007ff7e5e44000 	C:\Program Files\Java\jdk1.8.0_20\bin\java.exe
0x00007ffa817f0000 - 0x00007ffa819b1000 	C:\Windows\SYSTEM32\ntdll.dll
0x00007ffa7eec0000 - 0x00007ffa7ef6d000 	C:\Windows\system32\KERNEL32.DLL
0x00007ffa7ec80000 - 0x00007ffa7ee5d000 	C:\Windows\system32\KERNELBASE.dll
0x00007ffa81100000 - 0x00007ffa811a6000 	C:\Windows\system32\ADVAPI32.dll
0x00007ffa804d0000 - 0x00007ffa8056d000 	C:\Windows\system32\msvcrt.dll
0x00007ffa80570000 - 0x00007ffa805cb000 	C:\Windows\system32\sechost.dll
0x00007ffa80b60000 - 0x00007ffa80c86000 	C:\Windows\system32\RPCRT4.dll
0x00007ffa81420000 - 0x00007ffa8156e000 	C:\Windows\system32\USER32.dll
0x00007ffa80c90000 - 0x00007ffa80e16000 	C:\Windows\system32\GDI32.dll
0x00007ffa760c0000 - 0x00007ffa76334000 	C:\Windows\WinSxS\amd64_microsoft.windows.common-controls_6595b64144ccf1df_6.0.10240.16384_none_f41f7b285750ef43\COMCTL32.dll
0x00007ffa81060000 - 0x00007ffa81096000 	C:\Windows\system32\IMM32.DLL
0x00007ffa80810000 - 0x00007ffa8096c000 	C:\Windows\system32\MSCTF.dll
0x0000000065a40000 - 0x0000000065b12000 	C:\Program Files\Java\jdk1.8.0_20\jre\bin\msvcr100.dll
0x0000000065ec0000 - 0x0000000066718000 	C:\Program Files\Java\jdk1.8.0_20\jre\bin\server\jvm.dll
0x00007ffa804c0000 - 0x00007ffa804c8000 	C:\Windows\system32\PSAPI.DLL
0x00007ffa7b6a0000 - 0x00007ffa7b6a9000 	C:\Windows\SYSTEM32\WSOCK32.dll
0x00007ffa80af0000 - 0x00007ffa80b59000 	C:\Windows\system32\WS2_32.dll
0x00007ffa80e20000 - 0x00007ffa80e28000 	C:\Windows\system32\NSI.dll
0x00007ffa78870000 - 0x00007ffa78893000 	C:\Windows\SYSTEM32\WINMM.dll
0x00007ffa78840000 - 0x00007ffa7886c000 	C:\Windows\SYSTEM32\WINMMBASE.dll
0x00007ffa7e9a0000 - 0x00007ffa7e9e4000 	C:\Windows\system32\cfgmgr32.dll
0x00007ffa7cb90000 - 0x00007ffa7cbb7000 	C:\Windows\SYSTEM32\DEVOBJ.dll
0x0000000065eb0000 - 0x0000000065ebf000 	C:\Program Files\Java\jdk1.8.0_20\jre\bin\verify.dll
0x0000000065e80000 - 0x0000000065ea8000 	C:\Program Files\Java\jdk1.8.0_20\jre\bin\java.dll
0x0000000065e60000 - 0x0000000065e76000 	C:\Program Files\Java\jdk1.8.0_20\jre\bin\zip.dll
0x00007ffa7ef90000 - 0x00007ffa804b5000 	C:\Windows\system32\SHELL32.dll
0x00007ffa7e2c0000 - 0x00007ffa7e8e9000 	C:\Windows\system32\windows.storage.dll
0x00007ffa81570000 - 0x00007ffa817ec000 	C:\Windows\system32\combase.dll
0x00007ffa810a0000 - 0x00007ffa810f1000 	C:\Windows\system32\shlwapi.dll
0x00007ffa7e270000 - 0x00007ffa7e27f000 	C:\Windows\system32\kernel.appcore.dll
0x00007ffa7e9f0000 - 0x00007ffa7eaa3000 	C:\Windows\system32\shcore.dll
0x00007ffa7e220000 - 0x00007ffa7e26a000 	C:\Windows\system32\powrprof.dll
0x00007ffa7e280000 - 0x00007ffa7e293000 	C:\Windows\system32\profapi.dll
0x00007ffa7b510000 - 0x00007ffa7b69a000 	C:\Windows\SYSTEM32\dbghelp.dll

VM Arguments:
jvm_args: -Xmx1024M -Dfile.encoding=windows-1252 -Duser.country=IN -Duser.language=en -Duser.variant 
java_command: com.android.dx.command.Main --dex --num-threads=4 --output C:\Users\AARTI\AndroidStudioProjects\AndNrbyRevamp\app\build\intermediates\pre-dexed\debug\classes-cb49324bf62e3d685eba10132be44e69ef82c87e.jar C:\Users\AARTI\AndroidStudioProjects\AndNrbyRevamp\app\build\intermediates\exploded-aar\com.android.support\support-v4\23.1.1\jars\classes.jar
java_class_path (initial): C:\Users\AARTI\AppData\Local\Android\sdk\build-tools\23.0.1\lib\dx.jar
Launcher Type: SUN_STANDARD

Environment Variables:
PATH=C:\ProgramData\Oracle\Java\javapath;C:\Program Files (x86)\Intel\iCLS Client\;C:\Program Files\Intel\iCLS Client\;C:\Windows\system32;C:\Windows;C:\Windows\System32\Wbem;C:\Windows\System32\WindowsPowerShell\v1.0\;C:\Program Files (x86)\Intel\Intel(R) Management Engine Components\DAL;C:\Program Files\Intel\Intel(R) Management Engine Components\DAL;C:\Program Files (x86)\Intel\Intel(R) Management Engine Components\IPT;C:\Program Files\Intel\Intel(R) Management Engine Components\IPT;c:\Program Files (x86)\ATI Technologies\ATI.ACE\Core-Static;C:\ProgramData\Oracle\Java\javapath;C:\Program Files (x86)\Intel\iCLS Client\;C:\Program Files\Intel\iCLS Client\;C:\Windows\system32;C:\Windows;C:\Windows\System32\Wbem;C:\Windows\System32\WindowsPowerShell\v1.0\;C:\Program Files (x86)\Intel\Intel(R) Management Engine Components\DAL;C:\Program Files\Intel\Intel(R) Management Engine Components\DAL;C:\Program Files (x86)\Intel\Intel(R) Management Engine Components\IPT;C:\Program Files\Intel\Intel(R) Management Engine Components\IPT;c:\Program Files (x86)\ATI Technologies\ATI.ACE\Core-Static
USERNAME=AARTI
OS=Windows_NT
PROCESSOR_IDENTIFIER=Intel64 Family 6 Model 61 Stepping 4, GenuineIntel



---------------  S Y S T E M  ---------------

OS: Windows 8.1 , 64 bit Build 9600 

CPU:total 4 (2 cores per cpu, 2 threads per core) family 6 model 61 stepping 4, cmov, cx8, fxsr, mmx, sse, sse2, sse3, ssse3, sse4.1, sse4.2, popcnt, avx, avx2, aes, clmul, erms, lzcnt, ht, tsc, tscinvbit, bmi1, bmi2

Memory: 4k page, physical 8301964k(1951252k free), swap 33467788k(21696k free)

vm_info: Java HotSpot(TM) 64-Bit Server VM (25.20-b23) for windows-amd64 JRE (1.8.0_20-b26), built on Jul 30 2014 13:51:23 by "java_re" with MS VC++ 10.0 (VS2010)

time: Sun Dec 27 18:55:51 2015
elapsed time: 5 seconds (0d 0h 0m 5s)

