#
# There is insufficient memory for the Java Runtime Environment to continue.
# Native memory allocation (malloc) failed to allocate 262160 bytes for Chunk::new
# Possible reasons:
#   The system is out of physical RAM or swap space
#   In 32 bit mode, the process size limit was hit
# Possible solutions:
#   Reduce memory load on the system
#   Increase physical memory or swap space
#   Check if swap backing store is full
#   Use 64 bit Java on a 64 bit OS
#   Decrease Java heap size (-Xmx/-Xms)
#   Decrease number of Java threads
#   Decrease Java thread stack sizes (-Xss)
#   Set larger code cache with -XX:ReservedCodeCacheSize=
# This output file may be truncated or incomplete.
#
#  Out of Memory Error (allocation.cpp:390), pid=7768, tid=1264
#
# JRE version: Java(TM) SE Runtime Environment (8.0_20-b26) (build 1.8.0_20-b26)
# Java VM: Java HotSpot(TM) 64-Bit Server VM (25.20-b23 mixed mode windows-amd64 compressed oops)
# Failed to write core dump. Minidumps are not enabled by default on client versions of Windows
#

---------------  T H R E A D  ---------------

Current thread (0x00000000156cf800):  JavaThread "C2 CompilerThread1" daemon [_thread_in_native, id=1264, stack(0x0000000016d20000,0x0000000016e20000)]

Stack: [0x0000000016d20000,0x0000000016e20000]
Native frames: (J=compiled Java code, j=interpreted, Vv=VM code, C=native code)
V  [jvm.dll+0x3152fa]
V  [jvm.dll+0x265d03]
V  [jvm.dll+0x266943]
V  [jvm.dll+0x25e265]
V  [jvm.dll+0xbe255]
V  [jvm.dll+0xbe6fc]
V  [jvm.dll+0xbe9a4]
V  [jvm.dll+0x4e4e30]
V  [jvm.dll+0x4a0898]
V  [jvm.dll+0x4ad87f]
V  [jvm.dll+0x4afaf8]
V  [jvm.dll+0x4afbfb]
V  [jvm.dll+0x4afb76]
V  [jvm.dll+0x49dd33]
V  [jvm.dll+0x4515a4]
V  [jvm.dll+0x452634]
V  [jvm.dll+0x435fc2]
V  [jvm.dll+0x97b62]
V  [jvm.dll+0x98353]
V  [jvm.dll+0x22aac4]
V  [jvm.dll+0x283f5a]
C  [msvcr100.dll+0x21d9f]
C  [msvcr100.dll+0x21e3b]
C  [KERNEL32.DLL+0x12d92]
C  [ntdll.dll+0x9f64]


Current CompileTask:
C2:   4020 1852   !   4       com.android.dx.cf.code.BytecodeArray::parseInstruction (2764 bytes)


---------------  P R O C E S S  ---------------

Java Threads: ( => current thread )
  0x0000000017245800 JavaThread "pool-1-thread-4" [_thread_blocked, id=8520, stack(0x0000000018120000,0x0000000018220000)]
  0x000000001716f000 JavaThread "pool-1-thread-3" [_thread_blocked, id=6900, stack(0x0000000018020000,0x0000000018120000)]
  0x000000001715e000 JavaThread "pool-1-thread-2" [_thread_blocked, id=9468, stack(0x0000000017f20000,0x0000000018020000)]
  0x000000001715d000 JavaThread "pool-2-thread-1" [_thread_blocked, id=5728, stack(0x0000000017e20000,0x0000000017f20000)]
  0x0000000017310000 JavaThread "pool-1-thread-1" [_thread_in_Java, id=1724, stack(0x0000000017d20000,0x0000000017e20000)]
  0x0000000016f4c800 JavaThread "Service Thread" daemon [_thread_blocked, id=3460, stack(0x0000000017320000,0x0000000017420000)]
  0x00000000156d2800 JavaThread "C1 CompilerThread2" daemon [_thread_blocked, id=4544, stack(0x0000000016e20000,0x0000000016f20000)]
=>0x00000000156cf800 JavaThread "C2 CompilerThread1" daemon [_thread_in_native, id=1264, stack(0x0000000016d20000,0x0000000016e20000)]
  0x00000000156cc800 JavaThread "C2 CompilerThread0" daemon [_thread_in_native, id=4492, stack(0x0000000016c20000,0x0000000016d20000)]
  0x00000000156cb000 JavaThread "Attach Listener" daemon [_thread_blocked, id=4000, stack(0x0000000016b20000,0x0000000016c20000)]
  0x00000000156c9800 JavaThread "Signal Dispatcher" daemon [_thread_blocked, id=7436, stack(0x0000000016a20000,0x0000000016b20000)]
  0x0000000002ff0800 JavaThread "Finalizer" daemon [_thread_blocked, id=9968, stack(0x0000000016920000,0x0000000016a20000)]
  0x0000000002fed000 JavaThread "Reference Handler" daemon [_thread_blocked, id=1976, stack(0x0000000016820000,0x0000000016920000)]
  0x0000000002efd800 JavaThread "main" [_thread_blocked, id=7232, stack(0x0000000002d80000,0x0000000002e80000)]

Other Threads:
  0x0000000015695800 VMThread [stack: 0x0000000016720000,0x0000000016820000] [id=4348]
  0x0000000016f4e800 WatcherThread [stack: 0x0000000017420000,0x0000000017520000] [id=2280]

VM state:not at safepoint (normal execution)

VM Mutex/Monitor currently owned by a thread: None

Heap:
 PSYoungGen      total 38400K, used 33135K [0x00000000eab00000, 0x00000000ed580000, 0x0000000100000000)
  eden space 33280K, 84% used [0x00000000eab00000,0x00000000ec65ce10,0x00000000ecb80000)
  from space 5120K, 99% used [0x00000000ecb80000,0x00000000ed07f1b8,0x00000000ed080000)
  to   space 5120K, 0% used [0x00000000ed080000,0x00000000ed080000,0x00000000ed580000)
 ParOldGen       total 87552K, used 22471K [0x00000000c0000000, 0x00000000c5580000, 0x00000000eab00000)
  object space 87552K, 25% used [0x00000000c0000000,0x00000000c15f1c18,0x00000000c5580000)
 Metaspace       used 6212K, capacity 7216K, committed 7296K, reserved 1056768K
  class space    used 585K, capacity 616K, committed 640K, reserved 1048576K

Card table byte_map: [0x00000000123c0000,0x00000000125d0000] byte_map_base: 0x0000000011dc0000

Marking Bits: (ParMarkBitMap*) 0x000000006669b460
 Begin Bits: [0x0000000012b30000, 0x0000000013b30000)
 End Bits:   [0x0000000013b30000, 0x0000000014b30000)

Polling page: 0x0000000002d30000

CodeCache: size=245760Kb used=7166Kb max_used=7184Kb free=238593Kb
 bounds [0x0000000003000000, 0x0000000003710000, 0x0000000012000000]
 total_blobs=2085 nmethods=1820 adapters=178
 compilation: enabled

Compilation events (10 events):
Event: 3.641 Thread 0x00000000156d2800 1855       2       java.util.concurrent.locks.ReentrantLock$NonfairSync::tryAcquire (6 bytes)
Event: 3.642 Thread 0x00000000156d2800 nmethod 1855 0x00000000036f5890 code [0x00000000036f5a00, 0x00000000036f5b68]
Event: 3.642 Thread 0x00000000156d2800 1856       2       java.util.concurrent.locks.ReentrantLock$Sync::nonfairTryAcquire (67 bytes)
Event: 3.642 Thread 0x00000000156d2800 nmethod 1856 0x00000000036f53d0 code [0x00000000036f5540, 0x00000000036f57c8]
Event: 3.674 Thread 0x00000000156d2800 1857       2       com.android.dx.rop.cst.CstLiteral32::getLongBits (6 bytes)
Event: 3.674 Thread 0x00000000156d2800 nmethod 1857 0x00000000036f5090 code [0x00000000036f51e0, 0x00000000036f5330]
Event: 3.676 Thread 0x00000000156cf800 nmethod 1555 0x00000000037056d0 code [0x0000000003705960, 0x00000000037079c0]
Event: 3.678 Thread 0x00000000156cf800 1852   !   4       com.android.dx.cf.code.BytecodeArray::parseInstruction (2764 bytes)
Event: 3.679 Thread 0x00000000156d2800 1858       2       com.android.dx.ssa.InterferenceRegisterMapper::areAnyPinned (81 bytes)
Event: 3.680 Thread 0x00000000156d2800 nmethod 1858 0x00000000036f4850 code [0x00000000036f49e0, 0x00000000036f4d38]

GC Heap History (10 events):
Event: 1.145 GC heap before
{Heap before GC invocations=1 (full 0):
 PSYoungGen      total 38400K, used 33280K [0x00000000eab00000, 0x00000000ed580000, 0x0000000100000000)
  eden space 33280K, 100% used [0x00000000eab00000,0x00000000ecb80000,0x00000000ecb80000)
  from space 5120K, 0% used [0x00000000ed080000,0x00000000ed080000,0x00000000ed580000)
  to   space 5120K, 0% used [0x00000000ecb80000,0x00000000ecb80000,0x00000000ed080000)
 ParOldGen       total 87552K, used 0K [0x00000000c0000000, 0x00000000c5580000, 0x00000000eab00000)
  object space 87552K, 0% used [0x00000000c0000000,0x00000000c0000000,0x00000000c5580000)
 Metaspace       used 5858K, capacity 6960K, committed 7040K, reserved 1056768K
  class space    used 579K, capacity 616K, committed 640K, reserved 1048576K
Event: 1.170 GC heap after
Heap after GC invocations=1 (full 0):
 PSYoungGen      total 38400K, used 5114K [0x00000000eab00000, 0x00000000ed580000, 0x0000000100000000)
  eden space 33280K, 0% used [0x00000000eab00000,0x00000000eab00000,0x00000000ecb80000)
  from space 5120K, 99% used [0x00000000ecb80000,0x00000000ed07eab8,0x00000000ed080000)
  to   space 5120K, 0% used [0x00000000ed080000,0x00000000ed080000,0x00000000ed580000)
 ParOldGen       total 87552K, used 1388K [0x00000000c0000000, 0x00000000c5580000, 0x00000000eab00000)
  object space 87552K, 1% used [0x00000000c0000000,0x00000000c015b180,0x00000000c5580000)
 Metaspace       used 5858K, capacity 6960K, committed 7040K, reserved 1056768K
  class space    used 579K, capacity 616K, committed 640K, reserved 1048576K
}
Event: 1.711 GC heap before
{Heap before GC invocations=2 (full 0):
 PSYoungGen      total 38400K, used 38394K [0x00000000eab00000, 0x00000000ed580000, 0x0000000100000000)
  eden space 33280K, 100% used [0x00000000eab00000,0x00000000ecb80000,0x00000000ecb80000)
  from space 5120K, 99% used [0x00000000ecb80000,0x00000000ed07eab8,0x00000000ed080000)
  to   space 5120K, 0% used [0x00000000ed080000,0x00000000ed080000,0x00000000ed580000)
 ParOldGen       total 87552K, used 1388K [0x00000000c0000000, 0x00000000c5580000, 0x00000000eab00000)
  object space 87552K, 1% used [0x00000000c0000000,0x00000000c015b180,0x00000000c5580000)
 Metaspace       used 6050K, capacity 7088K, committed 7296K, reserved 1056768K
  class space    used 585K, capacity 616K, committed 640K, reserved 1048576K
Event: 1.733 GC heap after
Heap after GC invocations=2 (full 0):
 PSYoungGen      total 38400K, used 5098K [0x00000000eab00000, 0x00000000ed580000, 0x0000000100000000)
  eden space 33280K, 0% used [0x00000000eab00000,0x00000000eab00000,0x00000000ecb80000)
  from space 5120K, 99% used [0x00000000ed080000,0x00000000ed57aab8,0x00000000ed580000)
  to   space 5120K, 0% used [0x00000000ecb80000,0x00000000ecb80000,0x00000000ed080000)
 ParOldGen       total 87552K, used 5704K [0x00000000c0000000, 0x00000000c5580000, 0x00000000eab00000)
  object space 87552K, 6% used [0x00000000c0000000,0x00000000c0592220,0x00000000c5580000)
 Metaspace       used 6050K, capacity 7088K, committed 7296K, reserved 1056768K
  class space    used 585K, capacity 616K, committed 640K, reserved 1048576K
}
Event: 2.332 GC heap before
{Heap before GC invocations=3 (full 0):
 PSYoungGen      total 38400K, used 38378K [0x00000000eab00000, 0x00000000ed580000, 0x0000000100000000)
  eden space 33280K, 100% used [0x00000000eab00000,0x00000000ecb80000,0x00000000ecb80000)
  from space 5120K, 99% used [0x00000000ed080000,0x00000000ed57aab8,0x00000000ed580000)
  to   space 5120K, 0% used [0x00000000ecb80000,0x00000000ecb80000,0x00000000ed080000)
 ParOldGen       total 87552K, used 5704K [0x00000000c0000000, 0x00000000c5580000, 0x00000000eab00000)
  object space 87552K, 6% used [0x00000000c0000000,0x00000000c0592220,0x00000000c5580000)
 Metaspace       used 6131K, capacity 7152K, committed 7296K, reserved 1056768K
  class space    used 585K, capacity 616K, committed 640K, reserved 1048576K
Event: 2.363 GC heap after
Heap after GC invocations=3 (full 0):
 PSYoungGen      total 38400K, used 5091K [0x00000000eab00000, 0x00000000ed580000, 0x0000000100000000)
  eden space 33280K, 0% used [0x00000000eab00000,0x00000000eab00000,0x00000000ecb80000)
  from space 5120K, 99% used [0x00000000ecb80000,0x00000000ed078f78,0x00000000ed080000)
  to   space 5120K, 0% used [0x00000000ed080000,0x00000000ed080000,0x00000000ed580000)
 ParOldGen       total 87552K, used 11150K [0x00000000c0000000, 0x00000000c5580000, 0x00000000eab00000)
  object space 87552K, 12% used [0x00000000c0000000,0x00000000c0ae3880,0x00000000c5580000)
 Metaspace       used 6131K, capacity 7152K, committed 7296K, reserved 1056768K
  class space    used 585K, capacity 616K, committed 640K, reserved 1048576K
}
Event: 2.854 GC heap before
{Heap before GC invocations=4 (full 0):
 PSYoungGen      total 38400K, used 38371K [0x00000000eab00000, 0x00000000ed580000, 0x0000000100000000)
  eden space 33280K, 100% used [0x00000000eab00000,0x00000000ecb80000,0x00000000ecb80000)
  from space 5120K, 99% used [0x00000000ecb80000,0x00000000ed078f78,0x00000000ed080000)
  to   space 5120K, 0% used [0x00000000ed080000,0x00000000ed080000,0x00000000ed580000)
 ParOldGen       total 87552K, used 11150K [0x00000000c0000000, 0x00000000c5580000, 0x00000000eab00000)
  object space 87552K, 12% used [0x00000000c0000000,0x00000000c0ae3880,0x00000000c5580000)
 Metaspace       used 6145K, capacity 7152K, committed 7296K, reserved 1056768K
  class space    used 585K, capacity 616K, committed 640K, reserved 1048576K
Event: 2.887 GC heap after
Heap after GC invocations=4 (full 0):
 PSYoungGen      total 38400K, used 5106K [0x00000000eab00000, 0x00000000ed580000, 0x0000000100000000)
  eden space 33280K, 0% used [0x00000000eab00000,0x00000000eab00000,0x00000000ecb80000)
  from space 5120K, 99% used [0x00000000ed080000,0x00000000ed57cbf0,0x00000000ed580000)
  to   space 5120K, 0% used [0x00000000ecb80000,0x00000000ecb80000,0x00000000ed080000)
 ParOldGen       total 87552K, used 16407K [0x00000000c0000000, 0x00000000c5580000, 0x00000000eab00000)
  object space 87552K, 18% used [0x00000000c0000000,0x00000000c1005cf8,0x00000000c5580000)
 Metaspace       used 6145K, capacity 7152K, committed 7296K, reserved 1056768K
  class space    used 585K, capacity 616K, committed 640K, reserved 1048576K
}
Event: 3.408 GC heap before
{Heap before GC invocations=5 (full 0):
 PSYoungGen      total 38400K, used 38386K [0x00000000eab00000, 0x00000000ed580000, 0x0000000100000000)
  eden space 33280K, 100% used [0x00000000eab00000,0x00000000ecb80000,0x00000000ecb80000)
  from space 5120K, 99% used [0x00000000ed080000,0x00000000ed57cbf0,0x00000000ed580000)
  to   space 5120K, 0% used [0x00000000ecb80000,0x00000000ecb80000,0x00000000ed080000)
 ParOldGen       total 87552K, used 16407K [0x00000000c0000000, 0x00000000c5580000, 0x00000000eab00000)
  object space 87552K, 18% used [0x00000000c0000000,0x00000000c1005cf8,0x00000000c5580000)
 Metaspace       used 6209K, capacity 7216K, committed 7296K, reserved 1056768K
  class space    used 585K, capacity 616K, committed 640K, reserved 1048576K
Event: 3.437 GC heap after
Heap after GC invocations=5 (full 0):
 PSYoungGen      total 38400K, used 5116K [0x00000000eab00000, 0x00000000ed580000, 0x0000000100000000)
  eden space 33280K, 0% used [0x00000000eab00000,0x00000000eab00000,0x00000000ecb80000)
  from space 5120K, 99% used [0x00000000ecb80000,0x00000000ed07f1b8,0x00000000ed080000)
  to   space 5120K, 0% used [0x00000000ed080000,0x00000000ed080000,0x00000000ed580000)
 ParOldGen       total 87552K, used 22471K [0x00000000c0000000, 0x00000000c5580000, 0x00000000eab00000)
  object space 87552K, 25% used [0x00000000c0000000,0x00000000c15f1c18,0x00000000c5580000)
 Metaspace       used 6209K, capacity 7216K, committed 7296K, reserved 1056768K
  class space    used 585K, capacity 616K, committed 640K, reserved 1048576K
}

Deoptimization events (10 events):
Event: 3.126 Thread 0x0000000017310000 Uncommon trap: reason=bimorphic action=maybe_recompile pc=0x00000000036a2a60 method=com.android.dx.cf.code.BytecodeArray.parseInstruction(ILcom/android/dx/cf/code/BytecodeArray$Visitor;)I @ 1161
Event: 3.126 Thread 0x0000000017310000 Uncommon trap: reason=bimorphic action=maybe_recompile pc=0x00000000036a2a60 method=com.android.dx.cf.code.BytecodeArray.parseInstruction(ILcom/android/dx/cf/code/BytecodeArray$Visitor;)I @ 1161
Event: 3.459 Thread 0x0000000017310000 Uncommon trap: reason=bimorphic action=maybe_recompile pc=0x0000000003212050 method=java.util.HashMap.getNode(ILjava/lang/Object;)Ljava/util/HashMap$Node; @ 126
Event: 3.459 Thread 0x0000000017310000 Uncommon trap: reason=class_check action=maybe_recompile pc=0x00000000034f9bf0 method=java.util.HashMap.putVal(ILjava/lang/Object;Ljava/lang/Object;ZZ)Ljava/lang/Object; @ 203
Event: 3.615 Thread 0x000000001715e000 Uncommon trap: reason=bimorphic action=maybe_recompile pc=0x00000000036a25d4 method=com.android.dx.cf.code.BytecodeArray.parseInstruction(ILcom/android/dx/cf/code/BytecodeArray$Visitor;)I @ 955
Event: 3.615 Thread 0x000000001715e000 Uncommon trap: reason=bimorphic action=maybe_recompile pc=0x00000000036a2b54 method=com.android.dx.cf.code.BytecodeArray.parseInstruction(ILcom/android/dx/cf/code/BytecodeArray$Visitor;)I @ 1224
Event: 3.615 Thread 0x000000001715e000 Uncommon trap: reason=bimorphic action=maybe_recompile pc=0x00000000036a24d4 method=com.android.dx.cf.code.BytecodeArray.parseInstruction(ILcom/android/dx/cf/code/BytecodeArray$Visitor;)I @ 923
Event: 3.615 Thread 0x000000001715e000 Uncommon trap: reason=bimorphic action=maybe_recompile pc=0x00000000036a2b54 method=com.android.dx.cf.code.BytecodeArray.parseInstruction(ILcom/android/dx/cf/code/BytecodeArray$Visitor;)I @ 1224
Event: 3.619 Thread 0x000000001715e000 Uncommon trap: reason=bimorphic action=maybe_recompile pc=0x0000000003212050 method=java.util.HashMap.getNode(ILjava/lang/Object;)Ljava/util/HashMap$Node; @ 126
Event: 3.619 Thread 0x000000001715e000 Uncommon trap: reason=class_check action=maybe_recompile pc=0x00000000034f9bf0 method=java.util.HashMap.putVal(ILjava/lang/Object;Ljava/lang/Object;ZZ)Ljava/lang/Object; @ 203

Internal exceptions (10 events):
Event: 1.058 Thread 0x0000000002efd800 Exception <a 'java/security/PrivilegedActionException'> (0x00000000ec5f6dd0) thrown at [D:\re\workspace\8-2-build-windows-amd64-cygwin\jdk8u20\1074\hotspot\src\share\vm\prims\jvm.cpp, line 1275]
Event: 1.058 Thread 0x0000000002efd800 Exception <a 'java/security/PrivilegedActionException'> (0x00000000ec5f9718) thrown at [D:\re\workspace\8-2-build-windows-amd64-cygwin\jdk8u20\1074\hotspot\src\share\vm\prims\jvm.cpp, line 1275]
Event: 1.059 Thread 0x0000000002efd800 Exception <a 'java/security/PrivilegedActionException'> (0x00000000ec5fd8d8) thrown at [D:\re\workspace\8-2-build-windows-amd64-cygwin\jdk8u20\1074\hotspot\src\share\vm\prims\jvm.cpp, line 1275]
Event: 1.060 Thread 0x0000000002efd800 Exception <a 'java/security/PrivilegedActionException'> (0x00000000ec600010) thrown at [D:\re\workspace\8-2-build-windows-amd64-cygwin\jdk8u20\1074\hotspot\src\share\vm\prims\jvm.cpp, line 1275]
Event: 1.247 Thread 0x0000000017310000 Exception <a 'java/security/PrivilegedActionException'> (0x00000000eb233760) thrown at [D:\re\workspace\8-2-build-windows-amd64-cygwin\jdk8u20\1074\hotspot\src\share\vm\prims\jvm.cpp, line 1275]
Event: 1.248 Thread 0x0000000017310000 Exception <a 'java/security/PrivilegedActionException'> (0x00000000eb2391b0) thrown at [D:\re\workspace\8-2-build-windows-amd64-cygwin\jdk8u20\1074\hotspot\src\share\vm\prims\jvm.cpp, line 1275]
Event: 1.249 Thread 0x0000000017310000 Exception <a 'java/security/PrivilegedActionException'> (0x00000000eb23e9a8) thrown at [D:\re\workspace\8-2-build-windows-amd64-cygwin\jdk8u20\1074\hotspot\src\share\vm\prims\jvm.cpp, line 1275]
Event: 1.357 Thread 0x0000000017245800 Exception <a 'java/security/PrivilegedActionException'> (0x00000000eb791d78) thrown at [D:\re\workspace\8-2-build-windows-amd64-cygwin\jdk8u20\1074\hotspot\src\share\vm\prims\jvm.cpp, line 1275]
Event: 1.493 Thread 0x0000000002efd800 Exception <a 'java/security/PrivilegedActionException'> (0x00000000ebe8dc40) thrown at [D:\re\workspace\8-2-build-windows-amd64-cygwin\jdk8u20\1074\hotspot\src\share\vm\prims\jvm.cpp, line 1275]
Event: 3.382 Thread 0x0000000002efd800 Exception <a 'java/security/PrivilegedActionException'> (0x00000000ec8efca8) thrown at [D:\re\workspace\8-2-build-windows-amd64-cygwin\jdk8u20\1074\hotspot\src\share\vm\prims\jvm.cpp, line 1275]

Events (10 events):
Event: 3.615 Thread 0x000000001715e000 DEOPT UNPACKING pc=0x000000000304556a sp=0x000000001801e978 mode 2
Event: 3.615 Thread 0x000000001715e000 Uncommon trap: trap_request=0xffffffc6 fr.pc=0x00000000036a2b54
Event: 3.616 Thread 0x000000001715e000 DEOPT PACKING pc=0x00000000036a2b54 sp=0x000000001801e9b0
Event: 3.616 Thread 0x000000001715e000 DEOPT UNPACKING pc=0x000000000304556a sp=0x000000001801e978 mode 2
Event: 3.619 Thread 0x000000001715e000 Uncommon trap: trap_request=0xffffffc6 fr.pc=0x0000000003212050
Event: 3.619 Thread 0x000000001715e000 DEOPT PACKING pc=0x0000000003212050 sp=0x000000001801e9a0
Event: 3.619 Thread 0x000000001715e000 DEOPT UNPACKING pc=0x000000000304556a sp=0x000000001801e910 mode 2
Event: 3.619 Thread 0x000000001715e000 Uncommon trap: trap_request=0xffffffde fr.pc=0x00000000034f9bf0
Event: 3.619 Thread 0x000000001715e000 DEOPT PACKING pc=0x00000000034f9bf0 sp=0x000000001801e970
Event: 3.619 Thread 0x000000001715e000 DEOPT UNPACKING pc=0x000000000304556a sp=0x000000001801e8e8 mode 2


Dynamic libraries:
0x00007ff7e5e10000 - 0x00007ff7e5e44000 	C:\Program Files\Java\jdk1.8.0_20\bin\java.exe
0x00007ffa817f0000 - 0x00007ffa819b1000 	C:\Windows\SYSTEM32\ntdll.dll
0x00007ffa7eec0000 - 0x00007ffa7ef6d000 	C:\Windows\system32\KERNEL32.DLL
0x00007ffa7ec80000 - 0x00007ffa7ee5d000 	C:\Windows\system32\KERNELBASE.dll
0x00007ffa81100000 - 0x00007ffa811a6000 	C:\Windows\system32\ADVAPI32.dll
0x00007ffa804d0000 - 0x00007ffa8056d000 	C:\Windows\system32\msvcrt.dll
0x00007ffa80570000 - 0x00007ffa805cb000 	C:\Windows\system32\sechost.dll
0x00007ffa80b60000 - 0x00007ffa80c86000 	C:\Windows\system32\RPCRT4.dll
0x00007ffa81420000 - 0x00007ffa8156e000 	C:\Windows\system32\USER32.dll
0x00007ffa80c90000 - 0x00007ffa80e16000 	C:\Windows\system32\GDI32.dll
0x00007ffa760c0000 - 0x00007ffa76334000 	C:\Windows\WinSxS\amd64_microsoft.windows.common-controls_6595b64144ccf1df_6.0.10240.16384_none_f41f7b285750ef43\COMCTL32.dll
0x00007ffa81060000 - 0x00007ffa81096000 	C:\Windows\system32\IMM32.DLL
0x00007ffa80810000 - 0x00007ffa8096c000 	C:\Windows\system32\MSCTF.dll
0x0000000065a40000 - 0x0000000065b12000 	C:\Program Files\Java\jdk1.8.0_20\jre\bin\msvcr100.dll
0x0000000065ec0000 - 0x0000000066718000 	C:\Program Files\Java\jdk1.8.0_20\jre\bin\server\jvm.dll
0x00007ffa804c0000 - 0x00007ffa804c8000 	C:\Windows\system32\PSAPI.DLL
0x00007ffa7b6a0000 - 0x00007ffa7b6a9000 	C:\Windows\SYSTEM32\WSOCK32.dll
0x00007ffa78870000 - 0x00007ffa78893000 	C:\Windows\SYSTEM32\WINMM.dll
0x00007ffa80af0000 - 0x00007ffa80b59000 	C:\Windows\system32\WS2_32.dll
0x00007ffa80e20000 - 0x00007ffa80e28000 	C:\Windows\system32\NSI.dll
0x00007ffa78840000 - 0x00007ffa7886c000 	C:\Windows\SYSTEM32\WINMMBASE.dll
0x00007ffa7e9a0000 - 0x00007ffa7e9e4000 	C:\Windows\system32\cfgmgr32.dll
0x00007ffa7cb90000 - 0x00007ffa7cbb7000 	C:\Windows\SYSTEM32\DEVOBJ.dll
0x0000000065eb0000 - 0x0000000065ebf000 	C:\Program Files\Java\jdk1.8.0_20\jre\bin\verify.dll
0x0000000065e80000 - 0x0000000065ea8000 	C:\Program Files\Java\jdk1.8.0_20\jre\bin\java.dll
0x0000000065e60000 - 0x0000000065e76000 	C:\Program Files\Java\jdk1.8.0_20\jre\bin\zip.dll
0x00007ffa7ef90000 - 0x00007ffa804b5000 	C:\Windows\system32\SHELL32.dll
0x00007ffa7e2c0000 - 0x00007ffa7e8e9000 	C:\Windows\system32\windows.storage.dll
0x00007ffa81570000 - 0x00007ffa817ec000 	C:\Windows\system32\combase.dll
0x00007ffa810a0000 - 0x00007ffa810f1000 	C:\Windows\system32\shlwapi.dll
0x00007ffa7e270000 - 0x00007ffa7e27f000 	C:\Windows\system32\kernel.appcore.dll
0x00007ffa7e9f0000 - 0x00007ffa7eaa3000 	C:\Windows\system32\shcore.dll
0x00007ffa7e220000 - 0x00007ffa7e26a000 	C:\Windows\system32\powrprof.dll
0x00007ffa7e280000 - 0x00007ffa7e293000 	C:\Windows\system32\profapi.dll
0x00007ffa7b510000 - 0x00007ffa7b69a000 	C:\Windows\SYSTEM32\dbghelp.dll

VM Arguments:
jvm_args: -Xmx1024M -Dfile.encoding=windows-1252 -Duser.country=IN -Duser.language=en -Duser.variant 
java_command: com.android.dx.command.Main --dex --num-threads=4 --output C:\Users\AARTI\AndroidStudioProjects\AndNrbyRevamp\app\build\intermediates\pre-dexed\debug\classes-cb49324bf62e3d685eba10132be44e69ef82c87e.jar C:\Users\AARTI\AndroidStudioProjects\AndNrbyRevamp\app\build\intermediates\exploded-aar\com.android.support\support-v4\23.1.1\jars\classes.jar
java_class_path (initial): C:\Users\AARTI\AppData\Local\Android\sdk\build-tools\23.0.1\lib\dx.jar
Launcher Type: SUN_STANDARD

Environment Variables:
PATH=C:\ProgramData\Oracle\Java\javapath;C:\Program Files (x86)\Intel\iCLS Client\;C:\Program Files\Intel\iCLS Client\;C:\Windows\system32;C:\Windows;C:\Windows\System32\Wbem;C:\Windows\System32\WindowsPowerShell\v1.0\;C:\Program Files (x86)\Intel\Intel(R) Management Engine Components\DAL;C:\Program Files\Intel\Intel(R) Management Engine Components\DAL;C:\Program Files (x86)\Intel\Intel(R) Management Engine Components\IPT;C:\Program Files\Intel\Intel(R) Management Engine Components\IPT;c:\Program Files (x86)\ATI Technologies\ATI.ACE\Core-Static;C:\ProgramData\Oracle\Java\javapath;C:\Program Files (x86)\Intel\iCLS Client\;C:\Program Files\Intel\iCLS Client\;C:\Windows\system32;C:\Windows;C:\Windows\System32\Wbem;C:\Windows\System32\WindowsPowerShell\v1.0\;C:\Program Files (x86)\Intel\Intel(R) Management Engine Components\DAL;C:\Program Files\Intel\Intel(R) Management Engine Components\DAL;C:\Program Files (x86)\Intel\Intel(R) Management Engine Components\IPT;C:\Program Files\Intel\Intel(R) Management Engine Components\IPT;c:\Program Files (x86)\ATI Technologies\ATI.ACE\Core-Static
USERNAME=AARTI
OS=Windows_NT
PROCESSOR_IDENTIFIER=Intel64 Family 6 Model 61 Stepping 4, GenuineIntel



---------------  S Y S T E M  ---------------

OS: Windows 8.1 , 64 bit Build 9600 

CPU:total 4 (2 cores per cpu, 2 threads per core) family 6 model 61 stepping 4, cmov, cx8, fxsr, mmx, sse, sse2, sse3, ssse3, sse4.1, sse4.2, popcnt, avx, avx2, aes, clmul, erms, lzcnt, ht, tsc, tscinvbit, bmi1, bmi2

Memory: 4k page, physical 8301964k(2490156k free), swap 33467788k(4152k free)

vm_info: Java HotSpot(TM) 64-Bit Server VM (25.20-b23) for windows-amd64 JRE (1.8.0_20-b26), built on Jul 30 2014 13:51:23 by "java_re" with MS VC++ 10.0 (VS2010)

time: Sun Dec 27 20:58:31 2015
elapsed time: 4 seconds (0d 0h 0m 4s)

