#
# There is insufficient memory for the Java Runtime Environment to continue.
# Native memory allocation (malloc) failed to allocate 32744 bytes for ChunkPool::allocate
# Possible reasons:
#   The system is out of physical RAM or swap space
#   In 32 bit mode, the process size limit was hit
# Possible solutions:
#   Reduce memory load on the system
#   Increase physical memory or swap space
#   Check if swap backing store is full
#   Use 64 bit Java on a 64 bit OS
#   Decrease Java heap size (-Xmx/-Xms)
#   Decrease number of Java threads
#   Decrease Java thread stack sizes (-Xss)
#   Set larger code cache with -XX:ReservedCodeCacheSize=
# This output file may be truncated or incomplete.
#
#  Out of Memory Error (allocation.cpp:273), pid=10204, tid=9348
#
# JRE version: Java(TM) SE Runtime Environment (8.0_20-b26) (build 1.8.0_20-b26)
# Java VM: Java HotSpot(TM) 64-Bit Server VM (25.20-b23 mixed mode windows-amd64 compressed oops)
# Failed to write core dump. Minidumps are not enabled by default on client versions of Windows
#

---------------  T H R E A D  ---------------

Current thread (0x00000000150df800):  JavaThread "C2 CompilerThread1" daemon [_thread_in_native, id=9348, stack(0x0000000016740000,0x0000000016840000)]

Stack: [0x0000000016740000,0x0000000016840000]
Native frames: (J=compiled Java code, j=interpreted, Vv=VM code, C=native code)
V  [jvm.dll+0x3152fa]


Current CompileTask:
C2:   4242 1229       4       com.android.dx.ssa.SCCP::simulatePhi (169 bytes)


---------------  P R O C E S S  ---------------

Java Threads: ( => current thread )
  0x0000000016bd5800 JavaThread "pool-1-thread-4" [_thread_blocked, id=508, stack(0x0000000017340000,0x0000000017440000)]
  0x0000000016ba3800 JavaThread "pool-1-thread-3" [_thread_blocked, id=2772, stack(0x0000000017240000,0x0000000017340000)]
  0x0000000016b9d000 JavaThread "pool-1-thread-2" [_thread_blocked, id=10224, stack(0x0000000017140000,0x0000000017240000)]
  0x0000000016b9c000 JavaThread "pool-2-thread-1" [_thread_blocked, id=9332, stack(0x0000000017040000,0x0000000017140000)]
  0x0000000016b95800 JavaThread "pool-1-thread-1" [_thread_blocked, id=2356, stack(0x0000000016f40000,0x0000000017040000)]
  0x0000000016945000 JavaThread "Service Thread" daemon [_thread_blocked, id=8272, stack(0x0000000016d40000,0x0000000016e40000)]
  0x0000000015135800 JavaThread "C1 CompilerThread2" daemon [_thread_blocked, id=5048, stack(0x0000000016840000,0x0000000016940000)]
=>0x00000000150df800 JavaThread "C2 CompilerThread1" daemon [_thread_in_native, id=9348, stack(0x0000000016740000,0x0000000016840000)]
  0x00000000150dc000 JavaThread "C2 CompilerThread0" daemon [_thread_in_native, id=8724, stack(0x0000000016640000,0x0000000016740000)]
  0x00000000150db000 JavaThread "Attach Listener" daemon [_thread_blocked, id=5592, stack(0x0000000016540000,0x0000000016640000)]
  0x00000000150d9800 JavaThread "Signal Dispatcher" daemon [_thread_blocked, id=4348, stack(0x0000000016440000,0x0000000016540000)]
  0x00000000029a0800 JavaThread "Finalizer" daemon [_thread_blocked, id=9856, stack(0x0000000016340000,0x0000000016440000)]
  0x000000000299d000 JavaThread "Reference Handler" daemon [_thread_blocked, id=3076, stack(0x0000000016240000,0x0000000016340000)]
  0x0000000002a0d800 JavaThread "main" [_thread_in_vm, id=4644, stack(0x0000000002790000,0x0000000002890000)]

Other Threads:
  0x00000000150a5800 VMThread [stack: 0x0000000016140000,0x0000000016240000] [id=8548]
  0x0000000016948000 WatcherThread [stack: 0x0000000016e40000,0x0000000016f40000] [id=3928]

VM state:not at safepoint (normal execution)

VM Mutex/Monitor currently owned by a thread: None

Heap:
 PSYoungGen      total 38400K, used 9740K [0x00000000eab00000, 0x00000000ef600000, 0x0000000100000000)
  eden space 33280K, 13% used [0x00000000eab00000,0x00000000eaf84828,0x00000000ecb80000)
  from space 5120K, 99% used [0x00000000ecb80000,0x00000000ed07eac8,0x00000000ed080000)
  to   space 5120K, 0% used [0x00000000ef100000,0x00000000ef100000,0x00000000ef600000)
 ParOldGen       total 87552K, used 1526K [0x00000000c0000000, 0x00000000c5580000, 0x00000000eab00000)
  object space 87552K, 1% used [0x00000000c0000000,0x00000000c017dbc8,0x00000000c5580000)
 Metaspace       used 5855K, capacity 6896K, committed 7040K, reserved 1056768K
  class space    used 584K, capacity 616K, committed 640K, reserved 1048576K

Card table byte_map: [0x0000000011dd0000,0x0000000011fe0000] byte_map_base: 0x00000000117d0000

Marking Bits: (ParMarkBitMap*) 0x000000006669b460
 Begin Bits: [0x0000000012540000, 0x0000000013540000)
 End Bits:   [0x0000000013540000, 0x0000000014540000)

Polling page: 0x00000000011e0000

CodeCache: size=245760Kb used=5047Kb max_used=5047Kb free=240712Kb
 bounds [0x0000000002a10000, 0x0000000002f10000, 0x0000000011a10000]
 total_blobs=1568 nmethods=1304 adapters=178
 compilation: enabled

Compilation events (10 events):
Event: 4.223 Thread 0x0000000015135800 1308       3       com.android.dx.ssa.DomFront::<init> (60 bytes)
Event: 4.224 Thread 0x0000000015135800 nmethod 1308 0x0000000002efdad0 code [0x0000000002efdc60, 0x0000000002efe2b0]
Event: 4.224 Thread 0x0000000015135800 1306   !   3       com.android.dx.cf.code.OneLocalsArray::set (106 bytes)
Event: 4.225 Thread 0x0000000015135800 nmethod 1306 0x0000000002efe590 code [0x0000000002efe7c0, 0x0000000002eff598]
Event: 4.225 Thread 0x0000000015135800 1309       1       com.android.dx.rop.code.Insn$BaseVisitor::visitThrowingCstInsn (1 bytes)
Event: 4.225 Thread 0x0000000015135800 nmethod 1309 0x0000000002effb90 code [0x0000000002effce0, 0x0000000002effdf0]
Event: 4.225 Thread 0x0000000015135800 1305       3       com.android.dx.rop.code.LocalVariableInfo::addAssignment (43 bytes)
Event: 4.225 Thread 0x0000000015135800 nmethod 1305 0x0000000002effe50 code [0x0000000002f00020, 0x0000000002f008a8]
Event: 4.226 Thread 0x0000000015135800 1310       3       java.util.concurrent.locks.AbstractQueuedSynchronizer::setState (6 bytes)
Event: 4.226 Thread 0x0000000015135800 nmethod 1310 0x0000000002f00c10 code [0x0000000002f00d60, 0x0000000002f00eb0]

GC Heap History (2 events):
Event: 4.018 GC heap before
{Heap before GC invocations=1 (full 0):
 PSYoungGen      total 38400K, used 33280K [0x00000000eab00000, 0x00000000ed580000, 0x0000000100000000)
  eden space 33280K, 100% used [0x00000000eab00000,0x00000000ecb80000,0x00000000ecb80000)
  from space 5120K, 0% used [0x00000000ed080000,0x00000000ed080000,0x00000000ed580000)
  to   space 5120K, 0% used [0x00000000ecb80000,0x00000000ecb80000,0x00000000ed080000)
 ParOldGen       total 87552K, used 0K [0x00000000c0000000, 0x00000000c5580000, 0x00000000eab00000)
  object space 87552K, 0% used [0x00000000c0000000,0x00000000c0000000,0x00000000c5580000)
 Metaspace       used 5826K, capacity 6896K, committed 7040K, reserved 1056768K
  class space    used 583K, capacity 616K, committed 640K, reserved 1048576K
Event: 4.105 GC heap after
Heap after GC invocations=1 (full 0):
 PSYoungGen      total 38400K, used 5114K [0x00000000eab00000, 0x00000000ef600000, 0x0000000100000000)
  eden space 33280K, 0% used [0x00000000eab00000,0x00000000eab00000,0x00000000ecb80000)
  from space 5120K, 99% used [0x00000000ecb80000,0x00000000ed07eac8,0x00000000ed080000)
  to   space 5120K, 0% used [0x00000000ef100000,0x00000000ef100000,0x00000000ef600000)
 ParOldGen       total 87552K, used 1526K [0x00000000c0000000, 0x00000000c5580000, 0x00000000eab00000)
  object space 87552K, 1% used [0x00000000c0000000,0x00000000c017dbc8,0x00000000c5580000)
 Metaspace       used 5826K, capacity 6896K, committed 7040K, reserved 1056768K
  class space    used 583K, capacity 616K, committed 640K, reserved 1048576K
}

Deoptimization events (9 events):
Event: 3.182 Thread 0x0000000002a0d800 Uncommon trap: reason=class_check action=maybe_recompile pc=0x0000000002d02ad4 method=com.android.dx.ssa.NormalSsaInsn.accept(Lcom/android/dx/ssa/SsaInsn$Visitor;)V @ 9
Event: 3.182 Thread 0x0000000002a0d800 Uncommon trap: reason=class_check action=maybe_recompile pc=0x0000000002d02ad4 method=com.android.dx.ssa.NormalSsaInsn.accept(Lcom/android/dx/ssa/SsaInsn$Visitor;)V @ 9
Event: 3.182 Thread 0x0000000002a0d800 Uncommon trap: reason=class_check action=maybe_recompile pc=0x0000000002d02ad4 method=com.android.dx.ssa.NormalSsaInsn.accept(Lcom/android/dx/ssa/SsaInsn$Visitor;)V @ 9
Event: 3.186 Thread 0x0000000002a0d800 Uncommon trap: reason=class_check action=maybe_recompile pc=0x0000000002d02ad4 method=com.android.dx.ssa.NormalSsaInsn.accept(Lcom/android/dx/ssa/SsaInsn$Visitor;)V @ 9
Event: 3.208 Thread 0x0000000016bd5800 Uncommon trap: reason=class_check action=maybe_recompile pc=0x0000000002c9b870 method=com.android.dx.ssa.NormalSsaInsn.accept(Lcom/android/dx/ssa/SsaInsn$Visitor;)V @ 9
Event: 3.728 Thread 0x0000000002a0d800 Uncommon trap: reason=null_check action=make_not_entrant pc=0x0000000002d8be74 method=com.android.dx.ssa.SsaRenamer.getLocalForNewReg(I)Lcom/android/dx/rop/code/LocalItem; @ 19
Event: 3.740 Thread 0x0000000002a0d800 Uncommon trap: reason=null_check action=make_not_entrant pc=0x0000000002db9cb0 method=com.android.dx.ssa.SsaRenamer.getLocalForNewReg(I)Lcom/android/dx/rop/code/LocalItem; @ 19
Event: 3.980 Thread 0x0000000002a0d800 Uncommon trap: reason=unreached action=reinterpret pc=0x0000000002da7f5c method=com.android.dx.rop.cst.Constant.compareTo(Lcom/android/dx/rop/cst/Constant;)I @ 12
Event: 3.980 Thread 0x0000000002a0d800 Uncommon trap: reason=class_check action=maybe_recompile pc=0x0000000002eae758 method=java.util.HashMap.putVal(ILjava/lang/Object;Ljava/lang/Object;ZZ)Ljava/lang/Object; @ 203

Internal exceptions (10 events):
Event: 2.893 Thread 0x0000000016ba3800 Exception <a 'java/security/PrivilegedActionException'> (0x00000000eb480718) thrown at [D:\re\workspace\8-2-build-windows-amd64-cygwin\jdk8u20\1074\hotspot\src\share\vm\prims\jvm.cpp, line 1275]
Event: 2.894 Thread 0x0000000016ba3800 Exception <a 'java/security/PrivilegedActionException'> (0x00000000eb484ff8) thrown at [D:\re\workspace\8-2-build-windows-amd64-cygwin\jdk8u20\1074\hotspot\src\share\vm\prims\jvm.cpp, line 1275]
Event: 2.897 Thread 0x0000000016b95800 Exception <a 'java/security/PrivilegedActionException'> (0x00000000eb4ebee0) thrown at [D:\re\workspace\8-2-build-windows-amd64-cygwin\jdk8u20\1074\hotspot\src\share\vm\prims\jvm.cpp, line 1275]
Event: 2.897 Thread 0x0000000016bd5800 Exception <a 'java/security/PrivilegedActionException'> (0x00000000eb35cba8) thrown at [D:\re\workspace\8-2-build-windows-amd64-cygwin\jdk8u20\1074\hotspot\src\share\vm\prims\jvm.cpp, line 1275]
Event: 2.949 Thread 0x0000000016bd5800 Exception <a 'java/security/PrivilegedActionException'> (0x00000000eb361c80) thrown at [D:\re\workspace\8-2-build-windows-amd64-cygwin\jdk8u20\1074\hotspot\src\share\vm\prims\jvm.cpp, line 1275]
Event: 2.950 Thread 0x0000000016bd5800 Exception <a 'java/security/PrivilegedActionException'> (0x00000000eb3676d0) thrown at [D:\re\workspace\8-2-build-windows-amd64-cygwin\jdk8u20\1074\hotspot\src\share\vm\prims\jvm.cpp, line 1275]
Event: 2.951 Thread 0x0000000016bd5800 Exception <a 'java/security/PrivilegedActionException'> (0x00000000eb36ce18) thrown at [D:\re\workspace\8-2-build-windows-amd64-cygwin\jdk8u20\1074\hotspot\src\share\vm\prims\jvm.cpp, line 1275]
Event: 3.728 Thread 0x0000000002a0d800 Implicit null exception at 0x0000000002d89799 to 0x0000000002d8be4d
Event: 3.729 Thread 0x0000000016b9d000 Exception <a 'java/security/PrivilegedActionException'> (0x00000000ec139b70) thrown at [D:\re\workspace\8-2-build-windows-amd64-cygwin\jdk8u20\1074\hotspot\src\share\vm\prims\jvm.cpp, line 1275]
Event: 3.739 Thread 0x0000000002a0d800 Implicit null exception at 0x0000000002db74bd to 0x0000000002db9c8d

Events (10 events):
Event: 3.980 Thread 0x0000000002a0d800 Uncommon trap: trap_request=0xffffffad fr.pc=0x0000000002da7f5c
Event: 3.980 Thread 0x0000000002a0d800 DEOPT PACKING pc=0x0000000002da7f5c sp=0x000000000288e4e0
Event: 3.980 Thread 0x0000000002a0d800 DEOPT UNPACKING pc=0x0000000002a5556a sp=0x000000000288e480 mode 2
Event: 3.980 Thread 0x0000000002a0d800 Uncommon trap: trap_request=0xffffffde fr.pc=0x0000000002eae758
Event: 3.980 Thread 0x0000000002a0d800 DEOPT PACKING pc=0x0000000002eae758 sp=0x000000000288e800
Event: 3.980 Thread 0x0000000002a0d800 DEOPT UNPACKING pc=0x0000000002a5556a sp=0x000000000288e778 mode 2
Event: 4.017 Executing VM operation: ParallelGCFailedAllocation
Event: 4.105 Executing VM operation: ParallelGCFailedAllocation done
Event: 4.114 loading class sun/misc/Cleaner
Event: 4.114 loading class sun/misc/Cleaner done


Dynamic libraries:
0x00007ff7e5e10000 - 0x00007ff7e5e44000 	C:\Program Files\Java\jdk1.8.0_20\bin\java.exe
0x00007ffa817f0000 - 0x00007ffa819b1000 	C:\Windows\SYSTEM32\ntdll.dll
0x00007ffa7eec0000 - 0x00007ffa7ef6d000 	C:\Windows\system32\KERNEL32.DLL
0x00007ffa7ec80000 - 0x00007ffa7ee5d000 	C:\Windows\system32\KERNELBASE.dll
0x00007ffa81100000 - 0x00007ffa811a6000 	C:\Windows\system32\ADVAPI32.dll
0x00007ffa804d0000 - 0x00007ffa8056d000 	C:\Windows\system32\msvcrt.dll
0x00007ffa80570000 - 0x00007ffa805cb000 	C:\Windows\system32\sechost.dll
0x00007ffa80b60000 - 0x00007ffa80c86000 	C:\Windows\system32\RPCRT4.dll
0x00007ffa81420000 - 0x00007ffa8156e000 	C:\Windows\system32\USER32.dll
0x00007ffa80c90000 - 0x00007ffa80e16000 	C:\Windows\system32\GDI32.dll
0x00007ffa760c0000 - 0x00007ffa76334000 	C:\Windows\WinSxS\amd64_microsoft.windows.common-controls_6595b64144ccf1df_6.0.10240.16384_none_f41f7b285750ef43\COMCTL32.dll
0x00007ffa81060000 - 0x00007ffa81096000 	C:\Windows\system32\IMM32.DLL
0x00007ffa80810000 - 0x00007ffa8096c000 	C:\Windows\system32\MSCTF.dll
0x0000000065a40000 - 0x0000000065b12000 	C:\Program Files\Java\jdk1.8.0_20\jre\bin\msvcr100.dll
0x0000000065ec0000 - 0x0000000066718000 	C:\Program Files\Java\jdk1.8.0_20\jre\bin\server\jvm.dll
0x00007ffa804c0000 - 0x00007ffa804c8000 	C:\Windows\system32\PSAPI.DLL
0x00007ffa7b6a0000 - 0x00007ffa7b6a9000 	C:\Windows\SYSTEM32\WSOCK32.dll
0x00007ffa80af0000 - 0x00007ffa80b59000 	C:\Windows\system32\WS2_32.dll
0x00007ffa80e20000 - 0x00007ffa80e28000 	C:\Windows\system32\NSI.dll
0x00007ffa78870000 - 0x00007ffa78893000 	C:\Windows\SYSTEM32\WINMM.dll
0x00007ffa78840000 - 0x00007ffa7886c000 	C:\Windows\SYSTEM32\WINMMBASE.dll
0x00007ffa7e9a0000 - 0x00007ffa7e9e4000 	C:\Windows\system32\cfgmgr32.dll
0x00007ffa7cb90000 - 0x00007ffa7cbb7000 	C:\Windows\SYSTEM32\DEVOBJ.dll
0x0000000065eb0000 - 0x0000000065ebf000 	C:\Program Files\Java\jdk1.8.0_20\jre\bin\verify.dll
0x0000000065e80000 - 0x0000000065ea8000 	C:\Program Files\Java\jdk1.8.0_20\jre\bin\java.dll
0x0000000065e60000 - 0x0000000065e76000 	C:\Program Files\Java\jdk1.8.0_20\jre\bin\zip.dll
0x00007ffa7ef90000 - 0x00007ffa804b5000 	C:\Windows\system32\SHELL32.dll
0x00007ffa7e2c0000 - 0x00007ffa7e8e9000 	C:\Windows\system32\windows.storage.dll
0x00007ffa81570000 - 0x00007ffa817ec000 	C:\Windows\system32\combase.dll
0x00007ffa810a0000 - 0x00007ffa810f1000 	C:\Windows\system32\shlwapi.dll
0x00007ffa7e270000 - 0x00007ffa7e27f000 	C:\Windows\system32\kernel.appcore.dll
0x00007ffa7e9f0000 - 0x00007ffa7eaa3000 	C:\Windows\system32\shcore.dll
0x00007ffa7e220000 - 0x00007ffa7e26a000 	C:\Windows\system32\powrprof.dll
0x00007ffa7e280000 - 0x00007ffa7e293000 	C:\Windows\system32\profapi.dll
0x00007ffa7b510000 - 0x00007ffa7b69a000 	C:\Windows\SYSTEM32\dbghelp.dll

VM Arguments:
jvm_args: -Xmx1024M -Dfile.encoding=windows-1252 -Duser.country=IN -Duser.language=en -Duser.variant 
java_command: com.android.dx.command.Main --dex --num-threads=4 --output C:\Users\AARTI\AndroidStudioProjects\AndNrbyRevamp\app\build\intermediates\pre-dexed\debug\classes-3491f355b3f5a3bbde44c170dc663cf454ee85d0.jar C:\Users\AARTI\AndroidStudioProjects\AndNrbyRevamp\app\build\intermediates\exploded-aar\com.facebook.android\facebook-android-sdk\4.1.0\jars\classes.jar
java_class_path (initial): C:\Users\AARTI\AppData\Local\Android\sdk\build-tools\23.0.1\lib\dx.jar
Launcher Type: SUN_STANDARD

Environment Variables:
PATH=C:\ProgramData\Oracle\Java\javapath;C:\Program Files (x86)\Intel\iCLS Client\;C:\Program Files\Intel\iCLS Client\;C:\Windows\system32;C:\Windows;C:\Windows\System32\Wbem;C:\Windows\System32\WindowsPowerShell\v1.0\;C:\Program Files (x86)\Intel\Intel(R) Management Engine Components\DAL;C:\Program Files\Intel\Intel(R) Management Engine Components\DAL;C:\Program Files (x86)\Intel\Intel(R) Management Engine Components\IPT;C:\Program Files\Intel\Intel(R) Management Engine Components\IPT;c:\Program Files (x86)\ATI Technologies\ATI.ACE\Core-Static;C:\ProgramData\Oracle\Java\javapath;C:\Program Files (x86)\Intel\iCLS Client\;C:\Program Files\Intel\iCLS Client\;C:\Windows\system32;C:\Windows;C:\Windows\System32\Wbem;C:\Windows\System32\WindowsPowerShell\v1.0\;C:\Program Files (x86)\Intel\Intel(R) Management Engine Components\DAL;C:\Program Files\Intel\Intel(R) Management Engine Components\DAL;C:\Program Files (x86)\Intel\Intel(R) Management Engine Components\IPT;C:\Program Files\Intel\Intel(R) Management Engine Components\IPT;c:\Program Files (x86)\ATI Technologies\ATI.ACE\Core-Static
USERNAME=AARTI
OS=Windows_NT
PROCESSOR_IDENTIFIER=Intel64 Family 6 Model 61 Stepping 4, GenuineIntel



---------------  S Y S T E M  ---------------

OS: Windows 8.1 , 64 bit Build 9600 

CPU:total 4 (2 cores per cpu, 2 threads per core) family 6 model 61 stepping 4, cmov, cx8, fxsr, mmx, sse, sse2, sse3, ssse3, sse4.1, sse4.2, popcnt, avx, avx2, aes, clmul, erms, lzcnt, ht, tsc, tscinvbit, bmi1, bmi2

Memory: 4k page, physical 8301964k(2380216k free), swap 33467788k(5120k free)

vm_info: Java HotSpot(TM) 64-Bit Server VM (25.20-b23) for windows-amd64 JRE (1.8.0_20-b26), built on Jul 30 2014 13:51:23 by "java_re" with MS VC++ 10.0 (VS2010)

time: Sun Dec 27 20:54:26 2015
elapsed time: 4 seconds (0d 0h 0m 4s)

