#
# There is insufficient memory for the Java Runtime Environment to continue.
# Native memory allocation (malloc) failed to allocate 1096176 bytes for Chunk::new
# Possible reasons:
#   The system is out of physical RAM or swap space
#   In 32 bit mode, the process size limit was hit
# Possible solutions:
#   Reduce memory load on the system
#   Increase physical memory or swap space
#   Check if swap backing store is full
#   Use 64 bit Java on a 64 bit OS
#   Decrease Java heap size (-Xmx/-Xms)
#   Decrease number of Java threads
#   Decrease Java thread stack sizes (-Xss)
#   Set larger code cache with -XX:ReservedCodeCacheSize=
# This output file may be truncated or incomplete.
#
#  Out of Memory Error (allocation.cpp:390), pid=2224, tid=2972
#
# JRE version: Java(TM) SE Runtime Environment (8.0_20-b26) (build 1.8.0_20-b26)
# Java VM: Java HotSpot(TM) 64-Bit Server VM (25.20-b23 mixed mode windows-amd64 compressed oops)
# Failed to write core dump. Minidumps are not enabled by default on client versions of Windows
#

---------------  T H R E A D  ---------------

Current thread (0x000000001485f000):  JavaThread "C2 CompilerThread1" daemon [_thread_in_native, id=2972, stack(0x0000000015e70000,0x0000000015f70000)]

Stack: [0x0000000015e70000,0x0000000015f70000]
Native frames: (J=compiled Java code, j=interpreted, Vv=VM code, C=native code)
V  [jvm.dll+0x3152fa]
V  [jvm.dll+0x265d03]
V  [jvm.dll+0x266943]
V  [jvm.dll+0x25e265]
V  [jvm.dll+0xbe255]
V  [jvm.dll+0xbe6fc]
V  [jvm.dll+0x45c472]
V  [jvm.dll+0x49d76f]
V  [jvm.dll+0x451438]
V  [jvm.dll+0x452634]
V  [jvm.dll+0x435fc2]
V  [jvm.dll+0x97b62]
V  [jvm.dll+0x98353]
V  [jvm.dll+0x22aac4]
V  [jvm.dll+0x283f5a]
C  [msvcr100.dll+0x21d9f]
C  [msvcr100.dll+0x21e3b]
C  [KERNEL32.DLL+0x12d92]
C  [ntdll.dll+0x9f64]


Current CompileTask:
C2:   4780 1588       4       com.android.dx.rop.code.Rops::ropFor (771 bytes)


---------------  P R O C E S S  ---------------

Java Threads: ( => current thread )
  0x00000000163c3800 JavaThread "pool-1-thread-4" [_thread_blocked, id=5924, stack(0x0000000016a70000,0x0000000016b70000)]
  0x00000000163bf800 JavaThread "pool-1-thread-3" [_thread_in_Java, id=7264, stack(0x0000000016970000,0x0000000016a70000)]
  0x00000000163ba800 JavaThread "pool-1-thread-2" [_thread_blocked, id=408, stack(0x0000000016870000,0x0000000016970000)]
  0x00000000163b5800 JavaThread "pool-2-thread-1" [_thread_blocked, id=1232, stack(0x0000000016770000,0x0000000016870000)]
  0x00000000163b4800 JavaThread "pool-1-thread-1" [_thread_in_Java, id=9148, stack(0x0000000016670000,0x0000000016770000)]
  0x000000001486c000 JavaThread "Service Thread" daemon [_thread_blocked, id=6492, stack(0x0000000016070000,0x0000000016170000)]
  0x0000000014863000 JavaThread "C1 CompilerThread2" daemon [_thread_in_vm, id=2084, stack(0x0000000015f70000,0x0000000016070000)]
=>0x000000001485f000 JavaThread "C2 CompilerThread1" daemon [_thread_in_native, id=2972, stack(0x0000000015e70000,0x0000000015f70000)]
  0x000000001480b800 JavaThread "C2 CompilerThread0" daemon [_thread_in_native, id=724, stack(0x0000000015d70000,0x0000000015e70000)]
  0x000000001480a000 JavaThread "Attach Listener" daemon [_thread_blocked, id=864, stack(0x0000000015c70000,0x0000000015d70000)]
  0x0000000014809000 JavaThread "Signal Dispatcher" daemon [_thread_blocked, id=9132, stack(0x0000000015b70000,0x0000000015c70000)]
  0x000000000212f000 JavaThread "Finalizer" daemon [_thread_blocked, id=6756, stack(0x0000000015a70000,0x0000000015b70000)]
  0x000000000212d800 JavaThread "Reference Handler" daemon [_thread_blocked, id=3768, stack(0x0000000015970000,0x0000000015a70000)]
  0x00000000005cd800 JavaThread "main" [_thread_in_Java, id=928, stack(0x0000000001e40000,0x0000000001f40000)]

Other Threads:
  0x00000000147d5800 VMThread [stack: 0x0000000015870000,0x0000000015970000] [id=9172]
  0x0000000016170800 WatcherThread [stack: 0x0000000016570000,0x0000000016670000] [id=4412]

VM state:not at safepoint (normal execution)

VM Mutex/Monitor currently owned by a thread: None

Heap:
 PSYoungGen      total 38400K, used 32853K [0x00000000eab00000, 0x00000000ed580000, 0x0000000100000000)
  eden space 33280K, 83% used [0x00000000eab00000,0x00000000ec61bb20,0x00000000ecb80000)
  from space 5120K, 99% used [0x00000000ecb80000,0x00000000ed079c98,0x00000000ed080000)
  to   space 5120K, 0% used [0x00000000ed080000,0x00000000ed080000,0x00000000ed580000)
 ParOldGen       total 87552K, used 1508K [0x00000000c0000000, 0x00000000c5580000, 0x00000000eab00000)
  object space 87552K, 1% used [0x00000000c0000000,0x00000000c01790a0,0x00000000c5580000)
 Metaspace       used 6050K, capacity 7088K, committed 7296K, reserved 1056768K
  class space    used 584K, capacity 616K, committed 640K, reserved 1048576K

Card table byte_map: [0x0000000011500000,0x0000000011710000] byte_map_base: 0x0000000010f00000

Marking Bits: (ParMarkBitMap*) 0x000000006669b460
 Begin Bits: [0x0000000011c70000, 0x0000000012c70000)
 End Bits:   [0x0000000012c70000, 0x0000000013c70000)

Polling page: 0x0000000000630000

CodeCache: size=245760Kb used=6625Kb max_used=6625Kb free=239134Kb
 bounds [0x0000000002140000, 0x00000000027d0000, 0x0000000011140000]
 total_blobs=1851 nmethods=1587 adapters=178
 compilation: enabled

Compilation events (10 events):
Event: 4.450 Thread 0x000000001485f000 nmethod 1548 0x00000000027b1950 code [0x00000000027b1ae0, 0x00000000027b1f48]
Event: 4.558 Thread 0x000000001485f000 1584       4       java.util.HashMap::resize (359 bytes)
Event: 4.570 Thread 0x000000001485f000 nmethod 1584 0x00000000027bb0d0 code [0x00000000027bb240, 0x00000000027bb6f8]
Event: 4.571 Thread 0x0000000014863000 1585       3       com.android.dx.dex.code.RopTranslator::access$600 (6 bytes)
Event: 4.571 Thread 0x0000000014863000 nmethod 1585 0x00000000027bc690 code [0x00000000027bc800, 0x00000000027bc968]
Event: 4.572 Thread 0x000000001485f000 1586       4       java.util.TreeMap::put (247 bytes)
Event: 4.599 Thread 0x000000001485f000 nmethod 1586 0x00000000027b3cd0 code [0x00000000027b3e60, 0x00000000027b47c8]
Event: 4.600 Thread 0x0000000014863000 1587       3       com.android.dx.ssa.SsaBasicBlock::insertNewSuccessor (228 bytes)
Event: 4.602 Thread 0x0000000014863000 nmethod 1587 0x00000000027bead0 code [0x00000000027bee00, 0x00000000027c02e8]
Event: 4.605 Thread 0x000000001485f000 1588       4       com.android.dx.rop.code.Rops::ropFor (771 bytes)

GC Heap History (2 events):
Event: 2.652 GC heap before
{Heap before GC invocations=1 (full 0):
 PSYoungGen      total 38400K, used 33280K [0x00000000eab00000, 0x00000000ed580000, 0x0000000100000000)
  eden space 33280K, 100% used [0x00000000eab00000,0x00000000ecb80000,0x00000000ecb80000)
  from space 5120K, 0% used [0x00000000ed080000,0x00000000ed080000,0x00000000ed580000)
  to   space 5120K, 0% used [0x00000000ecb80000,0x00000000ecb80000,0x00000000ed080000)
 ParOldGen       total 87552K, used 0K [0x00000000c0000000, 0x00000000c5580000, 0x00000000eab00000)
  object space 87552K, 0% used [0x00000000c0000000,0x00000000c0000000,0x00000000c5580000)
 Metaspace       used 5860K, capacity 6960K, committed 7040K, reserved 1056768K
  class space    used 583K, capacity 616K, committed 640K, reserved 1048576K
Event: 2.668 GC heap after
Heap after GC invocations=1 (full 0):
 PSYoungGen      total 38400K, used 5095K [0x00000000eab00000, 0x00000000ed580000, 0x0000000100000000)
  eden space 33280K, 0% used [0x00000000eab00000,0x00000000eab00000,0x00000000ecb80000)
  from space 5120K, 99% used [0x00000000ecb80000,0x00000000ed079c98,0x00000000ed080000)
  to   space 5120K, 0% used [0x00000000ed080000,0x00000000ed080000,0x00000000ed580000)
 ParOldGen       total 87552K, used 1508K [0x00000000c0000000, 0x00000000c5580000, 0x00000000eab00000)
  object space 87552K, 1% used [0x00000000c0000000,0x00000000c01790a0,0x00000000c5580000)
 Metaspace       used 5860K, capacity 6960K, committed 7040K, reserved 1056768K
  class space    used 583K, capacity 616K, committed 640K, reserved 1048576K
}

Deoptimization events (9 events):
Event: 1.555 Thread 0x00000000163bf800 Uncommon trap: reason=class_check action=maybe_recompile pc=0x00000000023ab5ac method=com.android.dx.ssa.NormalSsaInsn.accept(Lcom/android/dx/ssa/SsaInsn$Visitor;)V @ 9
Event: 1.555 Thread 0x00000000163bf800 Uncommon trap: reason=class_check action=maybe_recompile pc=0x000000000239f5f0 method=com.android.dx.ssa.NormalSsaInsn.accept(Lcom/android/dx/ssa/SsaInsn$Visitor;)V @ 9
Event: 1.719 Thread 0x00000000163b4800 Uncommon trap: reason=class_check action=maybe_recompile pc=0x00000000023ab5ac method=com.android.dx.ssa.NormalSsaInsn.accept(Lcom/android/dx/ssa/SsaInsn$Visitor;)V @ 9
Event: 1.719 Thread 0x00000000163b4800 Uncommon trap: reason=class_check action=maybe_recompile pc=0x00000000023ab5ac method=com.android.dx.ssa.NormalSsaInsn.accept(Lcom/android/dx/ssa/SsaInsn$Visitor;)V @ 9
Event: 1.719 Thread 0x00000000163b4800 Uncommon trap: reason=class_check action=maybe_recompile pc=0x000000000239f5f0 method=com.android.dx.ssa.NormalSsaInsn.accept(Lcom/android/dx/ssa/SsaInsn$Visitor;)V @ 9
Event: 2.498 Thread 0x00000000163ba800 Uncommon trap: reason=bimorphic action=maybe_recompile pc=0x00000000025fba6c method=com.android.dx.cf.code.BytecodeArray.parseInstruction(ILcom/android/dx/cf/code/BytecodeArray$Visitor;)I @ 1035
Event: 2.498 Thread 0x00000000163ba800 Uncommon trap: reason=bimorphic action=maybe_recompile pc=0x00000000025fbae4 method=com.android.dx.cf.code.BytecodeArray.parseInstruction(ILcom/android/dx/cf/code/BytecodeArray$Visitor;)I @ 1051
Event: 2.498 Thread 0x00000000163ba800 Uncommon trap: reason=bimorphic action=maybe_recompile pc=0x00000000025fba6c method=com.android.dx.cf.code.BytecodeArray.parseInstruction(ILcom/android/dx/cf/code/BytecodeArray$Visitor;)I @ 1035
Event: 2.498 Thread 0x00000000163ba800 Uncommon trap: reason=bimorphic action=maybe_recompile pc=0x00000000025fbae4 method=com.android.dx.cf.code.BytecodeArray.parseInstruction(ILcom/android/dx/cf/code/BytecodeArray$Visitor;)I @ 1051

Internal exceptions (10 events):
Event: 1.551 Thread 0x00000000163b4800 Exception <a 'java/security/PrivilegedActionException'> (0x00000000eb91d340) thrown at [D:\re\workspace\8-2-build-windows-amd64-cygwin\jdk8u20\1074\hotspot\src\share\vm\prims\jvm.cpp, line 1275]
Event: 1.552 Thread 0x00000000163b4800 Exception <a 'java/security/PrivilegedActionException'> (0x00000000eb922d90) thrown at [D:\re\workspace\8-2-build-windows-amd64-cygwin\jdk8u20\1074\hotspot\src\share\vm\prims\jvm.cpp, line 1275]
Event: 1.553 Thread 0x00000000163b4800 Exception <a 'java/security/PrivilegedActionException'> (0x00000000eb928588) thrown at [D:\re\workspace\8-2-build-windows-amd64-cygwin\jdk8u20\1074\hotspot\src\share\vm\prims\jvm.cpp, line 1275]
Event: 1.554 Thread 0x00000000163b4800 Exception <a 'java/security/PrivilegedActionException'> (0x00000000eb92d640) thrown at [D:\re\workspace\8-2-build-windows-amd64-cygwin\jdk8u20\1074\hotspot\src\share\vm\prims\jvm.cpp, line 1275]
Event: 1.703 Thread 0x00000000163b4800 Exception <a 'java/security/PrivilegedActionException'> (0x00000000ebcf1370) thrown at [D:\re\workspace\8-2-build-windows-amd64-cygwin\jdk8u20\1074\hotspot\src\share\vm\prims\jvm.cpp, line 1275]
Event: 1.718 Thread 0x00000000005cd800 Exception <a 'java/security/PrivilegedActionException'> (0x00000000ebccab50) thrown at [D:\re\workspace\8-2-build-windows-amd64-cygwin\jdk8u20\1074\hotspot\src\share\vm\prims\jvm.cpp, line 1275]
Event: 1.745 Thread 0x00000000163ba800 Exception <a 'java/security/PrivilegedActionException'> (0x00000000ebbdb978) thrown at [D:\re\workspace\8-2-build-windows-amd64-cygwin\jdk8u20\1074\hotspot\src\share\vm\prims\jvm.cpp, line 1275]
Event: 1.917 Thread 0x00000000005cd800 Exception <a 'java/security/PrivilegedActionException'> (0x00000000ebe9d5e0) thrown at [D:\re\workspace\8-2-build-windows-amd64-cygwin\jdk8u20\1074\hotspot\src\share\vm\prims\jvm.cpp, line 1275]
Event: 2.528 Thread 0x00000000005cd800 Exception <a 'java/security/PrivilegedActionException'> (0x00000000ec856a68) thrown at [D:\re\workspace\8-2-build-windows-amd64-cygwin\jdk8u20\1074\hotspot\src\share\vm\prims\jvm.cpp, line 1275]
Event: 4.237 Thread 0x00000000163bf800 Exception <a 'java/security/PrivilegedActionException'> (0x00000000eb85f298) thrown at [D:\re\workspace\8-2-build-windows-amd64-cygwin\jdk8u20\1074\hotspot\src\share\vm\prims\jvm.cpp, line 1275]

Events (10 events):
Event: 2.528 loading class com/android/dx/cf/attrib/AttExceptions
Event: 2.528 loading class com/android/dx/cf/attrib/AttExceptions done
Event: 2.558 Executing VM operation: ParallelGCFailedAllocation
Event: 2.668 Executing VM operation: ParallelGCFailedAllocation done
Event: 2.702 loading class sun/misc/Cleaner
Event: 2.702 loading class sun/misc/Cleaner done
Event: 4.237 loading class com/android/dx/rop/code/RegisterSpec$1
Event: 4.237 loading class com/android/dx/rop/code/RegisterSpec$1 done
Event: 4.450 Executing VM operation: EnableBiasedLocking
Event: 4.558 Executing VM operation: EnableBiasedLocking done


Dynamic libraries:
0x00007ff7e5e10000 - 0x00007ff7e5e44000 	C:\Program Files\Java\jdk1.8.0_20\bin\java.exe
0x00007ffa817f0000 - 0x00007ffa819b1000 	C:\Windows\SYSTEM32\ntdll.dll
0x00007ffa7eec0000 - 0x00007ffa7ef6d000 	C:\Windows\system32\KERNEL32.DLL
0x00007ffa7ec80000 - 0x00007ffa7ee5d000 	C:\Windows\system32\KERNELBASE.dll
0x00007ffa81100000 - 0x00007ffa811a6000 	C:\Windows\system32\ADVAPI32.dll
0x00007ffa804d0000 - 0x00007ffa8056d000 	C:\Windows\system32\msvcrt.dll
0x00007ffa80570000 - 0x00007ffa805cb000 	C:\Windows\system32\sechost.dll
0x00007ffa80b60000 - 0x00007ffa80c86000 	C:\Windows\system32\RPCRT4.dll
0x00007ffa81420000 - 0x00007ffa8156e000 	C:\Windows\system32\USER32.dll
0x00007ffa80c90000 - 0x00007ffa80e16000 	C:\Windows\system32\GDI32.dll
0x00007ffa760c0000 - 0x00007ffa76334000 	C:\Windows\WinSxS\amd64_microsoft.windows.common-controls_6595b64144ccf1df_6.0.10240.16384_none_f41f7b285750ef43\COMCTL32.dll
0x00007ffa81060000 - 0x00007ffa81096000 	C:\Windows\system32\IMM32.DLL
0x00007ffa80810000 - 0x00007ffa8096c000 	C:\Windows\system32\MSCTF.dll
0x0000000065a40000 - 0x0000000065b12000 	C:\Program Files\Java\jdk1.8.0_20\jre\bin\msvcr100.dll
0x0000000065ec0000 - 0x0000000066718000 	C:\Program Files\Java\jdk1.8.0_20\jre\bin\server\jvm.dll
0x00007ffa804c0000 - 0x00007ffa804c8000 	C:\Windows\system32\PSAPI.DLL
0x00007ffa7b6a0000 - 0x00007ffa7b6a9000 	C:\Windows\SYSTEM32\WSOCK32.dll
0x00007ffa80af0000 - 0x00007ffa80b59000 	C:\Windows\system32\WS2_32.dll
0x00007ffa80e20000 - 0x00007ffa80e28000 	C:\Windows\system32\NSI.dll
0x00007ffa78870000 - 0x00007ffa78893000 	C:\Windows\SYSTEM32\WINMM.dll
0x00007ffa78840000 - 0x00007ffa7886c000 	C:\Windows\SYSTEM32\WINMMBASE.dll
0x00007ffa7e9a0000 - 0x00007ffa7e9e4000 	C:\Windows\system32\cfgmgr32.dll
0x00007ffa7cb90000 - 0x00007ffa7cbb7000 	C:\Windows\SYSTEM32\DEVOBJ.dll
0x0000000065eb0000 - 0x0000000065ebf000 	C:\Program Files\Java\jdk1.8.0_20\jre\bin\verify.dll
0x0000000065e80000 - 0x0000000065ea8000 	C:\Program Files\Java\jdk1.8.0_20\jre\bin\java.dll
0x0000000065e60000 - 0x0000000065e76000 	C:\Program Files\Java\jdk1.8.0_20\jre\bin\zip.dll
0x00007ffa7ef90000 - 0x00007ffa804b5000 	C:\Windows\system32\SHELL32.dll
0x00007ffa7e2c0000 - 0x00007ffa7e8e9000 	C:\Windows\system32\windows.storage.dll
0x00007ffa81570000 - 0x00007ffa817ec000 	C:\Windows\system32\combase.dll
0x00007ffa810a0000 - 0x00007ffa810f1000 	C:\Windows\system32\shlwapi.dll
0x00007ffa7e270000 - 0x00007ffa7e27f000 	C:\Windows\system32\kernel.appcore.dll
0x00007ffa7e9f0000 - 0x00007ffa7eaa3000 	C:\Windows\system32\shcore.dll
0x00007ffa7e220000 - 0x00007ffa7e26a000 	C:\Windows\system32\powrprof.dll
0x00007ffa7e280000 - 0x00007ffa7e293000 	C:\Windows\system32\profapi.dll
0x00007ffa7b510000 - 0x00007ffa7b69a000 	C:\Windows\SYSTEM32\dbghelp.dll

VM Arguments:
jvm_args: -Xmx1024M -Dfile.encoding=windows-1252 -Duser.country=IN -Duser.language=en -Duser.variant 
java_command: com.android.dx.command.Main --dex --num-threads=4 --output C:\Users\AARTI\AndroidStudioProjects\AndNrbyRevamp\app\build\intermediates\pre-dexed\debug\internal_impl-23.1.1-95f131817e6f903365fbf4af5f9aab2e424e4e11.jar C:\Users\AARTI\AndroidStudioProjects\AndNrbyRevamp\app\build\intermediates\exploded-aar\com.android.support\support-v4\23.1.1\jars\libs\internal_impl-23.1.1.jar
java_class_path (initial): C:\Users\AARTI\AppData\Local\Android\sdk\build-tools\23.0.1\lib\dx.jar
Launcher Type: SUN_STANDARD

Environment Variables:
PATH=C:\ProgramData\Oracle\Java\javapath;C:\Program Files (x86)\Intel\iCLS Client\;C:\Program Files\Intel\iCLS Client\;C:\Windows\system32;C:\Windows;C:\Windows\System32\Wbem;C:\Windows\System32\WindowsPowerShell\v1.0\;C:\Program Files (x86)\Intel\Intel(R) Management Engine Components\DAL;C:\Program Files\Intel\Intel(R) Management Engine Components\DAL;C:\Program Files (x86)\Intel\Intel(R) Management Engine Components\IPT;C:\Program Files\Intel\Intel(R) Management Engine Components\IPT;c:\Program Files (x86)\ATI Technologies\ATI.ACE\Core-Static;C:\ProgramData\Oracle\Java\javapath;C:\Program Files (x86)\Intel\iCLS Client\;C:\Program Files\Intel\iCLS Client\;C:\Windows\system32;C:\Windows;C:\Windows\System32\Wbem;C:\Windows\System32\WindowsPowerShell\v1.0\;C:\Program Files (x86)\Intel\Intel(R) Management Engine Components\DAL;C:\Program Files\Intel\Intel(R) Management Engine Components\DAL;C:\Program Files (x86)\Intel\Intel(R) Management Engine Components\IPT;C:\Program Files\Intel\Intel(R) Management Engine Components\IPT;c:\Program Files (x86)\ATI Technologies\ATI.ACE\Core-Static
USERNAME=AARTI
OS=Windows_NT
PROCESSOR_IDENTIFIER=Intel64 Family 6 Model 61 Stepping 4, GenuineIntel



---------------  S Y S T E M  ---------------

OS: Windows 8.1 , 64 bit Build 9600 

CPU:total 4 (2 cores per cpu, 2 threads per core) family 6 model 61 stepping 4, cmov, cx8, fxsr, mmx, sse, sse2, sse3, ssse3, sse4.1, sse4.2, popcnt, avx, avx2, aes, clmul, erms, lzcnt, ht, tsc, tscinvbit, bmi1, bmi2

Memory: 4k page, physical 8301964k(1951252k free), swap 33467788k(21696k free)

vm_info: Java HotSpot(TM) 64-Bit Server VM (25.20-b23) for windows-amd64 JRE (1.8.0_20-b26), built on Jul 30 2014 13:51:23 by "java_re" with MS VC++ 10.0 (VS2010)

time: Sun Dec 27 18:55:51 2015
elapsed time: 4 seconds (0d 0h 0m 4s)

