#
# There is insufficient memory for the Java Runtime Environment to continue.
# Native memory allocation (malloc) failed to allocate 149456 bytes for Chunk::new
# Possible reasons:
#   The system is out of physical RAM or swap space
#   In 32 bit mode, the process size limit was hit
# Possible solutions:
#   Reduce memory load on the system
#   Increase physical memory or swap space
#   Check if swap backing store is full
#   Use 64 bit Java on a 64 bit OS
#   Decrease Java heap size (-Xmx/-Xms)
#   Decrease number of Java threads
#   Decrease Java thread stack sizes (-Xss)
#   Set larger code cache with -XX:ReservedCodeCacheSize=
# This output file may be truncated or incomplete.
#
#  Out of Memory Error (allocation.cpp:390), pid=728, tid=6536
#
# JRE version: Java(TM) SE Runtime Environment (8.0_20-b26) (build 1.8.0_20-b26)
# Java VM: Java HotSpot(TM) 64-Bit Server VM (25.20-b23 mixed mode windows-amd64 compressed oops)
# Failed to write core dump. Minidumps are not enabled by default on client versions of Windows
#

---------------  T H R E A D  ---------------

Current thread (0x000000001482a800):  JavaThread "C2 CompilerThread1" daemon [_thread_in_native, id=6536, stack(0x0000000015e40000,0x0000000015f40000)]

Stack: [0x0000000015e40000,0x0000000015f40000]
[error occurred during error reporting (printing stack bounds), id 0xc0000005]

Native frames: (J=compiled Java code, j=interpreted, Vv=VM code, C=native code)
V  [jvm.dll+0x3152fa]
V  [jvm.dll+0x265d03]
V  [jvm.dll+0x266943]
V  [jvm.dll+0x27f586]
V  [jvm.dll+0x28311c]
V  [jvm.dll+0x5ad52f]
C  [msvcr100.dll+0x712e3]
V  [jvm.dll+0x5acc2d]
C  [ntdll.dll+0x9633d]
C  [ntdll.dll+0x13c00]
C  [ntdll.dll+0x9544a]
V  [jvm.dll+0x205611]


Current CompileTask:
C2:   2290 1171       4       com.android.dx.ssa.SCCP::simulateStmt (481 bytes)


---------------  P R O C E S S  ---------------

Java Threads: ( => current thread )
  0x00000000164fa800 JavaThread "pool-1-thread-4" [_thread_in_Java, id=9544, stack(0x0000000016a40000,0x0000000016b40000)]
  0x0000000016497800 JavaThread "pool-1-thread-3" [_thread_blocked, id=5684, stack(0x0000000016940000,0x0000000016a40000)]
  0x000000001649a800 JavaThread "pool-1-thread-2" [_thread_blocked, id=5036, stack(0x0000000016840000,0x0000000016940000)]
  0x0000000016494800 JavaThread "pool-2-thread-1" [_thread_blocked, id=2880, stack(0x0000000016740000,0x0000000016840000)]
  0x0000000016491800 JavaThread "pool-1-thread-1" [_thread_blocked, id=8824, stack(0x0000000016640000,0x0000000016740000)]
  0x000000001483a800 JavaThread "Service Thread" daemon [_thread_blocked, id=8368, stack(0x0000000016040000,0x0000000016140000)]
  0x0000000014833800 JavaThread "C1 CompilerThread2" daemon [_thread_in_native, id=6300, stack(0x0000000015f40000,0x0000000016040000)]
=>0x000000001482a800 JavaThread "C2 CompilerThread1" daemon [_thread_in_native, id=6536, stack(0x0000000015e40000,0x0000000015f40000)]
  0x00000000147dc000 JavaThread "C2 CompilerThread0" daemon [_thread_in_native, id=8592, stack(0x0000000015d40000,0x0000000015e40000)]
  0x00000000147da800 JavaThread "Attach Listener" daemon [_thread_blocked, id=4736, stack(0x0000000015c40000,0x0000000015d40000)]
  0x00000000147d9800 JavaThread "Signal Dispatcher" daemon [_thread_blocked, id=1624, stack(0x0000000015b40000,0x0000000015c40000)]
  0x00000000020ff000 JavaThread "Finalizer" daemon [_thread_blocked, id=10024, stack(0x0000000015a40000,0x0000000015b40000)]
  0x00000000020fd800 JavaThread "Reference Handler" daemon [_thread_blocked, id=3284, stack(0x0000000015940000,0x0000000015a40000)]
  0x000000000200d800 JavaThread "main" [_thread_blocked, id=3512, stack(0x0000000001ee0000,0x0000000001fe0000)]

Other Threads:
  0x00000000147a5800 VMThread [stack: 0x0000000015840000,0x0000000015940000] [id=4684]
  0x000000001483d800 WatcherThread [stack: 0x0000000016140000,0x0000000016240000] [id=8208]

VM state:not at safepoint (normal execution)

VM Mutex/Monitor currently owned by a thread: None

Heap:
 PSYoungGen      total 38400K, used 12695K [0x00000000eab00000, 0x00000000ed580000, 0x0000000100000000)
  eden space 33280K, 22% used [0x00000000eab00000,0x00000000eb269748,0x00000000ecb80000)
  from space 5120K, 99% used [0x00000000ecb80000,0x00000000ed07c820,0x00000000ed080000)
  to   space 5120K, 0% used [0x00000000ed080000,0x00000000ed080000,0x00000000ed580000)
 ParOldGen       total 87552K, used 1310K [0x00000000c0000000, 0x00000000c5580000, 0x00000000eab00000)
  object space 87552K, 1% used [0x00000000c0000000,0x00000000c0147978,0x00000000c5580000)
 Metaspace       used 5951K, capacity 7024K, committed 7296K, reserved 1056768K
  class space    used 584K, capacity 616K, committed 640K, reserved 1048576K

Card table byte_map: [0x00000000114d0000,0x00000000116e0000] byte_map_base: 0x0000000010ed0000

Marking Bits: (ParMarkBitMap*) 0x000000006669b460
 Begin Bits: [0x0000000011c40000, 0x0000000012c40000)
 End Bits:   [0x0000000012c40000, 0x0000000013c40000)

Polling page: 0x0000000001e70000

CodeCache: size=245760Kb used=5282Kb max_used=5282Kb free=240477Kb
 bounds [0x0000000002110000, 0x0000000002640000, 0x0000000011110000]
 total_blobs=1639 nmethods=1375 adapters=178
 compilation: enabled

Compilation events (10 events):
Event: 2.051 Thread 0x00000000147dc000 1290       4       com.android.dx.rop.code.RegisterSpec$ForComparison::hashCode (16 bytes)
Event: 2.068 Thread 0x00000000147dc000 nmethod 1290 0x0000000002600550 code [0x00000000026006a0, 0x0000000002600b98]
Event: 2.069 Thread 0x00000000147dc000 1287       4       com.android.dx.util.FixedSizeList::hashCode (8 bytes)
Event: 2.075 Thread 0x00000000147dc000 nmethod 1287 0x0000000002601090 code [0x00000000026011e0, 0x0000000002601438]
Event: 2.075 Thread 0x00000000147dc000 1285       4       com.android.dx.ssa.SCCP::addBlockToWorklist (47 bytes)
Event: 2.098 Thread 0x00000000147dc000 nmethod 1285 0x00000000025fce90 code [0x00000000025fd020, 0x00000000025fd8c8]
Event: 2.146 Thread 0x0000000014833800 1299       3       java.util.concurrent.locks.AbstractQueuedSynchronizer::release (33 bytes)
Event: 2.146 Thread 0x0000000014833800 nmethod 1299 0x00000000025fc910 code [0x00000000025fca80, 0x00000000025fcd98]
Event: 2.147 Thread 0x0000000014833800 1300       3       java.util.TreeMap::rotateLeft (96 bytes)
Event: 2.147 Thread 0x0000000014833800 nmethod 1300 0x00000000025ff0d0 code [0x00000000025ff240, 0x00000000025ff590]

GC Heap History (0 events):
No events

Deoptimization events (6 events):
Event: 1.384 Thread 0x000000000200d800 Uncommon trap: reason=class_check action=maybe_recompile pc=0x00000000023a71ec method=com.android.dx.ssa.NormalSsaInsn.accept(Lcom/android/dx/ssa/SsaInsn$Visitor;)V @ 9
Event: 1.384 Thread 0x000000000200d800 Uncommon trap: reason=class_check action=maybe_recompile pc=0x00000000023a71ec method=com.android.dx.ssa.NormalSsaInsn.accept(Lcom/android/dx/ssa/SsaInsn$Visitor;)V @ 9
Event: 1.384 Thread 0x000000000200d800 Uncommon trap: reason=class_check action=maybe_recompile pc=0x00000000023a71ec method=com.android.dx.ssa.NormalSsaInsn.accept(Lcom/android/dx/ssa/SsaInsn$Visitor;)V @ 9
Event: 1.384 Thread 0x000000000200d800 Uncommon trap: reason=class_check action=maybe_recompile pc=0x00000000023a71ec method=com.android.dx.ssa.NormalSsaInsn.accept(Lcom/android/dx/ssa/SsaInsn$Visitor;)V @ 9
Event: 1.384 Thread 0x000000000200d800 Uncommon trap: reason=class_check action=maybe_recompile pc=0x0000000002368030 method=com.android.dx.ssa.NormalSsaInsn.accept(Lcom/android/dx/ssa/SsaInsn$Visitor;)V @ 9
Event: 1.783 Thread 0x00000000164fa800 Uncommon trap: reason=unreached action=reinterpret pc=0x000000000240d9d4 method=com.android.dx.rop.code.LocalItem.hashCode()I @ 25

Internal exceptions (10 events):
Event: 1.294 Thread 0x000000000200d800 Exception <a 'java/security/PrivilegedActionException'> (0x00000000eb6a2808) thrown at [D:\re\workspace\8-2-build-windows-amd64-cygwin\jdk8u20\1074\hotspot\src\share\vm\prims\jvm.cpp, line 1275]
Event: 1.341 Thread 0x000000001649a800 Exception <a 'java/security/PrivilegedActionException'> (0x00000000eb8957c0) thrown at [D:\re\workspace\8-2-build-windows-amd64-cygwin\jdk8u20\1074\hotspot\src\share\vm\prims\jvm.cpp, line 1275]
Event: 1.342 Thread 0x000000001649a800 Exception <a 'java/security/PrivilegedActionException'> (0x00000000eb89b210) thrown at [D:\re\workspace\8-2-build-windows-amd64-cygwin\jdk8u20\1074\hotspot\src\share\vm\prims\jvm.cpp, line 1275]
Event: 1.343 Thread 0x000000001649a800 Exception <a 'java/security/PrivilegedActionException'> (0x00000000eb8a0a08) thrown at [D:\re\workspace\8-2-build-windows-amd64-cygwin\jdk8u20\1074\hotspot\src\share\vm\prims\jvm.cpp, line 1275]
Event: 1.345 Thread 0x000000001649a800 Exception <a 'java/security/PrivilegedActionException'> (0x00000000eb8a5b00) thrown at [D:\re\workspace\8-2-build-windows-amd64-cygwin\jdk8u20\1074\hotspot\src\share\vm\prims\jvm.cpp, line 1275]
Event: 1.402 Thread 0x000000000200d800 Exception <a 'java/security/PrivilegedActionException'> (0x00000000eb955418) thrown at [D:\re\workspace\8-2-build-windows-amd64-cygwin\jdk8u20\1074\hotspot\src\share\vm\prims\jvm.cpp, line 1275]
Event: 1.404 Thread 0x000000000200d800 Exception <a 'java/security/PrivilegedActionException'> (0x00000000ebc01368) thrown at [D:\re\workspace\8-2-build-windows-amd64-cygwin\jdk8u20\1074\hotspot\src\share\vm\prims\jvm.cpp, line 1275]
Event: 1.485 Thread 0x000000001649a800 Exception <a 'java/security/PrivilegedActionException'> (0x00000000eb9bac88) thrown at [D:\re\workspace\8-2-build-windows-amd64-cygwin\jdk8u20\1074\hotspot\src\share\vm\prims\jvm.cpp, line 1275]
Event: 1.664 Thread 0x0000000016491800 Exception <a 'java/security/PrivilegedActionException'> (0x00000000ec0c6630) thrown at [D:\re\workspace\8-2-build-windows-amd64-cygwin\jdk8u20\1074\hotspot\src\share\vm\prims\jvm.cpp, line 1275]
Event: 1.775 Thread 0x000000000200d800 Exception <a 'java/security/PrivilegedActionException'> (0x00000000ebee9da8) thrown at [D:\re\workspace\8-2-build-windows-amd64-cygwin\jdk8u20\1074\hotspot\src\share\vm\prims\jvm.cpp, line 1275]

Events (10 events):
Event: 1.485 loading class com/android/dx/dex/file/FieldAnnotationStruct done
Event: 1.664 loading class com/android/dx/cf/code/SwitchList
Event: 1.664 loading class com/android/dx/cf/code/SwitchList done
Event: 1.685 Executing VM operation: ForceSafepoint
Event: 1.743 Executing VM operation: ForceSafepoint done
Event: 1.775 loading class com/android/dx/cf/attrib/AttLocalVariableTypeTable
Event: 1.775 loading class com/android/dx/cf/attrib/AttLocalVariableTypeTable done
Event: 1.783 Thread 0x00000000164fa800 Uncommon trap: trap_request=0xffffffad fr.pc=0x000000000240d9d4
Event: 1.783 Thread 0x00000000164fa800 DEOPT PACKING pc=0x000000000240d9d4 sp=0x0000000016b3ed00
Event: 1.783 Thread 0x00000000164fa800 DEOPT UNPACKING pc=0x000000000215556a sp=0x0000000016b3eb68 mode 2


Dynamic libraries:
0x00007ff7e5e10000 - 0x00007ff7e5e44000 	C:\Program Files\Java\jdk1.8.0_20\bin\java.exe
0x00007ffa817f0000 - 0x00007ffa819b1000 	C:\Windows\SYSTEM32\ntdll.dll
0x00007ffa7eec0000 - 0x00007ffa7ef6d000 	C:\Windows\system32\KERNEL32.DLL
0x00007ffa7ec80000 - 0x00007ffa7ee5d000 	C:\Windows\system32\KERNELBASE.dll
0x00007ffa81100000 - 0x00007ffa811a6000 	C:\Windows\system32\ADVAPI32.dll
0x00007ffa804d0000 - 0x00007ffa8056d000 	C:\Windows\system32\msvcrt.dll
0x00007ffa80570000 - 0x00007ffa805cb000 	C:\Windows\system32\sechost.dll
0x00007ffa80b60000 - 0x00007ffa80c86000 	C:\Windows\system32\RPCRT4.dll
0x00007ffa81420000 - 0x00007ffa8156e000 	C:\Windows\system32\USER32.dll
0x00007ffa80c90000 - 0x00007ffa80e16000 	C:\Windows\system32\GDI32.dll
0x00007ffa760c0000 - 0x00007ffa76334000 	C:\Windows\WinSxS\amd64_microsoft.windows.common-controls_6595b64144ccf1df_6.0.10240.16384_none_f41f7b285750ef43\COMCTL32.dll
0x00007ffa81060000 - 0x00007ffa81096000 	C:\Windows\system32\IMM32.DLL
0x00007ffa80810000 - 0x00007ffa8096c000 	C:\Windows\system32\MSCTF.dll
0x0000000065a40000 - 0x0000000065b12000 	C:\Program Files\Java\jdk1.8.0_20\jre\bin\msvcr100.dll
0x0000000065ec0000 - 0x0000000066718000 	C:\Program Files\Java\jdk1.8.0_20\jre\bin\server\jvm.dll
0x00007ffa804c0000 - 0x00007ffa804c8000 	C:\Windows\system32\PSAPI.DLL
0x00007ffa7b6a0000 - 0x00007ffa7b6a9000 	C:\Windows\SYSTEM32\WSOCK32.dll
0x00007ffa80af0000 - 0x00007ffa80b59000 	C:\Windows\system32\WS2_32.dll
0x00007ffa80e20000 - 0x00007ffa80e28000 	C:\Windows\system32\NSI.dll
0x00007ffa78870000 - 0x00007ffa78893000 	C:\Windows\SYSTEM32\WINMM.dll
0x00007ffa78840000 - 0x00007ffa7886c000 	C:\Windows\SYSTEM32\WINMMBASE.dll
0x00007ffa7e9a0000 - 0x00007ffa7e9e4000 	C:\Windows\system32\cfgmgr32.dll
0x00007ffa7cb90000 - 0x00007ffa7cbb7000 	C:\Windows\SYSTEM32\DEVOBJ.dll
0x0000000065eb0000 - 0x0000000065ebf000 	C:\Program Files\Java\jdk1.8.0_20\jre\bin\verify.dll
0x0000000065e80000 - 0x0000000065ea8000 	C:\Program Files\Java\jdk1.8.0_20\jre\bin\java.dll
0x0000000065e60000 - 0x0000000065e76000 	C:\Program Files\Java\jdk1.8.0_20\jre\bin\zip.dll
0x00007ffa7ef90000 - 0x00007ffa804b5000 	C:\Windows\system32\SHELL32.dll
0x00007ffa7e2c0000 - 0x00007ffa7e8e9000 	C:\Windows\system32\windows.storage.dll
0x00007ffa81570000 - 0x00007ffa817ec000 	C:\Windows\system32\combase.dll
0x00007ffa810a0000 - 0x00007ffa810f1000 	C:\Windows\system32\shlwapi.dll
0x00007ffa7e270000 - 0x00007ffa7e27f000 	C:\Windows\system32\kernel.appcore.dll
0x00007ffa7e9f0000 - 0x00007ffa7eaa3000 	C:\Windows\system32\shcore.dll
0x00007ffa7e220000 - 0x00007ffa7e26a000 	C:\Windows\system32\powrprof.dll
0x00007ffa7e280000 - 0x00007ffa7e293000 	C:\Windows\system32\profapi.dll
0x00007ffa7b510000 - 0x00007ffa7b69a000 	C:\Windows\SYSTEM32\dbghelp.dll

VM Arguments:
jvm_args: -Xmx1024M -Dfile.encoding=windows-1252 -Duser.country=IN -Duser.language=en -Duser.variant 
java_command: com.android.dx.command.Main --dex --num-threads=4 --output C:\Users\AARTI\AndroidStudioProjects\AndNrbyRevamp\app\build\intermediates\pre-dexed\debug\internal_impl-23.1.1-95f131817e6f903365fbf4af5f9aab2e424e4e11.jar C:\Users\AARTI\AndroidStudioProjects\AndNrbyRevamp\app\build\intermediates\exploded-aar\com.android.support\support-v4\23.1.1\jars\libs\internal_impl-23.1.1.jar
java_class_path (initial): C:\Users\AARTI\AppData\Local\Android\sdk\build-tools\23.0.1\lib\dx.jar
Launcher Type: SUN_STANDARD

Environment Variables:
PATH=C:\ProgramData\Oracle\Java\javapath;C:\Program Files (x86)\Intel\iCLS Client\;C:\Program Files\Intel\iCLS Client\;C:\Windows\system32;C:\Windows;C:\Windows\System32\Wbem;C:\Windows\System32\WindowsPowerShell\v1.0\;C:\Program Files (x86)\Intel\Intel(R) Management Engine Components\DAL;C:\Program Files\Intel\Intel(R) Management Engine Components\DAL;C:\Program Files (x86)\Intel\Intel(R) Management Engine Components\IPT;C:\Program Files\Intel\Intel(R) Management Engine Components\IPT;c:\Program Files (x86)\ATI Technologies\ATI.ACE\Core-Static;C:\ProgramData\Oracle\Java\javapath;C:\Program Files (x86)\Intel\iCLS Client\;C:\Program Files\Intel\iCLS Client\;C:\Windows\system32;C:\Windows;C:\Windows\System32\Wbem;C:\Windows\System32\WindowsPowerShell\v1.0\;C:\Program Files (x86)\Intel\Intel(R) Management Engine Components\DAL;C:\Program Files\Intel\Intel(R) Management Engine Components\DAL;C:\Program Files (x86)\Intel\Intel(R) Management Engine Components\IPT;C:\Program Files\Intel\Intel(R) Management Engine Components\IPT;c:\Program Files (x86)\ATI Technologies\ATI.ACE\Core-Static
USERNAME=AARTI
OS=Windows_NT
PROCESSOR_IDENTIFIER=Intel64 Family 6 Model 61 Stepping 4, GenuineIntel



---------------  S Y S T E M  ---------------

OS: Windows 8.1 , 64 bit Build 9600 

CPU:total 4 (2 cores per cpu, 2 threads per core) family 6 model 61 stepping 4, cmov, cx8, fxsr, mmx, sse, sse2, sse3, ssse3, sse4.1, sse4.2, popcnt, avx, avx2, aes, clmul, erms, lzcnt, ht, tsc, tscinvbit, bmi1, bmi2

Memory: 4k page, physical 8301964k(2583292k free), swap 33467788k(27812k free)

vm_info: Java HotSpot(TM) 64-Bit Server VM (25.20-b23) for windows-amd64 JRE (1.8.0_20-b26), built on Jul 30 2014 13:51:23 by "java_re" with MS VC++ 10.0 (VS2010)

time: Sun Dec 27 21:05:21 2015
elapsed time: 2 seconds (0d 0h 0m 2s)

