#
# There is insufficient memory for the Java Runtime Environment to continue.
# Native memory allocation (malloc) failed to allocate 4194320 bytes for Chunk::new
# Possible reasons:
#   The system is out of physical RAM or swap space
#   In 32 bit mode, the process size limit was hit
# Possible solutions:
#   Reduce memory load on the system
#   Increase physical memory or swap space
#   Check if swap backing store is full
#   Use 64 bit Java on a 64 bit OS
#   Decrease Java heap size (-Xmx/-Xms)
#   Decrease number of Java threads
#   Decrease Java thread stack sizes (-Xss)
#   Set larger code cache with -XX:ReservedCodeCacheSize=
# This output file may be truncated or incomplete.
#
#  Out of Memory Error (allocation.cpp:390), pid=5488, tid=9808
#
# JRE version: Java(TM) SE Runtime Environment (8.0_20-b26) (build 1.8.0_20-b26)
# Java VM: Java HotSpot(TM) 64-Bit Server VM (25.20-b23 mixed mode windows-amd64 compressed oops)
# Failed to write core dump. Minidumps are not enabled by default on client versions of Windows
#

---------------  T H R E A D  ---------------

Current thread (0x000000001482c000):  JavaThread "C2 CompilerThread0" daemon [_thread_in_native, id=9808, stack(0x0000000015da0000,0x0000000015ea0000)]

Stack: [0x0000000015da0000,0x0000000015ea0000]
Native frames: (J=compiled Java code, j=interpreted, Vv=VM code, C=native code)
V  [jvm.dll+0x3152fa]
V  [jvm.dll+0x265d03]
V  [jvm.dll+0x266943]
V  [jvm.dll+0x25e265]
V  [jvm.dll+0xbe255]
V  [jvm.dll+0xbe6fc]
V  [jvm.dll+0xf3878]
V  [jvm.dll+0x45df30]
V  [jvm.dll+0x45e1ea]
V  [jvm.dll+0x45f0cf]
V  [jvm.dll+0x46147a]
V  [jvm.dll+0x4635c5]
V  [jvm.dll+0x463f4c]
V  [jvm.dll+0x464293]
V  [jvm.dll+0x451093]
V  [jvm.dll+0x452634]
V  [jvm.dll+0x435fc2]
V  [jvm.dll+0x97b62]
V  [jvm.dll+0x98353]
V  [jvm.dll+0x22aac4]
V  [jvm.dll+0x283f5a]
C  [msvcr100.dll+0x21d9f]
C  [msvcr100.dll+0x21e3b]
C  [KERNEL32.DLL+0x12d92]
C  [ntdll.dll+0x9f64]


Current CompileTask:
C2:   4453 1645   !   4       com.android.dx.cf.code.Ropper::processBlock (1101 bytes)


---------------  P R O C E S S  ---------------

Java Threads: ( => current thread )
  0x00000000164fd000 JavaThread "pool-1-thread-4" [_thread_blocked, id=4104, stack(0x0000000016aa0000,0x0000000016ba0000)]
  0x00000000164fc000 JavaThread "pool-1-thread-3" [_thread_blocked, id=10024, stack(0x00000000169a0000,0x0000000016aa0000)]
  0x00000000164f3000 JavaThread "pool-1-thread-2" [_thread_blocked, id=3496, stack(0x00000000168a0000,0x00000000169a0000)]
  0x00000000164e8800 JavaThread "pool-2-thread-1" [_thread_blocked, id=8272, stack(0x00000000167a0000,0x00000000168a0000)]
  0x00000000164e0000 JavaThread "pool-1-thread-1" [_thread_blocked, id=2288, stack(0x00000000166a0000,0x00000000167a0000)]
  0x000000001488b000 JavaThread "Service Thread" daemon [_thread_blocked, id=508, stack(0x00000000160a0000,0x00000000161a0000)]
  0x0000000014880800 JavaThread "C1 CompilerThread2" daemon [_thread_blocked, id=8024, stack(0x0000000015fa0000,0x00000000160a0000)]
  0x000000001482f800 JavaThread "C2 CompilerThread1" daemon [_thread_in_native, id=3952, stack(0x0000000015ea0000,0x0000000015fa0000)]
=>0x000000001482c000 JavaThread "C2 CompilerThread0" daemon [_thread_in_native, id=9808, stack(0x0000000015da0000,0x0000000015ea0000)]
  0x000000001482b000 JavaThread "Attach Listener" daemon [_thread_blocked, id=10164, stack(0x0000000015ca0000,0x0000000015da0000)]
  0x0000000014829800 JavaThread "Signal Dispatcher" daemon [_thread_blocked, id=524, stack(0x0000000015ba0000,0x0000000015ca0000)]
  0x0000000002156000 JavaThread "Finalizer" daemon [_thread_blocked, id=928, stack(0x0000000015a90000,0x0000000015b90000)]
  0x000000000214d000 JavaThread "Reference Handler" daemon [_thread_blocked, id=4488, stack(0x0000000015990000,0x0000000015a90000)]
  0x0000000001f2d800 JavaThread "main" [_thread_in_Java, id=7156, stack(0x0000000001f30000,0x0000000002030000)]

Other Threads:
  0x00000000147f5800 VMThread [stack: 0x0000000015890000,0x0000000015990000] [id=632]
  0x000000001488d800 WatcherThread [stack: 0x00000000161a0000,0x00000000162a0000] [id=7040]

VM state:not at safepoint (normal execution)

VM Mutex/Monitor currently owned by a thread: None

Heap:
 PSYoungGen      total 71680K, used 68897K [0x00000000eab00000, 0x00000000ef600000, 0x0000000100000000)
  eden space 66560K, 95% used [0x00000000eab00000,0x00000000ee94f398,0x00000000eec00000)
  from space 5120K, 99% used [0x00000000eec00000,0x00000000ef0f92a8,0x00000000ef100000)
  to   space 5120K, 0% used [0x00000000ef100000,0x00000000ef100000,0x00000000ef600000)
 ParOldGen       total 87552K, used 16007K [0x00000000c0000000, 0x00000000c5580000, 0x00000000eab00000)
  object space 87552K, 18% used [0x00000000c0000000,0x00000000c0fa1f60,0x00000000c5580000)
 Metaspace       used 6233K, capacity 7154K, committed 7296K, reserved 1056768K
  class space    used 604K, capacity 618K, committed 640K, reserved 1048576K

Card table byte_map: [0x0000000011520000,0x0000000011730000] byte_map_base: 0x0000000010f20000

Marking Bits: (ParMarkBitMap*) 0x000000006669b460
 Begin Bits: [0x0000000011c90000, 0x0000000012c90000)
 End Bits:   [0x0000000012c90000, 0x0000000013c90000)

Polling page: 0x0000000001ef0000

CodeCache: size=245760Kb used=7226Kb max_used=7226Kb free=238533Kb
 bounds [0x0000000002160000, 0x0000000002880000, 0x0000000011160000]
 total_blobs=2013 nmethods=1748 adapters=178
 compilation: enabled

Compilation events (10 events):
Event: 3.830 Thread 0x0000000014880800 1756       2       com.android.dx.rop.cst.CstLiteral32::isCategory2 (2 bytes)
Event: 3.830 Thread 0x0000000014880800 nmethod 1756 0x000000000280ca50 code [0x000000000280cba0, 0x000000000280ccf0]
Event: 3.835 Thread 0x0000000014880800 1757       1       com.android.dx.cf.attrib.InnerClassList$Item::getInnerName (5 bytes)
Event: 3.835 Thread 0x0000000014880800 nmethod 1757 0x000000000280c710 code [0x000000000280c860, 0x000000000280c970]
Event: 3.835 Thread 0x0000000014880800 1758       1       com.android.dx.cf.attrib.InnerClassList$Item::getAccessFlags (5 bytes)
Event: 3.835 Thread 0x0000000014880800 nmethod 1758 0x0000000002836d50 code [0x0000000002836ea0, 0x0000000002836fb0]
Event: 3.846 Thread 0x0000000014880800 1760       2       java.util.concurrent.FutureTask::set (36 bytes)
Event: 3.846 Thread 0x0000000014880800 nmethod 1760 0x0000000002836950 code [0x0000000002836ac0, 0x0000000002836ca8]
Event: 3.858 Thread 0x0000000014880800 1761       2       com.android.dx.rop.cst.CstLiteral64::equals (36 bytes)
Event: 3.858 Thread 0x0000000014880800 nmethod 1761 0x000000000280a110 code [0x000000000280a260, 0x000000000280a450]

GC Heap History (6 events):
Event: 2.209 GC heap before
{Heap before GC invocations=1 (full 0):
 PSYoungGen      total 38400K, used 33280K [0x00000000eab00000, 0x00000000ed580000, 0x0000000100000000)
  eden space 33280K, 100% used [0x00000000eab00000,0x00000000ecb80000,0x00000000ecb80000)
  from space 5120K, 0% used [0x00000000ed080000,0x00000000ed080000,0x00000000ed580000)
  to   space 5120K, 0% used [0x00000000ecb80000,0x00000000ecb80000,0x00000000ed080000)
 ParOldGen       total 87552K, used 0K [0x00000000c0000000, 0x00000000c5580000, 0x00000000eab00000)
  object space 87552K, 0% used [0x00000000c0000000,0x00000000c0000000,0x00000000c5580000)
 Metaspace       used 5920K, capacity 6960K, committed 7040K, reserved 1056768K
  class space    used 584K, capacity 616K, committed 640K, reserved 1048576K
Event: 2.293 GC heap after
Heap after GC invocations=1 (full 0):
 PSYoungGen      total 38400K, used 5112K [0x00000000eab00000, 0x00000000ef600000, 0x0000000100000000)
  eden space 33280K, 0% used [0x00000000eab00000,0x00000000eab00000,0x00000000ecb80000)
  from space 5120K, 99% used [0x00000000ecb80000,0x00000000ed07e048,0x00000000ed080000)
  to   space 5120K, 0% used [0x00000000ef100000,0x00000000ef100000,0x00000000ef600000)
 ParOldGen       total 87552K, used 1392K [0x00000000c0000000, 0x00000000c5580000, 0x00000000eab00000)
  object space 87552K, 1% used [0x00000000c0000000,0x00000000c015c3b0,0x00000000c5580000)
 Metaspace       used 5920K, capacity 6960K, committed 7040K, reserved 1056768K
  class space    used 584K, capacity 616K, committed 640K, reserved 1048576K
}
Event: 2.900 GC heap before
{Heap before GC invocations=2 (full 0):
 PSYoungGen      total 38400K, used 38392K [0x00000000eab00000, 0x00000000ef600000, 0x0000000100000000)
  eden space 33280K, 100% used [0x00000000eab00000,0x00000000ecb80000,0x00000000ecb80000)
  from space 5120K, 99% used [0x00000000ecb80000,0x00000000ed07e048,0x00000000ed080000)
  to   space 5120K, 0% used [0x00000000ef100000,0x00000000ef100000,0x00000000ef600000)
 ParOldGen       total 87552K, used 1392K [0x00000000c0000000, 0x00000000c5580000, 0x00000000eab00000)
  object space 87552K, 1% used [0x00000000c0000000,0x00000000c015c3b0,0x00000000c5580000)
 Metaspace       used 6035K, capacity 7088K, committed 7296K, reserved 1056768K
  class space    used 584K, capacity 616K, committed 640K, reserved 1048576K
Event: 2.923 GC heap after
Heap after GC invocations=2 (full 0):
 PSYoungGen      total 71680K, used 5101K [0x00000000eab00000, 0x00000000ef600000, 0x0000000100000000)
  eden space 66560K, 0% used [0x00000000eab00000,0x00000000eab00000,0x00000000eec00000)
  from space 5120K, 99% used [0x00000000ef100000,0x00000000ef5fb410,0x00000000ef600000)
  to   space 5120K, 0% used [0x00000000eec00000,0x00000000eec00000,0x00000000ef100000)
 ParOldGen       total 87552K, used 5937K [0x00000000c0000000, 0x00000000c5580000, 0x00000000eab00000)
  object space 87552K, 6% used [0x00000000c0000000,0x00000000c05cc6a8,0x00000000c5580000)
 Metaspace       used 6035K, capacity 7088K, committed 7296K, reserved 1056768K
  class space    used 584K, capacity 616K, committed 640K, reserved 1048576K
}
Event: 3.514 GC heap before
{Heap before GC invocations=3 (full 0):
 PSYoungGen      total 71680K, used 71661K [0x00000000eab00000, 0x00000000ef600000, 0x0000000100000000)
  eden space 66560K, 100% used [0x00000000eab00000,0x00000000eec00000,0x00000000eec00000)
  from space 5120K, 99% used [0x00000000ef100000,0x00000000ef5fb410,0x00000000ef600000)
  to   space 5120K, 0% used [0x00000000eec00000,0x00000000eec00000,0x00000000ef100000)
 ParOldGen       total 87552K, used 5937K [0x00000000c0000000, 0x00000000c5580000, 0x00000000eab00000)
  object space 87552K, 6% used [0x00000000c0000000,0x00000000c05cc6a8,0x00000000c5580000)
 Metaspace       used 6115K, capacity 7152K, committed 7296K, reserved 1056768K
  class space    used 585K, capacity 616K, committed 640K, reserved 1048576K
Event: 3.579 GC heap after
Heap after GC invocations=3 (full 0):
 PSYoungGen      total 71680K, used 5092K [0x00000000eab00000, 0x00000000ef600000, 0x0000000100000000)
  eden space 66560K, 0% used [0x00000000eab00000,0x00000000eab00000,0x00000000eec00000)
  from space 5120K, 99% used [0x00000000eec00000,0x00000000ef0f92a8,0x00000000ef100000)
  to   space 5120K, 0% used [0x00000000ef100000,0x00000000ef100000,0x00000000ef600000)
 ParOldGen       total 87552K, used 16007K [0x00000000c0000000, 0x00000000c5580000, 0x00000000eab00000)
  object space 87552K, 18% used [0x00000000c0000000,0x00000000c0fa1f60,0x00000000c5580000)
 Metaspace       used 6115K, capacity 7152K, committed 7296K, reserved 1056768K
  class space    used 585K, capacity 616K, committed 640K, reserved 1048576K
}

Deoptimization events (10 events):
Event: 2.797 Thread 0x0000000001f2d800 Uncommon trap: reason=bimorphic action=maybe_recompile pc=0x000000000267f248 method=com.android.dx.cf.code.BytecodeArray.parseInstruction(ILcom/android/dx/cf/code/BytecodeArray$Visitor;)I @ 939
Event: 2.994 Thread 0x00000000164fc000 Uncommon trap: reason=class_check action=maybe_recompile pc=0x00000000025e824c method=java.util.HashMap.putVal(ILjava/lang/Object;Ljava/lang/Object;ZZ)Ljava/lang/Object; @ 203
Event: 3.266 Thread 0x00000000164fd000 Uncommon trap: reason=unloaded action=reinterpret pc=0x000000000271f92c method=com.android.dx.ssa.LiteralOpUpgrader$1.visitNonMoveInsn(Lcom/android/dx/ssa/NormalSsaInsn;)V @ 72
Event: 3.268 Thread 0x00000000164fd000 Uncommon trap: reason=unreached action=reinterpret pc=0x00000000025aa29c method=com.android.dx.ssa.SsaMethod.updateOneDefinition(Lcom/android/dx/ssa/SsaInsn;Lcom/android/dx/rop/code/RegisterSpec;)V @ 4
Event: 3.689 Thread 0x00000000164fc000 Uncommon trap: reason=bimorphic action=maybe_recompile pc=0x00000000028147d4 method=com.android.dx.cf.code.BytecodeArray.parseInstruction(ILcom/android/dx/cf/code/BytecodeArray$Visitor;)I @ 1130
Event: 3.689 Thread 0x00000000164fc000 Uncommon trap: reason=bimorphic action=maybe_recompile pc=0x00000000028143e8 method=com.android.dx.cf.code.BytecodeArray.parseInstruction(ILcom/android/dx/cf/code/BytecodeArray$Visitor;)I @ 971
Event: 3.689 Thread 0x00000000164fc000 Uncommon trap: reason=bimorphic action=maybe_recompile pc=0x0000000002814474 method=com.android.dx.cf.code.BytecodeArray.parseInstruction(ILcom/android/dx/cf/code/BytecodeArray$Visitor;)I @ 987
Event: 3.689 Thread 0x00000000164fc000 Uncommon trap: reason=bimorphic action=maybe_recompile pc=0x000000000281435c method=com.android.dx.cf.code.BytecodeArray.parseInstruction(ILcom/android/dx/cf/code/BytecodeArray$Visitor;)I @ 955
Event: 3.689 Thread 0x00000000164fc000 Uncommon trap: reason=bimorphic action=maybe_recompile pc=0x000000000281435c method=com.android.dx.cf.code.BytecodeArray.parseInstruction(ILcom/android/dx/cf/code/BytecodeArray$Visitor;)I @ 955
Event: 3.833 Thread 0x00000000164fc000 Uncommon trap: reason=bimorphic action=maybe_recompile pc=0x000000000271acac method=com.android.dx.ssa.LiteralOpUpgrader.tryReplacingWithConstant(Lcom/android/dx/ssa/NormalSsaInsn;)Z @ 62

Internal exceptions (10 events):
Event: 1.341 Thread 0x0000000001f2d800 Exception <a 'java/security/PrivilegedActionException'> (0x00000000eba20a20) thrown at [D:\re\workspace\8-2-build-windows-amd64-cygwin\jdk8u20\1074\hotspot\src\share\vm\prims\jvm.cpp, line 1275]
Event: 1.482 Thread 0x0000000001f2d800 Exception <a 'java/security/PrivilegedActionException'> (0x00000000ebe43600) thrown at [D:\re\workspace\8-2-build-windows-amd64-cygwin\jdk8u20\1074\hotspot\src\share\vm\prims\jvm.cpp, line 1275]
Event: 1.483 Thread 0x0000000001f2d800 Exception <a 'java/security/PrivilegedActionException'> (0x00000000ebe45d48) thrown at [D:\re\workspace\8-2-build-windows-amd64-cygwin\jdk8u20\1074\hotspot\src\share\vm\prims\jvm.cpp, line 1275]
Event: 1.485 Thread 0x00000000164fc000 Exception <a 'java/security/PrivilegedActionException'> (0x00000000ebc79510) thrown at [D:\re\workspace\8-2-build-windows-amd64-cygwin\jdk8u20\1074\hotspot\src\share\vm\prims\jvm.cpp, line 1275]
Event: 1.528 Thread 0x00000000164fc000 Exception <a 'java/security/PrivilegedActionException'> (0x00000000ec003630) thrown at [D:\re\workspace\8-2-build-windows-amd64-cygwin\jdk8u20\1074\hotspot\src\share\vm\prims\jvm.cpp, line 1275]
Event: 1.577 Thread 0x00000000164fd000 Implicit null exception at 0x000000000254588c to 0x0000000002546d81
Event: 1.762 Thread 0x00000000164fc000 Implicit null exception at 0x000000000257646d to 0x0000000002577a59
Event: 1.847 Thread 0x00000000164e0000 Implicit null exception at 0x00000000024e79e2 to 0x00000000024e7ad5
Event: 3.256 Thread 0x00000000164fc000 Exception <a 'java/security/PrivilegedActionException'> (0x00000000ecf16f78) thrown at [D:\re\workspace\8-2-build-windows-amd64-cygwin\jdk8u20\1074\hotspot\src\share\vm\prims\jvm.cpp, line 1275]
Event: 3.266 Thread 0x00000000164fd000 Exception <a 'java/security/PrivilegedActionException'> (0x00000000ecd05d70) thrown at [D:\re\workspace\8-2-build-windows-amd64-cygwin\jdk8u20\1074\hotspot\src\share\vm\prims\jvm.cpp, line 1275]

Events (10 events):
Event: 3.689 Thread 0x00000000164fc000 DEOPT UNPACKING pc=0x00000000021a556a sp=0x0000000016a9e868 mode 2
Event: 3.689 Thread 0x00000000164fc000 Uncommon trap: trap_request=0xffffffc6 fr.pc=0x000000000281435c
Event: 3.689 Thread 0x00000000164fc000 DEOPT PACKING pc=0x000000000281435c sp=0x0000000016a9e8b0
Event: 3.689 Thread 0x00000000164fc000 DEOPT UNPACKING pc=0x00000000021a556a sp=0x0000000016a9e868 mode 2
Event: 3.689 Thread 0x00000000164fc000 Uncommon trap: trap_request=0xffffffc6 fr.pc=0x000000000281435c
Event: 3.689 Thread 0x00000000164fc000 DEOPT PACKING pc=0x000000000281435c sp=0x0000000016a9e8b0
Event: 3.690 Thread 0x00000000164fc000 DEOPT UNPACKING pc=0x00000000021a556a sp=0x0000000016a9e868 mode 2
Event: 3.833 Thread 0x00000000164fc000 Uncommon trap: trap_request=0xffffffc6 fr.pc=0x000000000271acac
Event: 3.833 Thread 0x00000000164fc000 DEOPT PACKING pc=0x000000000271acac sp=0x0000000016a9e8e0
Event: 3.833 Thread 0x00000000164fc000 DEOPT UNPACKING pc=0x00000000021a556a sp=0x0000000016a9e8a0 mode 2


Dynamic libraries:
0x00007ff7e5e10000 - 0x00007ff7e5e44000 	C:\Program Files\Java\jdk1.8.0_20\bin\java.exe
0x00007ffa817f0000 - 0x00007ffa819b1000 	C:\Windows\SYSTEM32\ntdll.dll
0x00007ffa7eec0000 - 0x00007ffa7ef6d000 	C:\Windows\system32\KERNEL32.DLL
0x00007ffa7ec80000 - 0x00007ffa7ee5d000 	C:\Windows\system32\KERNELBASE.dll
0x00007ffa81100000 - 0x00007ffa811a6000 	C:\Windows\system32\ADVAPI32.dll
0x00007ffa804d0000 - 0x00007ffa8056d000 	C:\Windows\system32\msvcrt.dll
0x00007ffa80570000 - 0x00007ffa805cb000 	C:\Windows\system32\sechost.dll
0x00007ffa80b60000 - 0x00007ffa80c86000 	C:\Windows\system32\RPCRT4.dll
0x00007ffa81420000 - 0x00007ffa8156e000 	C:\Windows\system32\USER32.dll
0x00007ffa80c90000 - 0x00007ffa80e16000 	C:\Windows\system32\GDI32.dll
0x00007ffa760c0000 - 0x00007ffa76334000 	C:\Windows\WinSxS\amd64_microsoft.windows.common-controls_6595b64144ccf1df_6.0.10240.16384_none_f41f7b285750ef43\COMCTL32.dll
0x00007ffa81060000 - 0x00007ffa81096000 	C:\Windows\system32\IMM32.DLL
0x00007ffa80810000 - 0x00007ffa8096c000 	C:\Windows\system32\MSCTF.dll
0x0000000065a40000 - 0x0000000065b12000 	C:\Program Files\Java\jdk1.8.0_20\jre\bin\msvcr100.dll
0x0000000065ec0000 - 0x0000000066718000 	C:\Program Files\Java\jdk1.8.0_20\jre\bin\server\jvm.dll
0x00007ffa804c0000 - 0x00007ffa804c8000 	C:\Windows\system32\PSAPI.DLL
0x00007ffa78870000 - 0x00007ffa78893000 	C:\Windows\SYSTEM32\WINMM.dll
0x00007ffa7b6a0000 - 0x00007ffa7b6a9000 	C:\Windows\SYSTEM32\WSOCK32.dll
0x00007ffa78840000 - 0x00007ffa7886c000 	C:\Windows\SYSTEM32\WINMMBASE.dll
0x00007ffa80af0000 - 0x00007ffa80b59000 	C:\Windows\system32\WS2_32.dll
0x00007ffa7e9a0000 - 0x00007ffa7e9e4000 	C:\Windows\system32\cfgmgr32.dll
0x00007ffa80e20000 - 0x00007ffa80e28000 	C:\Windows\system32\NSI.dll
0x00007ffa7cb90000 - 0x00007ffa7cbb7000 	C:\Windows\SYSTEM32\DEVOBJ.dll
0x0000000065eb0000 - 0x0000000065ebf000 	C:\Program Files\Java\jdk1.8.0_20\jre\bin\verify.dll
0x0000000065e80000 - 0x0000000065ea8000 	C:\Program Files\Java\jdk1.8.0_20\jre\bin\java.dll
0x0000000065e60000 - 0x0000000065e76000 	C:\Program Files\Java\jdk1.8.0_20\jre\bin\zip.dll
0x00007ffa7ef90000 - 0x00007ffa804b5000 	C:\Windows\system32\SHELL32.dll
0x00007ffa7e2c0000 - 0x00007ffa7e8e9000 	C:\Windows\system32\windows.storage.dll
0x00007ffa81570000 - 0x00007ffa817ec000 	C:\Windows\system32\combase.dll
0x00007ffa810a0000 - 0x00007ffa810f1000 	C:\Windows\system32\shlwapi.dll
0x00007ffa7e270000 - 0x00007ffa7e27f000 	C:\Windows\system32\kernel.appcore.dll
0x00007ffa7e9f0000 - 0x00007ffa7eaa3000 	C:\Windows\system32\shcore.dll
0x00007ffa7e220000 - 0x00007ffa7e26a000 	C:\Windows\system32\powrprof.dll
0x00007ffa7e280000 - 0x00007ffa7e293000 	C:\Windows\system32\profapi.dll
0x00007ffa7b510000 - 0x00007ffa7b69a000 	C:\Windows\SYSTEM32\dbghelp.dll

VM Arguments:
jvm_args: -Xmx1024M -Dfile.encoding=windows-1252 -Duser.country=IN -Duser.language=en -Duser.variant 
java_command: com.android.dx.command.Main --dex --num-threads=4 --output C:\Users\AARTI\AndroidStudioProjects\AndNrbyRevamp\app\build\intermediates\pre-dexed\debug\classes-dc3ea70bb63c87b0abf41ef4aa2455075d0fdd09.jar C:\Users\AARTI\AndroidStudioProjects\AndNrbyRevamp\app\build\intermediates\exploded-aar\com.android.support\appcompat-v7\23.1.1\jars\classes.jar
java_class_path (initial): C:\Users\AARTI\AppData\Local\Android\sdk\build-tools\23.0.1\lib\dx.jar
Launcher Type: SUN_STANDARD

Environment Variables:
PATH=C:\ProgramData\Oracle\Java\javapath;C:\Program Files (x86)\Intel\iCLS Client\;C:\Program Files\Intel\iCLS Client\;C:\Windows\system32;C:\Windows;C:\Windows\System32\Wbem;C:\Windows\System32\WindowsPowerShell\v1.0\;C:\Program Files (x86)\Intel\Intel(R) Management Engine Components\DAL;C:\Program Files\Intel\Intel(R) Management Engine Components\DAL;C:\Program Files (x86)\Intel\Intel(R) Management Engine Components\IPT;C:\Program Files\Intel\Intel(R) Management Engine Components\IPT;c:\Program Files (x86)\ATI Technologies\ATI.ACE\Core-Static;C:\ProgramData\Oracle\Java\javapath;C:\Program Files (x86)\Intel\iCLS Client\;C:\Program Files\Intel\iCLS Client\;C:\Windows\system32;C:\Windows;C:\Windows\System32\Wbem;C:\Windows\System32\WindowsPowerShell\v1.0\;C:\Program Files (x86)\Intel\Intel(R) Management Engine Components\DAL;C:\Program Files\Intel\Intel(R) Management Engine Components\DAL;C:\Program Files (x86)\Intel\Intel(R) Management Engine Components\IPT;C:\Program Files\Intel\Intel(R) Management Engine Components\IPT;c:\Program Files (x86)\ATI Technologies\ATI.ACE\Core-Static
USERNAME=AARTI
OS=Windows_NT
PROCESSOR_IDENTIFIER=Intel64 Family 6 Model 61 Stepping 4, GenuineIntel



---------------  S Y S T E M  ---------------

OS: Windows 8.1 , 64 bit Build 9600 

CPU:total 4 (2 cores per cpu, 2 threads per core) family 6 model 61 stepping 4, cmov, cx8, fxsr, mmx, sse, sse2, sse3, ssse3, sse4.1, sse4.2, popcnt, avx, avx2, aes, clmul, erms, lzcnt, ht, tsc, tscinvbit, bmi1, bmi2

Memory: 4k page, physical 8301964k(2405644k free), swap 33467788k(18160k free)

vm_info: Java HotSpot(TM) 64-Bit Server VM (25.20-b23) for windows-amd64 JRE (1.8.0_20-b26), built on Jul 30 2014 13:51:23 by "java_re" with MS VC++ 10.0 (VS2010)

time: Sun Dec 27 20:53:08 2015
elapsed time: 4 seconds (0d 0h 0m 4s)

