#
# There is insufficient memory for the Java Runtime Environment to continue.
# Native memory allocation (malloc) failed to allocate 1602736 bytes for Chunk::new
# Possible reasons:
#   The system is out of physical RAM or swap space
#   In 32 bit mode, the process size limit was hit
# Possible solutions:
#   Reduce memory load on the system
#   Increase physical memory or swap space
#   Check if swap backing store is full
#   Use 64 bit Java on a 64 bit OS
#   Decrease Java heap size (-Xmx/-Xms)
#   Decrease number of Java threads
#   Decrease Java thread stack sizes (-Xss)
#   Set larger code cache with -XX:ReservedCodeCacheSize=
# This output file may be truncated or incomplete.
#
#  Out of Memory Error (allocation.cpp:390), pid=3972, tid=9912
#
# JRE version: Java(TM) SE Runtime Environment (8.0_20-b26) (build 1.8.0_20-b26)
# Java VM: Java HotSpot(TM) 64-Bit Server VM (25.20-b23 mixed mode windows-amd64 compressed oops)
# Failed to write core dump. Minidumps are not enabled by default on client versions of Windows
#

---------------  T H R E A D  ---------------

Current thread (0x0000000015619000):  JavaThread "C2 CompilerThread0" daemon [_thread_in_native, id=9912, stack(0x0000000016b70000,0x0000000016c70000)]

Stack: [0x0000000016b70000,0x0000000016c70000]
Native frames: (J=compiled Java code, j=interpreted, Vv=VM code, C=native code)
V  [jvm.dll+0x3152fa]
V  [jvm.dll+0x265d03]
V  [jvm.dll+0x266943]
V  [jvm.dll+0x25e265]
V  [jvm.dll+0xbe255]
V  [jvm.dll+0xbe6fc]
V  [jvm.dll+0x45c472]
V  [jvm.dll+0x49d76f]
V  [jvm.dll+0x4515a4]
V  [jvm.dll+0x452634]
V  [jvm.dll+0x435fc2]
V  [jvm.dll+0x97b62]
V  [jvm.dll+0x98353]
V  [jvm.dll+0x22aac4]
V  [jvm.dll+0x283f5a]
C  [msvcr100.dll+0x21d9f]
C  [msvcr100.dll+0x21e3b]
C  [KERNEL32.DLL+0x12d92]
C  [ntdll.dll+0x9f64]


Current CompileTask:
C2:   6446 1720   !   4       com.android.dx.cf.code.BytecodeArray::parseInstruction (2764 bytes)


---------------  P R O C E S S  ---------------

Java Threads: ( => current thread )
  0x00000000172c4800 JavaThread "pool-1-thread-4" [_thread_in_Java, id=3460, stack(0x0000000017870000,0x0000000017970000)]
  0x00000000172cf000 JavaThread "pool-1-thread-3" [_thread_in_Java, id=9600, stack(0x0000000017770000,0x0000000017870000)]
  0x00000000172be800 JavaThread "pool-1-thread-2" [_thread_in_Java, id=8472, stack(0x0000000017670000,0x0000000017770000)]
  0x00000000172b9000 JavaThread "pool-2-thread-1" [_thread_blocked, id=6024, stack(0x0000000017570000,0x0000000017670000)]
  0x00000000172b6000 JavaThread "pool-1-thread-1" [_thread_in_vm, id=3284, stack(0x0000000017470000,0x0000000017570000)]
  0x0000000015668800 JavaThread "Service Thread" daemon [_thread_blocked, id=4132, stack(0x0000000016e70000,0x0000000016f70000)]
  0x0000000015661800 JavaThread "C1 CompilerThread2" daemon [_thread_blocked, id=4228, stack(0x0000000016d70000,0x0000000016e70000)]
  0x000000001560a800 JavaThread "C2 CompilerThread1" daemon [_thread_in_native, id=796, stack(0x0000000016c70000,0x0000000016d70000)]
=>0x0000000015619000 JavaThread "C2 CompilerThread0" daemon [_thread_in_native, id=9912, stack(0x0000000016b70000,0x0000000016c70000)]
  0x0000000015617800 JavaThread "Attach Listener" daemon [_thread_blocked, id=6744, stack(0x0000000016a70000,0x0000000016b70000)]
  0x0000000015616800 JavaThread "Signal Dispatcher" daemon [_thread_blocked, id=9800, stack(0x0000000016970000,0x0000000016a70000)]
  0x0000000002f30800 JavaThread "Finalizer" daemon [_thread_blocked, id=3364, stack(0x0000000016870000,0x0000000016970000)]
  0x0000000002f2d000 JavaThread "Reference Handler" daemon [_thread_blocked, id=1616, stack(0x0000000016770000,0x0000000016870000)]
  0x0000000002e42800 JavaThread "main" [_thread_in_vm, id=1160, stack(0x0000000002cc0000,0x0000000002dc0000)]

Other Threads:
  0x00000000155d5800 VMThread [stack: 0x0000000016670000,0x0000000016770000] [id=6924]
  0x000000001566b800 WatcherThread [stack: 0x0000000016f70000,0x0000000017070000] [id=7608]

VM state:not at safepoint (normal execution)

VM Mutex/Monitor currently owned by a thread: None

Heap:
 PSYoungGen      total 38400K, used 37788K [0x00000000eab00000, 0x00000000ef600000, 0x0000000100000000)
  eden space 33280K, 98% used [0x00000000eab00000,0x00000000ecaee410,0x00000000ecb80000)
  from space 5120K, 99% used [0x00000000ecb80000,0x00000000ed078ea8,0x00000000ed080000)
  to   space 5120K, 0% used [0x00000000ef100000,0x00000000ef100000,0x00000000ef600000)
 ParOldGen       total 87552K, used 14605K [0x00000000c0000000, 0x00000000c5580000, 0x00000000eab00000)
  object space 87552K, 16% used [0x00000000c0000000,0x00000000c0e436f8,0x00000000c5580000)
 Metaspace       used 6172K, capacity 7090K, committed 7296K, reserved 1056768K
  class space    used 604K, capacity 618K, committed 640K, reserved 1048576K

Card table byte_map: [0x0000000012300000,0x0000000012510000] byte_map_base: 0x0000000011d00000

Marking Bits: (ParMarkBitMap*) 0x00000000664eb460
 Begin Bits: [0x0000000012a70000, 0x0000000013a70000)
 End Bits:   [0x0000000013a70000, 0x0000000014a70000)

Polling page: 0x0000000001420000

CodeCache: size=245760Kb used=7277Kb max_used=7277Kb free=238482Kb
 bounds [0x0000000002f40000, 0x0000000003670000, 0x0000000011f40000]
 total_blobs=1958 nmethods=1694 adapters=178
 compilation: enabled

Compilation events (10 events):
Event: 6.364 Thread 0x0000000015661800 1747       2       com.android.dx.rop.annotation.Annotation::put (32 bytes)
Event: 6.364 Thread 0x0000000015661800 nmethod 1747 0x0000000003645310 code [0x00000000036454a0, 0x0000000003645768]
Event: 6.371 Thread 0x0000000015661800 1749       2       com.android.dx.dex.cf.CfTranslator::translate0 (259 bytes)
Event: 6.372 Thread 0x000000001560a800 nmethod 1727 0x0000000003643810 code [0x00000000036439a0, 0x0000000003644118]
Event: 6.372 Thread 0x000000001560a800 1748   !   4       com.android.dx.rop.code.RegisterSpec::intern (70 bytes)
Event: 6.374 Thread 0x0000000015661800 nmethod 1749 0x00000000036607d0 code [0x0000000003660ac0, 0x0000000003661858]
Event: 6.385 Thread 0x0000000015661800 1751       2       com.android.dx.ssa.PhiInsn::canThrow (2 bytes)
Event: 6.385 Thread 0x0000000015661800 nmethod 1751 0x0000000003625010 code [0x0000000003625160, 0x00000000036252b0]
Event: 6.402 Thread 0x0000000015661800 1754       2       java.util.HashMap::resize (359 bytes)
Event: 6.403 Thread 0x0000000015661800 nmethod 1754 0x000000000365f690 code [0x000000000365f880, 0x00000000036600c8]

GC Heap History (6 events):
Event: 3.435 GC heap before
{Heap before GC invocations=1 (full 0):
 PSYoungGen      total 38400K, used 33280K [0x00000000eab00000, 0x00000000ed580000, 0x0000000100000000)
  eden space 33280K, 100% used [0x00000000eab00000,0x00000000ecb80000,0x00000000ecb80000)
  from space 5120K, 0% used [0x00000000ed080000,0x00000000ed080000,0x00000000ed580000)
  to   space 5120K, 0% used [0x00000000ecb80000,0x00000000ecb80000,0x00000000ed080000)
 ParOldGen       total 87552K, used 2033K [0x00000000c0000000, 0x00000000c5580000, 0x00000000eab00000)
  object space 87552K, 2% used [0x00000000c0000000,0x00000000c01fc690,0x00000000c5580000)
 Metaspace       used 5914K, capacity 6960K, committed 7040K, reserved 1056768K
  class space    used 584K, capacity 616K, committed 640K, reserved 1048576K
Event: 3.452 GC heap after
Heap after GC invocations=1 (full 0):
 PSYoungGen      total 38400K, used 5114K [0x00000000eab00000, 0x00000000ed580000, 0x0000000100000000)
  eden space 33280K, 0% used [0x00000000eab00000,0x00000000eab00000,0x00000000ecb80000)
  from space 5120K, 99% used [0x00000000ecb80000,0x00000000ed07ebe8,0x00000000ed080000)
  to   space 5120K, 0% used [0x00000000ed080000,0x00000000ed080000,0x00000000ed580000)
 ParOldGen       total 87552K, used 3812K [0x00000000c0000000, 0x00000000c5580000, 0x00000000eab00000)
  object space 87552K, 4% used [0x00000000c0000000,0x00000000c03b93b8,0x00000000c5580000)
 Metaspace       used 5914K, capacity 6960K, committed 7040K, reserved 1056768K
  class space    used 584K, capacity 616K, committed 640K, reserved 1048576K
}
Event: 4.310 GC heap before
{Heap before GC invocations=2 (full 0):
 PSYoungGen      total 38400K, used 38394K [0x00000000eab00000, 0x00000000ed580000, 0x0000000100000000)
  eden space 33280K, 100% used [0x00000000eab00000,0x00000000ecb80000,0x00000000ecb80000)
  from space 5120K, 99% used [0x00000000ecb80000,0x00000000ed07ebe8,0x00000000ed080000)
  to   space 5120K, 0% used [0x00000000ed080000,0x00000000ed080000,0x00000000ed580000)
 ParOldGen       total 87552K, used 3814K [0x00000000c0000000, 0x00000000c5580000, 0x00000000eab00000)
  object space 87552K, 4% used [0x00000000c0000000,0x00000000c03b9b98,0x00000000c5580000)
 Metaspace       used 6014K, capacity 7088K, committed 7296K, reserved 1056768K
  class space    used 585K, capacity 616K, committed 640K, reserved 1048576K
Event: 4.329 GC heap after
Heap after GC invocations=2 (full 0):
 PSYoungGen      total 38400K, used 5088K [0x00000000eab00000, 0x00000000ef600000, 0x0000000100000000)
  eden space 33280K, 0% used [0x00000000eab00000,0x00000000eab00000,0x00000000ecb80000)
  from space 5120K, 99% used [0x00000000ed080000,0x00000000ed5782f0,0x00000000ed580000)
  to   space 5120K, 0% used [0x00000000ecb80000,0x00000000ecb80000,0x00000000ed080000)
 ParOldGen       total 87552K, used 8787K [0x00000000c0000000, 0x00000000c5580000, 0x00000000eab00000)
  object space 87552K, 10% used [0x00000000c0000000,0x00000000c0894da0,0x00000000c5580000)
 Metaspace       used 6014K, capacity 7088K, committed 7296K, reserved 1056768K
  class space    used 585K, capacity 616K, committed 640K, reserved 1048576K
}
Event: 5.408 GC heap before
{Heap before GC invocations=3 (full 0):
 PSYoungGen      total 38400K, used 38368K [0x00000000eab00000, 0x00000000ef600000, 0x0000000100000000)
  eden space 33280K, 100% used [0x00000000eab00000,0x00000000ecb80000,0x00000000ecb80000)
  from space 5120K, 99% used [0x00000000ed080000,0x00000000ed5782f0,0x00000000ed580000)
  to   space 5120K, 0% used [0x00000000ecb80000,0x00000000ecb80000,0x00000000ed080000)
 ParOldGen       total 87552K, used 8787K [0x00000000c0000000, 0x00000000c5580000, 0x00000000eab00000)
  object space 87552K, 10% used [0x00000000c0000000,0x00000000c0894da0,0x00000000c5580000)
 Metaspace       used 6146K, capacity 7090K, committed 7296K, reserved 1056768K
  class space    used 604K, capacity 618K, committed 640K, reserved 1048576K
Event: 5.482 GC heap after
Heap after GC invocations=3 (full 0):
 PSYoungGen      total 38400K, used 5091K [0x00000000eab00000, 0x00000000ef600000, 0x0000000100000000)
  eden space 33280K, 0% used [0x00000000eab00000,0x00000000eab00000,0x00000000ecb80000)
  from space 5120K, 99% used [0x00000000ecb80000,0x00000000ed078ea8,0x00000000ed080000)
  to   space 5120K, 0% used [0x00000000ef100000,0x00000000ef100000,0x00000000ef600000)
 ParOldGen       total 87552K, used 14605K [0x00000000c0000000, 0x00000000c5580000, 0x00000000eab00000)
  object space 87552K, 16% used [0x00000000c0000000,0x00000000c0e436f8,0x00000000c5580000)
 Metaspace       used 6146K, capacity 7090K, committed 7296K, reserved 1056768K
  class space    used 604K, capacity 618K, committed 640K, reserved 1048576K
}

Deoptimization events (10 events):
Event: 5.157 Thread 0x00000000172cf000 Uncommon trap: reason=unreached action=reinterpret pc=0x0000000003584d24 method=java.util.HashMap.getNode(ILjava/lang/Object;)Ljava/util/HashMap$Node; @ 84
Event: 5.157 Thread 0x00000000172cf000 Uncommon trap: reason=unreached action=reinterpret pc=0x0000000003581974 method=java.util.HashMap.getNode(ILjava/lang/Object;)Ljava/util/HashMap$Node; @ 84
Event: 5.244 Thread 0x0000000002e42800 Uncommon trap: reason=bimorphic action=maybe_recompile pc=0x00000000035d875c method=com.android.dx.cf.code.BytecodeArray.parseInstruction(ILcom/android/dx/cf/code/BytecodeArray$Visitor;)I @ 1357
Event: 5.494 Thread 0x00000000172c4800 Uncommon trap: reason=unreached action=reinterpret pc=0x00000000032b62e8 method=java.util.HashMap.putVal(ILjava/lang/Object;Ljava/lang/Object;ZZ)Ljava/lang/Object; @ 109
Event: 5.518 Thread 0x00000000172be800 Uncommon trap: reason=unreached action=reinterpret pc=0x00000000035696cc method=java.util.HashMap.putVal(ILjava/lang/Object;Ljava/lang/Object;ZZ)Ljava/lang/Object; @ 109
Event: 5.521 Thread 0x0000000002e42800 Uncommon trap: reason=bimorphic action=maybe_recompile pc=0x00000000035d875c method=com.android.dx.cf.code.BytecodeArray.parseInstruction(ILcom/android/dx/cf/code/BytecodeArray$Visitor;)I @ 1357
Event: 5.533 Thread 0x0000000002e42800 Uncommon trap: reason=bimorphic action=maybe_recompile pc=0x00000000035d875c method=com.android.dx.cf.code.BytecodeArray.parseInstruction(ILcom/android/dx/cf/code/BytecodeArray$Visitor;)I @ 1357
Event: 5.534 Thread 0x0000000002e42800 Uncommon trap: reason=bimorphic action=maybe_recompile pc=0x00000000035d875c method=com.android.dx.cf.code.BytecodeArray.parseInstruction(ILcom/android/dx/cf/code/BytecodeArray$Visitor;)I @ 1357
Event: 6.289 Thread 0x00000000172c4800 Uncommon trap: reason=unreached action=reinterpret pc=0x0000000003578604 method=com.android.dx.ssa.LocalVariableExtractor.processBlock(I)V @ 251
Event: 6.402 Thread 0x00000000172cf000 Uncommon trap: reason=unreached action=reinterpret pc=0x0000000003583160 method=java.util.HashMap.resize()[Ljava/util/HashMap$Node; @ 206

Internal exceptions (10 events):
Event: 3.006 Thread 0x0000000002e42800 Exception <a 'java/security/PrivilegedActionException'> (0x00000000ec0b35f0) thrown at [D:\re\workspace\8-2-build-windows-amd64-cygwin\jdk8u20\1074\hotspot\src\share\vm\prims\jvm.cpp, line 1275]
Event: 3.006 Thread 0x0000000002e42800 Exception <a 'java/security/PrivilegedActionException'> (0x00000000ec0b5f38) thrown at [D:\re\workspace\8-2-build-windows-amd64-cygwin\jdk8u20\1074\hotspot\src\share\vm\prims\jvm.cpp, line 1275]
Event: 3.043 Thread 0x0000000002e42800 Exception <a 'java/security/PrivilegedActionException'> (0x00000000ec1b2048) thrown at [D:\re\workspace\8-2-build-windows-amd64-cygwin\jdk8u20\1074\hotspot\src\share\vm\prims\jvm.cpp, line 1275]
Event: 3.080 Thread 0x00000000172c4800 Exception <a 'java/security/PrivilegedActionException'> (0x00000000ec4448d0) thrown at [D:\re\workspace\8-2-build-windows-amd64-cygwin\jdk8u20\1074\hotspot\src\share\vm\prims\jvm.cpp, line 1275]
Event: 3.081 Thread 0x00000000172c4800 Exception <a 'java/security/PrivilegedActionException'> (0x00000000ec44a320) thrown at [D:\re\workspace\8-2-build-windows-amd64-cygwin\jdk8u20\1074\hotspot\src\share\vm\prims\jvm.cpp, line 1275]
Event: 3.083 Thread 0x00000000172c4800 Exception <a 'java/security/PrivilegedActionException'> (0x00000000ec44fb20) thrown at [D:\re\workspace\8-2-build-windows-amd64-cygwin\jdk8u20\1074\hotspot\src\share\vm\prims\jvm.cpp, line 1275]
Event: 3.621 Thread 0x0000000002e42800 Exception <a 'java/security/PrivilegedActionException'> (0x00000000eb4dd6f8) thrown at [D:\re\workspace\8-2-build-windows-amd64-cygwin\jdk8u20\1074\hotspot\src\share\vm\prims\jvm.cpp, line 1275]
Event: 5.154 Thread 0x00000000172cf000 Exception <a 'java/lang/ArrayIndexOutOfBoundsException': 18> (0x00000000ebd7b3a8) thrown at [D:\re\workspace\8-2-build-windows-amd64-cygwin\jdk8u20\1074\hotspot\src\share\vm\interpreter\interpreterRuntime.cpp, line 366]
Event: 5.155 Thread 0x00000000172cf000 Exception <a 'java/lang/ArrayIndexOutOfBoundsException': 145> (0x00000000ebd7ce40) thrown at [D:\re\workspace\8-2-build-windows-amd64-cygwin\jdk8u20\1074\hotspot\src\share\vm\interpreter\interpreterRuntime.cpp, line 366]
Event: 5.156 Thread 0x00000000172cf000 Exception <a 'java/lang/ArrayIndexOutOfBoundsException'> (0x00000000ebd7e058) thrown at [D:\re\workspace\8-2-build-windows-amd64-cygwin\jdk8u20\1074\hotspot\src\share\vm\runtime\sharedRuntime.cpp, line 604]

Events (10 events):
Event: 6.285 Thread 0x00000000172c4800 DEOPT PACKING pc=0x00000000033173cf sp=0x000000001796ec80
Event: 6.285 Thread 0x00000000172c4800 DEOPT UNPACKING pc=0x0000000002f875bf sp=0x000000001796ea90 mode 0
Event: 6.289 Thread 0x00000000172c4800 Uncommon trap: trap_request=0xffffffad fr.pc=0x0000000003578604
Event: 6.289 Thread 0x00000000172c4800 DEOPT PACKING pc=0x0000000003578604 sp=0x000000001796ed30
Event: 6.289 Thread 0x00000000172c4800 DEOPT UNPACKING pc=0x0000000002f8556a sp=0x000000001796ecc0 mode 2
Event: 6.359 Thread 0x00000000172b6000 DEOPT PACKING pc=0x00000000033173cf sp=0x000000001756e570
Event: 6.359 Thread 0x00000000172b6000 DEOPT UNPACKING pc=0x0000000002f875bf sp=0x000000001756e380 mode 0
Event: 6.402 Thread 0x00000000172cf000 Uncommon trap: trap_request=0xffffffad fr.pc=0x0000000003583160
Event: 6.402 Thread 0x00000000172cf000 DEOPT PACKING pc=0x0000000003583160 sp=0x000000001786e800
Event: 6.402 Thread 0x00000000172cf000 DEOPT UNPACKING pc=0x0000000002f8556a sp=0x000000001786e768 mode 2


Dynamic libraries:
0x00007ff665b80000 - 0x00007ff665bb4000 	C:\Program Files\Java\jdk1.8.0_20\bin\java.exe
0x00007ffa817f0000 - 0x00007ffa819b1000 	C:\Windows\SYSTEM32\ntdll.dll
0x00007ffa7eec0000 - 0x00007ffa7ef6d000 	C:\Windows\system32\KERNEL32.DLL
0x00007ffa7ec80000 - 0x00007ffa7ee5d000 	C:\Windows\system32\KERNELBASE.dll
0x00007ffa81100000 - 0x00007ffa811a6000 	C:\Windows\system32\ADVAPI32.dll
0x00007ffa804d0000 - 0x00007ffa8056d000 	C:\Windows\system32\msvcrt.dll
0x00007ffa80570000 - 0x00007ffa805cb000 	C:\Windows\system32\sechost.dll
0x00007ffa80b60000 - 0x00007ffa80c86000 	C:\Windows\system32\RPCRT4.dll
0x00007ffa81420000 - 0x00007ffa8156e000 	C:\Windows\system32\USER32.dll
0x00007ffa80c90000 - 0x00007ffa80e16000 	C:\Windows\system32\GDI32.dll
0x00007ffa760c0000 - 0x00007ffa76334000 	C:\Windows\WinSxS\amd64_microsoft.windows.common-controls_6595b64144ccf1df_6.0.10240.16384_none_f41f7b285750ef43\COMCTL32.dll
0x00007ffa81060000 - 0x00007ffa81096000 	C:\Windows\system32\IMM32.DLL
0x00007ffa80810000 - 0x00007ffa8096c000 	C:\Windows\system32\MSCTF.dll
0x0000000065890000 - 0x0000000065962000 	C:\Program Files\Java\jdk1.8.0_20\jre\bin\msvcr100.dll
0x0000000065d10000 - 0x0000000066568000 	C:\Program Files\Java\jdk1.8.0_20\jre\bin\server\jvm.dll
0x00007ffa804c0000 - 0x00007ffa804c8000 	C:\Windows\system32\PSAPI.DLL
0x00007ffa7b6a0000 - 0x00007ffa7b6a9000 	C:\Windows\SYSTEM32\WSOCK32.dll
0x00007ffa80af0000 - 0x00007ffa80b59000 	C:\Windows\system32\WS2_32.dll
0x00007ffa80e20000 - 0x00007ffa80e28000 	C:\Windows\system32\NSI.dll
0x00007ffa78870000 - 0x00007ffa78893000 	C:\Windows\SYSTEM32\WINMM.dll
0x00007ffa78840000 - 0x00007ffa7886c000 	C:\Windows\SYSTEM32\WINMMBASE.dll
0x00007ffa7e9a0000 - 0x00007ffa7e9e4000 	C:\Windows\system32\cfgmgr32.dll
0x00007ffa7cb90000 - 0x00007ffa7cbb7000 	C:\Windows\SYSTEM32\DEVOBJ.dll
0x0000000065d00000 - 0x0000000065d0f000 	C:\Program Files\Java\jdk1.8.0_20\jre\bin\verify.dll
0x0000000065cd0000 - 0x0000000065cf8000 	C:\Program Files\Java\jdk1.8.0_20\jre\bin\java.dll
0x0000000065cb0000 - 0x0000000065cc6000 	C:\Program Files\Java\jdk1.8.0_20\jre\bin\zip.dll
0x00007ffa7ef90000 - 0x00007ffa804b5000 	C:\Windows\system32\SHELL32.dll
0x00007ffa7e2c0000 - 0x00007ffa7e8e9000 	C:\Windows\system32\windows.storage.dll
0x00007ffa81570000 - 0x00007ffa817ec000 	C:\Windows\system32\combase.dll
0x00007ffa810a0000 - 0x00007ffa810f1000 	C:\Windows\system32\shlwapi.dll
0x00007ffa7e270000 - 0x00007ffa7e27f000 	C:\Windows\system32\kernel.appcore.dll
0x00007ffa7e9f0000 - 0x00007ffa7eaa3000 	C:\Windows\system32\shcore.dll
0x00007ffa7e220000 - 0x00007ffa7e26a000 	C:\Windows\system32\powrprof.dll
0x00007ffa7e280000 - 0x00007ffa7e293000 	C:\Windows\system32\profapi.dll
0x00007ffa7b510000 - 0x00007ffa7b69a000 	C:\Windows\SYSTEM32\dbghelp.dll

VM Arguments:
jvm_args: -Xmx1024M -Dfile.encoding=windows-1252 -Duser.country=IN -Duser.language=en -Duser.variant 
java_command: com.android.dx.command.Main --dex --num-threads=4 --output C:\Users\AARTI\AndroidStudioProjects\AndNrbyRevamp\app\build\intermediates\pre-dexed\debug\classes-11635260581939399a7c47d52dd9d13061c3556f.jar C:\Users\AARTI\AndroidStudioProjects\AndNrbyRevamp\app\build\intermediates\exploded-aar\com.android.support\recyclerview-v7\23.1.1\jars\classes.jar
java_class_path (initial): C:\Users\AARTI\AppData\Local\Android\sdk\build-tools\23.0.1\lib\dx.jar
Launcher Type: SUN_STANDARD

Environment Variables:
PATH=C:\ProgramData\Oracle\Java\javapath;C:\Program Files (x86)\Intel\iCLS Client\;C:\Program Files\Intel\iCLS Client\;C:\Windows\system32;C:\Windows;C:\Windows\System32\Wbem;C:\Windows\System32\WindowsPowerShell\v1.0\;C:\Program Files (x86)\Intel\Intel(R) Management Engine Components\DAL;C:\Program Files\Intel\Intel(R) Management Engine Components\DAL;C:\Program Files (x86)\Intel\Intel(R) Management Engine Components\IPT;C:\Program Files\Intel\Intel(R) Management Engine Components\IPT;c:\Program Files (x86)\ATI Technologies\ATI.ACE\Core-Static;C:\ProgramData\Oracle\Java\javapath;C:\Program Files (x86)\Intel\iCLS Client\;C:\Program Files\Intel\iCLS Client\;C:\Windows\system32;C:\Windows;C:\Windows\System32\Wbem;C:\Windows\System32\WindowsPowerShell\v1.0\;C:\Program Files (x86)\Intel\Intel(R) Management Engine Components\DAL;C:\Program Files\Intel\Intel(R) Management Engine Components\DAL;C:\Program Files (x86)\Intel\Intel(R) Management Engine Components\IPT;C:\Program Files\Intel\Intel(R) Management Engine Components\IPT;c:\Program Files (x86)\ATI Technologies\ATI.ACE\Core-Static
USERNAME=AARTI
OS=Windows_NT
PROCESSOR_IDENTIFIER=Intel64 Family 6 Model 61 Stepping 4, GenuineIntel



---------------  S Y S T E M  ---------------

OS: Windows 8.1 , 64 bit Build 9600 

CPU:total 4 (2 cores per cpu, 2 threads per core) family 6 model 61 stepping 4, cmov, cx8, fxsr, mmx, sse, sse2, sse3, ssse3, sse4.1, sse4.2, popcnt, avx, avx2, aes, clmul, erms, lzcnt, ht, tsc, tscinvbit, bmi1, bmi2

Memory: 4k page, physical 8301964k(2912692k free), swap 33467788k(4096k free)

vm_info: Java HotSpot(TM) 64-Bit Server VM (25.20-b23) for windows-amd64 JRE (1.8.0_20-b26), built on Jul 30 2014 13:51:23 by "java_re" with MS VC++ 10.0 (VS2010)

time: Mon Dec 28 10:11:32 2015
elapsed time: 6 seconds (0d 0h 0m 6s)

